
startup.elf:     file format elf64-littleaarch64
architecture: aarch64, flags 0x00000012:
EXEC_P, HAS_SYMS
start address 0x0000000000080000

Sections:
Idx Name          Size      VMA               LMA               File off  Algn
  0 .text         0000134c  0000000000080000  0000000000080000  00001000  2**3
                  CONTENTS, ALLOC, LOAD, READONLY, CODE
  1 .rodata       0000069a  0000000000081350  0000000000081350  00002350  2**3
                  CONTENTS, ALLOC, LOAD, READONLY, DATA
  2 .got          00000030  0000000000082000  0000000000082000  00003000  2**3
                  CONTENTS, ALLOC, LOAD, DATA
  3 .got.plt      00000018  0000000000082030  0000000000082030  00003030  2**3
                  CONTENTS, ALLOC, LOAD, DATA
  4 .bss          00009fb0  0000000000082050  0000000000082050  00003048  2**12
                  ALLOC
  5 .startup_list_header 00000008  000000000008c000  000000000008c000  00003048  2**3
                  CONTENTS, ALLOC, LOAD, DATA

Disassembly of section .text:

0000000000080000 <_start>:
   80000:	d53800a1 	mrs	x1, mpidr_el1
   80004:	92400421 	and	x1, x1, #0x3
   80008:	b4000061 	cbz	x1, 80014 <_cinit>
   8000c:	d503205f 	wfe
   80010:	17ffffff 	b	8000c <_start+0xc>

0000000000080014 <_cinit>:
   80014:	58000161 	ldr	x1, 80040 <_jmp+0xc>
   80018:	9100003f 	mov	sp, x1

000000000008001c <_zbss>:
   8001c:	58000161 	ldr	x1, 80048 <_jmp+0x14>
   80020:	180000e2 	ldr	w2, 8003c <_jmp+0x8>
   80024:	34000082 	cbz	w2, 80034 <_jmp>
   80028:	f800843f 	str	xzr, [x1], #8
   8002c:	51000442 	sub	w2, w2, #0x1
   80030:	35ffffa2 	cbnz	w2, 80024 <_zbss+0x8>

0000000000080034 <_jmp>:
   80034:	94000007 	bl	80050 <_cpuinit>
   80038:	17fffff5 	b	8000c <_start+0xc>
   8003c:	000013f6 	.word	0x000013f6
   80040:	00080000 	.word	0x00080000
   80044:	00000000 	.word	0x00000000
   80048:	00082050 	.word	0x00082050
   8004c:	00000000 	.word	0x00000000

0000000000080050 <_cpuinit>:
   80050:	d5384240 	mrs	x0, currentel
   80054:	927e0401 	and	x1, x0, #0xc
   80058:	f100203f 	cmp	x1, #0x8
   8005c:	54000321 	b.ne	800c0 <_cpuinit+0x70>  // b.any
   80060:	d53ce100 	mrs	x0, cnthctl_el2
   80064:	b2400400 	orr	x0, x0, #0x3
   80068:	d51ce100 	msr	cnthctl_el2, x0
   8006c:	d51ce07f 	msr	cntvoff_el2, xzr
   80070:	d2a00600 	mov	x0, #0x300000              	// #3145728
   80074:	d5181040 	msr	cpacr_el1, x0
   80078:	d2867fe0 	mov	x0, #0x33ff                	// #13311
   8007c:	d51c1140 	msr	cptr_el2, x0
   80080:	d51c117f 	msr	hstr_el2, xzr
   80084:	d53c1100 	mrs	x0, hcr_el2
   80088:	b2610000 	orr	x0, x0, #0x80000000
   8008c:	d51c1100 	msr	hcr_el2, x0
   80090:	d2800001 	mov	x1, #0x0                   	// #0
   80094:	d28078a0 	mov	x0, #0x3c5                 	// #965
   80098:	d53c4001 	mrs	x1, spsr_el2
   8009c:	aa000021 	orr	x1, x1, x0
   800a0:	d51c4001 	msr	spsr_el2, x1
   800a4:	d0000000 	adrp	x0, 82000 <_GLOBAL_OFFSET_TABLE_>
   800a8:	f9400800 	ldr	x0, [x0, #16]
   800ac:	d51c4020 	msr	elr_el2, x0
   800b0:	d0000000 	adrp	x0, 82000 <_GLOBAL_OFFSET_TABLE_>
   800b4:	f9401000 	ldr	x0, [x0, #32]
   800b8:	d51c4100 	msr	sp_el1, x0
   800bc:	d69f03e0 	eret
   800c0:	d503205f 	wfe
   800c4:	d503205f 	wfe
   800c8:	17fffffe 	b	800c0 <_cpuinit+0x70>
   800cc:	00000000 	.inst	0x00000000 ; undefined

00000000000800d0 <startup_panic>:
   800d0:	d503205f 	wfe
   800d4:	17ffffff 	b	800d0 <startup_panic>

00000000000800d8 <startup_output_platform_sizes>:
   800d8:	a9be7bfd 	stp	x29, x30, [sp, #-32]!
   800dc:	910003fd 	mov	x29, sp
   800e0:	a90153f3 	stp	x19, x20, [sp, #16]
   800e4:	b0000013 	adrp	x19, 81000 <task_get_header+0x30>
   800e8:	910d4273 	add	x19, x19, #0x350
   800ec:	aa1303e0 	mov	x0, x19
   800f0:	940002aa 	bl	80b98 <uart_puts>
   800f4:	91004274 	add	x20, x19, #0x10
   800f8:	d2800080 	mov	x0, #0x4                   	// #4
   800fc:	94000307 	bl	80d18 <uart_u64hex_s>
   80100:	aa1403e0 	mov	x0, x20
   80104:	940002a5 	bl	80b98 <uart_puts>
   80108:	91006260 	add	x0, x19, #0x18
   8010c:	940002a3 	bl	80b98 <uart_puts>
   80110:	d2800100 	mov	x0, #0x8                   	// #8
   80114:	94000301 	bl	80d18 <uart_u64hex_s>
   80118:	aa1403e0 	mov	x0, x20
   8011c:	9400029f 	bl	80b98 <uart_puts>
   80120:	9100c260 	add	x0, x19, #0x30
   80124:	9400029d 	bl	80b98 <uart_puts>
   80128:	d2800100 	mov	x0, #0x8                   	// #8
   8012c:	940002fb 	bl	80d18 <uart_u64hex_s>
   80130:	aa1403e0 	mov	x0, x20
   80134:	94000299 	bl	80b98 <uart_puts>
   80138:	91012260 	add	x0, x19, #0x48
   8013c:	94000297 	bl	80b98 <uart_puts>
   80140:	d2800080 	mov	x0, #0x4                   	// #4
   80144:	940002f5 	bl	80d18 <uart_u64hex_s>
   80148:	aa1403e0 	mov	x0, x20
   8014c:	94000293 	bl	80b98 <uart_puts>
   80150:	91016260 	add	x0, x19, #0x58
   80154:	94000291 	bl	80b98 <uart_puts>
   80158:	d2800100 	mov	x0, #0x8                   	// #8
   8015c:	940002ef 	bl	80d18 <uart_u64hex_s>
   80160:	aa1403e0 	mov	x0, x20
   80164:	a94153f3 	ldp	x19, x20, [sp, #16]
   80168:	a8c27bfd 	ldp	x29, x30, [sp], #32
   8016c:	1400028b 	b	80b98 <uart_puts>

0000000000080170 <startup_test_floats>:
   80170:	a9be7bfd 	stp	x29, x30, [sp, #-32]!
   80174:	910003fd 	mov	x29, sp
   80178:	a90153f3 	stp	x19, x20, [sp, #16]
   8017c:	b0000013 	adrp	x19, 81000 <task_get_header+0x30>
   80180:	910d4273 	add	x19, x19, #0x350
   80184:	9101c260 	add	x0, x19, #0x70
   80188:	94000284 	bl	80b98 <uart_puts>
   8018c:	91004274 	add	x20, x19, #0x10
   80190:	d2827100 	mov	x0, #0x1388                	// #5000
   80194:	940002e1 	bl	80d18 <uart_u64hex_s>
   80198:	aa1403e0 	mov	x0, x20
   8019c:	9400027f 	bl	80b98 <uart_puts>
   801a0:	9101e260 	add	x0, x19, #0x78
   801a4:	9400027d 	bl	80b98 <uart_puts>
   801a8:	d2800000 	mov	x0, #0x0                   	// #0
   801ac:	940002db 	bl	80d18 <uart_u64hex_s>
   801b0:	aa1403e0 	mov	x0, x20
   801b4:	94000279 	bl	80b98 <uart_puts>
   801b8:	91020260 	add	x0, x19, #0x80
   801bc:	94000277 	bl	80b98 <uart_puts>
   801c0:	d28270e0 	mov	x0, #0x1387                	// #4999
   801c4:	940002d5 	bl	80d18 <uart_u64hex_s>
   801c8:	aa1403e0 	mov	x0, x20
   801cc:	a94153f3 	ldp	x19, x20, [sp, #16]
   801d0:	a8c27bfd 	ldp	x29, x30, [sp], #32
   801d4:	14000271 	b	80b98 <uart_puts>

00000000000801d8 <startup_load_task_list>:
   801d8:	a9bc7bfd 	stp	x29, x30, [sp, #-64]!
   801dc:	910003fd 	mov	x29, sp
   801e0:	a90153f3 	stp	x19, x20, [sp, #16]
   801e4:	aa0003f3 	mov	x19, x0
   801e8:	d28a8920 	mov	x0, #0x5449                	// #21577
   801ec:	a90363f7 	stp	x23, x24, [sp, #48]
   801f0:	aa0103f7 	mov	x23, x1
   801f4:	f2a9a8a0 	movk	x0, #0x4d45, lsl #16
   801f8:	f9400261 	ldr	x1, [x19]
   801fc:	eb00003f 	cmp	x1, x0
   80200:	54001001 	b.ne	80400 <startup_load_task_list+0x228>  // b.any
   80204:	f9400660 	ldr	x0, [x19, #8]
   80208:	b4001120 	cbz	x0, 8042c <startup_load_task_list+0x254>
   8020c:	a9025bf5 	stp	x21, x22, [sp, #32]
   80210:	b0000016 	adrp	x22, 81000 <task_get_header+0x30>
   80214:	910d42d4 	add	x20, x22, #0x350
   80218:	91038280 	add	x0, x20, #0xe0
   8021c:	9400025f 	bl	80b98 <uart_puts>
   80220:	aa1303e0 	mov	x0, x19
   80224:	940002bd 	bl	80d18 <uart_u64hex_s>
   80228:	91058280 	add	x0, x20, #0x160
   8022c:	9400025b 	bl	80b98 <uart_puts>
   80230:	9105a280 	add	x0, x20, #0x168
   80234:	94000259 	bl	80b98 <uart_puts>
   80238:	f9400660 	ldr	x0, [x19, #8]
   8023c:	91004298 	add	x24, x20, #0x10
   80240:	910006f5 	add	x21, x23, #0x1
   80244:	940002b5 	bl	80d18 <uart_u64hex_s>
   80248:	aa1803e0 	mov	x0, x24
   8024c:	94000253 	bl	80b98 <uart_puts>
   80250:	91066280 	add	x0, x20, #0x198
   80254:	94000251 	bl	80b98 <uart_puts>
   80258:	f9400a60 	ldr	x0, [x19, #16]
   8025c:	940002af 	bl	80d18 <uart_u64hex_s>
   80260:	aa1803e0 	mov	x0, x24
   80264:	9400024d 	bl	80b98 <uart_puts>
   80268:	91072280 	add	x0, x20, #0x1c8
   8026c:	9400024b 	bl	80b98 <uart_puts>
   80270:	f9400e60 	ldr	x0, [x19, #24]
   80274:	940002a9 	bl	80d18 <uart_u64hex_s>
   80278:	aa1803e0 	mov	x0, x24
   8027c:	94000247 	bl	80b98 <uart_puts>
   80280:	9107e280 	add	x0, x20, #0x1f8
   80284:	94000245 	bl	80b98 <uart_puts>
   80288:	f9401260 	ldr	x0, [x19, #32]
   8028c:	940002a3 	bl	80d18 <uart_u64hex_s>
   80290:	aa1803e0 	mov	x0, x24
   80294:	94000241 	bl	80b98 <uart_puts>
   80298:	9108a280 	add	x0, x20, #0x228
   8029c:	9400023f 	bl	80b98 <uart_puts>
   802a0:	f9401660 	ldr	x0, [x19, #40]
   802a4:	9400029d 	bl	80d18 <uart_u64hex_s>
   802a8:	aa1803e0 	mov	x0, x24
   802ac:	9400023b 	bl	80b98 <uart_puts>
   802b0:	91096280 	add	x0, x20, #0x258
   802b4:	94000239 	bl	80b98 <uart_puts>
   802b8:	f9400e60 	ldr	x0, [x19, #24]
   802bc:	8b000260 	add	x0, x19, x0
   802c0:	94000296 	bl	80d18 <uart_u64hex_s>
   802c4:	910a6280 	add	x0, x20, #0x298
   802c8:	94000234 	bl	80b98 <uart_puts>
   802cc:	f9400e60 	ldr	x0, [x19, #24]
   802d0:	aa1503e1 	mov	x1, x21
   802d4:	d36aa6b5 	lsl	x21, x21, #22
   802d8:	8b000260 	add	x0, x19, x0
   802dc:	97ffffbf 	bl	801d8 <startup_load_task_list>
   802e0:	910a8280 	add	x0, x20, #0x2a0
   802e4:	9400022d 	bl	80b98 <uart_puts>
   802e8:	aa1703e0 	mov	x0, x23
   802ec:	9400028b 	bl	80d18 <uart_u64hex_s>
   802f0:	910b6280 	add	x0, x20, #0x2d8
   802f4:	94000229 	bl	80b98 <uart_puts>
   802f8:	910ba280 	add	x0, x20, #0x2e8
   802fc:	94000227 	bl	80b98 <uart_puts>
   80300:	910ca280 	add	x0, x20, #0x328
   80304:	94000225 	bl	80b98 <uart_puts>
   80308:	aa1303e0 	mov	x0, x19
   8030c:	94000283 	bl	80d18 <uart_u64hex_s>
   80310:	910d4280 	add	x0, x20, #0x350
   80314:	d14802b5 	sub	x21, x21, #0x200, lsl #12
   80318:	94000220 	bl	80b98 <uart_puts>
   8031c:	aa1503e0 	mov	x0, x21
   80320:	9400027e 	bl	80d18 <uart_u64hex_s>
   80324:	910d6280 	add	x0, x20, #0x358
   80328:	9400021c 	bl	80b98 <uart_puts>
   8032c:	f9400660 	ldr	x0, [x19, #8]
   80330:	9400027a 	bl	80d18 <uart_u64hex_s>
   80334:	910d8280 	add	x0, x20, #0x360
   80338:	94000218 	bl	80b98 <uart_puts>
   8033c:	f9400661 	ldr	x1, [x19, #8]
   80340:	d2800000 	mov	x0, #0x0                   	// #0
   80344:	b40000e1 	cbz	x1, 80360 <startup_load_task_list+0x188>
   80348:	38606a61 	ldrb	w1, [x19, x0]
   8034c:	38206aa1 	strb	w1, [x21, x0]
   80350:	91000400 	add	x0, x0, #0x1
   80354:	f9400661 	ldr	x1, [x19, #8]
   80358:	eb01001f 	cmp	x0, x1
   8035c:	54ffff63 	b.cc	80348 <startup_load_task_list+0x170>  // b.lo, b.ul, b.last
   80360:	f9400a61 	ldr	x1, [x19, #16]
   80364:	910d42d4 	add	x20, x22, #0x350
   80368:	910dc280 	add	x0, x20, #0x370
   8036c:	8b0102b5 	add	x21, x21, x1
   80370:	8b010276 	add	x22, x19, x1
   80374:	94000209 	bl	80b98 <uart_puts>
   80378:	910ca280 	add	x0, x20, #0x328
   8037c:	94000207 	bl	80b98 <uart_puts>
   80380:	aa1603e0 	mov	x0, x22
   80384:	94000265 	bl	80d18 <uart_u64hex_s>
   80388:	910d4280 	add	x0, x20, #0x350
   8038c:	94000203 	bl	80b98 <uart_puts>
   80390:	aa1503e0 	mov	x0, x21
   80394:	94000261 	bl	80d18 <uart_u64hex_s>
   80398:	910d6280 	add	x0, x20, #0x358
   8039c:	940001ff 	bl	80b98 <uart_puts>
   803a0:	a9410660 	ldp	x0, x1, [x19, #16]
   803a4:	cb000020 	sub	x0, x1, x0
   803a8:	9400025c 	bl	80d18 <uart_u64hex_s>
   803ac:	910d8280 	add	x0, x20, #0x360
   803b0:	940001fa 	bl	80b98 <uart_puts>
   803b4:	a9410a61 	ldp	x1, x2, [x19, #16]
   803b8:	d2800000 	mov	x0, #0x0                   	// #0
   803bc:	eb01005f 	cmp	x2, x1
   803c0:	54000100 	b.eq	803e0 <startup_load_task_list+0x208>  // b.none
   803c4:	38606ac1 	ldrb	w1, [x22, x0]
   803c8:	38206aa1 	strb	w1, [x21, x0]
   803cc:	91000400 	add	x0, x0, #0x1
   803d0:	a9410662 	ldp	x2, x1, [x19, #16]
   803d4:	cb020021 	sub	x1, x1, x2
   803d8:	eb01001f 	cmp	x0, x1
   803dc:	54ffff43 	b.cc	803c4 <startup_load_task_list+0x1ec>  // b.lo, b.ul, b.last
   803e0:	aa1703e0 	mov	x0, x23
   803e4:	94000319 	bl	81048 <task_header_rebase>
   803e8:	aa1703e0 	mov	x0, x23
   803ec:	a94153f3 	ldp	x19, x20, [sp, #16]
   803f0:	a9425bf5 	ldp	x21, x22, [sp, #32]
   803f4:	a94363f7 	ldp	x23, x24, [sp, #48]
   803f8:	a8c47bfd 	ldp	x29, x30, [sp], #64
   803fc:	1400037d 	b	811f0 <task_bss_zero>
   80400:	b0000014 	adrp	x20, 81000 <task_get_header+0x30>
   80404:	910d4294 	add	x20, x20, #0x350
   80408:	91024280 	add	x0, x20, #0x90
   8040c:	940001e3 	bl	80b98 <uart_puts>
   80410:	aa1303e0 	mov	x0, x19
   80414:	94000241 	bl	80d18 <uart_u64hex_s>
   80418:	91034280 	add	x0, x20, #0xd0
   8041c:	940001df 	bl	80b98 <uart_puts>
   80420:	d503205f 	wfe
   80424:	d503205f 	wfe
   80428:	17fffffe 	b	80420 <startup_load_task_list+0x248>
   8042c:	b0000014 	adrp	x20, 81000 <task_get_header+0x30>
   80430:	910d4294 	add	x20, x20, #0x350
   80434:	91038280 	add	x0, x20, #0xe0
   80438:	940001d8 	bl	80b98 <uart_puts>
   8043c:	aa1303e0 	mov	x0, x19
   80440:	94000236 	bl	80d18 <uart_u64hex_s>
   80444:	91004280 	add	x0, x20, #0x10
   80448:	940001d4 	bl	80b98 <uart_puts>
   8044c:	91046280 	add	x0, x20, #0x118
   80450:	a94153f3 	ldp	x19, x20, [sp, #16]
   80454:	a94363f7 	ldp	x23, x24, [sp, #48]
   80458:	a8c47bfd 	ldp	x29, x30, [sp], #64
   8045c:	140001cf 	b	80b98 <uart_puts>

0000000000080460 <startup>:
   80460:	a9be7bfd 	stp	x29, x30, [sp, #-32]!
   80464:	910003fd 	mov	x29, sp
   80468:	9400016e 	bl	80a20 <uart_init>
   8046c:	3100041f 	cmn	w0, #0x1
   80470:	54000081 	b.ne	80480 <startup+0x20>  // b.any
   80474:	d503205f 	wfe
   80478:	d503205f 	wfe
   8047c:	17fffffe 	b	80474 <startup+0x14>
   80480:	a90153f3 	stp	x19, x20, [sp, #16]
   80484:	d0000014 	adrp	x20, 82000 <_GLOBAL_OFFSET_TABLE_>
   80488:	97ffff14 	bl	800d8 <startup_output_platform_sizes>
   8048c:	97ffff39 	bl	80170 <startup_test_floats>
   80490:	f9400e94 	ldr	x20, [x20, #24]
   80494:	d289e9a0 	mov	x0, #0x4f4d                	// #20301
   80498:	f2a429e0 	movk	x0, #0x214f, lsl #16
   8049c:	f9400281 	ldr	x1, [x20]
   804a0:	eb00003f 	cmp	x1, x0
   804a4:	54000100 	b.eq	804c4 <startup+0x64>  // b.none
   804a8:	b0000000 	adrp	x0, 81000 <task_get_header+0x30>
   804ac:	910d4000 	add	x0, x0, #0x350
   804b0:	910ec000 	add	x0, x0, #0x3b0
   804b4:	940001b9 	bl	80b98 <uart_puts>
   804b8:	d503205f 	wfe
   804bc:	d503205f 	wfe
   804c0:	17fffffe 	b	804b8 <startup+0x58>
   804c4:	b0000013 	adrp	x19, 81000 <task_get_header+0x30>
   804c8:	910d4273 	add	x19, x19, #0x350
   804cc:	910fc260 	add	x0, x19, #0x3f0
   804d0:	940001b2 	bl	80b98 <uart_puts>
   804d4:	aa1403e0 	mov	x0, x20
   804d8:	94000210 	bl	80d18 <uart_u64hex_s>
   804dc:	9110a260 	add	x0, x19, #0x428
   804e0:	940001ae 	bl	80b98 <uart_puts>
   804e4:	91002294 	add	x20, x20, #0x8
   804e8:	9110c260 	add	x0, x19, #0x430
   804ec:	940001ab 	bl	80b98 <uart_puts>
   804f0:	aa1403e0 	mov	x0, x20
   804f4:	94000209 	bl	80d18 <uart_u64hex_s>
   804f8:	910a6260 	add	x0, x19, #0x298
   804fc:	940001a7 	bl	80b98 <uart_puts>
   80500:	d2800001 	mov	x1, #0x0                   	// #0
   80504:	aa1403e0 	mov	x0, x20
   80508:	97ffff34 	bl	801d8 <startup_load_task_list>
   8050c:	d2800000 	mov	x0, #0x0                   	// #0
   80510:	940002b0 	bl	80fd0 <task_get_header>
   80514:	aa0003f4 	mov	x20, x0
   80518:	9111a260 	add	x0, x19, #0x468
   8051c:	9400019f 	bl	80b98 <uart_puts>
   80520:	aa1403e0 	mov	x0, x20
   80524:	940001fd 	bl	80d18 <uart_u64hex_s>
   80528:	91126260 	add	x0, x19, #0x498
   8052c:	9400019b 	bl	80b98 <uart_puts>
   80530:	f9401680 	ldr	x0, [x20, #40]
   80534:	940001f9 	bl	80d18 <uart_u64hex_s>
   80538:	91128260 	add	x0, x19, #0x4a0
   8053c:	94000197 	bl	80b98 <uart_puts>
   80540:	d503201f 	nop
   80544:	f9401680 	ldr	x0, [x20, #40]
   80548:	d63f0000 	blr	x0
   8054c:	d503201f 	nop
   80550:	d503205f 	wfe
   80554:	d503205f 	wfe
   80558:	17fffffe 	b	80550 <startup+0xf0>
   8055c:	00000000 	.inst	0x00000000 ; undefined

0000000000080560 <mmu_print_range>:
   80560:	a9bc7bfd 	stp	x29, x30, [sp, #-64]!
   80564:	910003fd 	mov	x29, sp
   80568:	a90153f3 	stp	x19, x20, [sp, #16]
   8056c:	aa0203f4 	mov	x20, x2
   80570:	b0000013 	adrp	x19, 81000 <task_get_header+0x30>
   80574:	911fe273 	add	x19, x19, #0x7f8
   80578:	a9025bf5 	stp	x21, x22, [sp, #32]
   8057c:	d1000456 	sub	x22, x2, #0x1
   80580:	aa0003f5 	mov	x21, x0
   80584:	f9001bf7 	str	x23, [sp, #48]
   80588:	aa0103f7 	mov	x23, x1
   8058c:	940001c3 	bl	80c98 <uart_u64hex>
   80590:	aa1303e0 	mov	x0, x19
   80594:	94000181 	bl	80b98 <uart_puts>
   80598:	aa1703e0 	mov	x0, x23
   8059c:	940001bf 	bl	80c98 <uart_u64hex>
   805a0:	91002260 	add	x0, x19, #0x8
   805a4:	9400017d 	bl	80b98 <uart_puts>
   805a8:	8b1502c0 	add	x0, x22, x21
   805ac:	9ad40800 	udiv	x0, x0, x20
   805b0:	940001ba 	bl	80c98 <uart_u64hex>
   805b4:	aa1303e0 	mov	x0, x19
   805b8:	94000178 	bl	80b98 <uart_puts>
   805bc:	8b1702c0 	add	x0, x22, x23
   805c0:	9ad40800 	udiv	x0, x0, x20
   805c4:	940001b5 	bl	80c98 <uart_u64hex>
   805c8:	91004260 	add	x0, x19, #0x10
   805cc:	a94153f3 	ldp	x19, x20, [sp, #16]
   805d0:	a9425bf5 	ldp	x21, x22, [sp, #32]
   805d4:	f9401bf7 	ldr	x23, [sp, #48]
   805d8:	a8c47bfd 	ldp	x29, x30, [sp], #64
   805dc:	1400016f 	b	80b98 <uart_puts>

00000000000805e0 <mmu_enable_level_3_table_rw_blks>:
   805e0:	8b020022 	add	x2, x1, x2
   805e4:	eb02003f 	cmp	x1, x2
   805e8:	540001c2 	b.cs	80620 <mmu_enable_level_3_table_rw_blks+0x40>  // b.hs, b.nlast
   805ec:	d0000004 	adrp	x4, 82000 <_GLOBAL_OFFSET_TABLE_>
   805f0:	8b002423 	add	x3, x1, x0, lsl #9
   805f4:	d280e0e5 	mov	x5, #0x707                 	// #1799
   805f8:	f9401484 	ldr	x4, [x4, #40]
   805fc:	f2e00405 	movk	x5, #0x20, lsl #48
   80600:	8b0130a0 	add	x0, x5, x1, lsl #12
   80604:	8b0230a2 	add	x2, x5, x2, lsl #12
   80608:	8b030c81 	add	x1, x4, x3, lsl #3
   8060c:	d503201f 	nop
   80610:	f8008420 	str	x0, [x1], #8
   80614:	91400400 	add	x0, x0, #0x1, lsl #12
   80618:	eb02001f 	cmp	x0, x2
   8061c:	54ffffa1 	b.ne	80610 <mmu_enable_level_3_table_rw_blks+0x30>  // b.any
   80620:	d65f03c0 	ret
   80624:	d503201f 	nop

0000000000080628 <mmu_enable_level_3_table_rox_blks>:
   80628:	8b020022 	add	x2, x1, x2
   8062c:	eb02003f 	cmp	x1, x2
   80630:	540001c2 	b.cs	80668 <mmu_enable_level_3_table_rox_blks+0x40>  // b.hs, b.nlast
   80634:	d0000004 	adrp	x4, 82000 <_GLOBAL_OFFSET_TABLE_>
   80638:	8b002423 	add	x3, x1, x0, lsl #9
   8063c:	d374cc20 	lsl	x0, x1, #12
   80640:	d374cc42 	lsl	x2, x2, #12
   80644:	f9401481 	ldr	x1, [x4, #40]
   80648:	911e1c00 	add	x0, x0, #0x787
   8064c:	911e1c42 	add	x2, x2, #0x787
   80650:	8b030c21 	add	x1, x1, x3, lsl #3
   80654:	d503201f 	nop
   80658:	f8008420 	str	x0, [x1], #8
   8065c:	91400400 	add	x0, x0, #0x1, lsl #12
   80660:	eb02001f 	cmp	x0, x2
   80664:	54ffffa1 	b.ne	80658 <mmu_enable_level_3_table_rox_blks+0x30>  // b.any
   80668:	d65f03c0 	ret
   8066c:	d503201f 	nop

0000000000080670 <mmu_enable_level_3_table>:
   80670:	a9ba7bfd 	stp	x29, x30, [sp, #-96]!
   80674:	910003fd 	mov	x29, sp
   80678:	a9046bf9 	stp	x25, x26, [sp, #64]
   8067c:	913ffc39 	add	x25, x1, #0xfff
   80680:	913ffc5a 	add	x26, x2, #0xfff
   80684:	a9025bf5 	stp	x21, x22, [sp, #32]
   80688:	aa0003f5 	mov	x21, x0
   8068c:	aa0103f6 	mov	x22, x1
   80690:	a90363f7 	stp	x23, x24, [sp, #48]
   80694:	b0000018 	adrp	x24, 81000 <task_get_header+0x30>
   80698:	aa0203f7 	mov	x23, x2
   8069c:	f9002bfb 	str	x27, [sp, #80]
   806a0:	911fe31b 	add	x27, x24, #0x7f8
   806a4:	91006360 	add	x0, x27, #0x18
   806a8:	a90153f3 	stp	x19, x20, [sp, #16]
   806ac:	d34cff34 	lsr	x20, x25, #12
   806b0:	9400013a 	bl	80b98 <uart_puts>
   806b4:	8b5a3293 	add	x19, x20, x26, lsr #12
   806b8:	f13fff3f 	cmp	x25, #0xfff
   806bc:	d36aa6b9 	lsl	x25, x21, #22
   806c0:	540008a8 	b.hi	807d4 <mmu_enable_level_3_table+0x164>  // b.pmore
   806c4:	f13fff5f 	cmp	x26, #0xfff
   806c8:	54000568 	b.hi	80774 <mmu_enable_level_3_table+0x104>  // b.pmore
   806cc:	f108027f 	cmp	x19, #0x200
   806d0:	54000101 	b.ne	806f0 <mmu_enable_level_3_table+0x80>  // b.any
   806d4:	a94153f3 	ldp	x19, x20, [sp, #16]
   806d8:	a9425bf5 	ldp	x21, x22, [sp, #32]
   806dc:	a94363f7 	ldp	x23, x24, [sp, #48]
   806e0:	a9446bf9 	ldp	x25, x26, [sp, #64]
   806e4:	f9402bfb 	ldr	x27, [sp, #80]
   806e8:	a8c67bfd 	ldp	x29, x30, [sp], #96
   806ec:	d65f03c0 	ret
   806f0:	911fe318 	add	x24, x24, #0x7f8
   806f4:	91014300 	add	x0, x24, #0x50
   806f8:	94000128 	bl	80b98 <uart_puts>
   806fc:	91480321 	add	x1, x25, #0x200, lsl #12
   80700:	d2820002 	mov	x2, #0x1000                	// #4096
   80704:	8b1702c0 	add	x0, x22, x23
   80708:	8b190000 	add	x0, x0, x25
   8070c:	97ffff95 	bl	80560 <mmu_print_range>
   80710:	91016300 	add	x0, x24, #0x58
   80714:	94000121 	bl	80b98 <uart_puts>
   80718:	f107fe7f 	cmp	x19, #0x1ff
   8071c:	54fffdc8 	b.hi	806d4 <mmu_enable_level_3_table+0x64>  // b.pmore
   80720:	d0000001 	adrp	x1, 82000 <_GLOBAL_OFFSET_TABLE_>
   80724:	8b152675 	add	x21, x19, x21, lsl #9
   80728:	d280e0e0 	mov	x0, #0x707                 	// #1799
   8072c:	b20b03e2 	mov	x2, #0x20000000200000      	// #9007199256838144
   80730:	f9401421 	ldr	x1, [x1, #40]
   80734:	f2e00400 	movk	x0, #0x20, lsl #48
   80738:	8b133000 	add	x0, x0, x19, lsl #12
   8073c:	f280e0e2 	movk	x2, #0x707
   80740:	8b150c21 	add	x1, x1, x21, lsl #3
   80744:	d503201f 	nop
   80748:	f8008420 	str	x0, [x1], #8
   8074c:	91400400 	add	x0, x0, #0x1, lsl #12
   80750:	eb02001f 	cmp	x0, x2
   80754:	54ffffa1 	b.ne	80748 <mmu_enable_level_3_table+0xd8>  // b.any
   80758:	a94153f3 	ldp	x19, x20, [sp, #16]
   8075c:	a9425bf5 	ldp	x21, x22, [sp, #32]
   80760:	a94363f7 	ldp	x23, x24, [sp, #48]
   80764:	a9446bf9 	ldp	x25, x26, [sp, #64]
   80768:	f9402bfb 	ldr	x27, [sp, #80]
   8076c:	a8c67bfd 	ldp	x29, x30, [sp], #96
   80770:	d65f03c0 	ret
   80774:	911fe31a 	add	x26, x24, #0x7f8
   80778:	91018340 	add	x0, x26, #0x60
   8077c:	94000107 	bl	80b98 <uart_puts>
   80780:	8b160320 	add	x0, x25, x22
   80784:	d2820002 	mov	x2, #0x1000                	// #4096
   80788:	8b170001 	add	x1, x0, x23
   8078c:	97ffff75 	bl	80560 <mmu_print_range>
   80790:	91016340 	add	x0, x26, #0x58
   80794:	94000101 	bl	80b98 <uart_puts>
   80798:	eb14027f 	cmp	x19, x20
   8079c:	54fff989 	b.ls	806cc <mmu_enable_level_3_table+0x5c>  // b.plast
   807a0:	d0000002 	adrp	x2, 82000 <_GLOBAL_OFFSET_TABLE_>
   807a4:	8b152680 	add	x0, x20, x21, lsl #9
   807a8:	d374ce83 	lsl	x3, x20, #12
   807ac:	d374ce61 	lsl	x1, x19, #12
   807b0:	f9401442 	ldr	x2, [x2, #40]
   807b4:	911e1c63 	add	x3, x3, #0x787
   807b8:	911e1c21 	add	x1, x1, #0x787
   807bc:	8b000c40 	add	x0, x2, x0, lsl #3
   807c0:	f8008403 	str	x3, [x0], #8
   807c4:	91400463 	add	x3, x3, #0x1, lsl #12
   807c8:	eb01007f 	cmp	x3, x1
   807cc:	54ffffa1 	b.ne	807c0 <mmu_enable_level_3_table+0x150>  // b.any
   807d0:	17ffffbf 	b	806cc <mmu_enable_level_3_table+0x5c>
   807d4:	91014360 	add	x0, x27, #0x50
   807d8:	940000f0 	bl	80b98 <uart_puts>
   807dc:	8b160321 	add	x1, x25, x22
   807e0:	d2820002 	mov	x2, #0x1000                	// #4096
   807e4:	aa1903e0 	mov	x0, x25
   807e8:	97ffff5e 	bl	80560 <mmu_print_range>
   807ec:	91016360 	add	x0, x27, #0x58
   807f0:	940000ea 	bl	80b98 <uart_puts>
   807f4:	b4fff694 	cbz	x20, 806c4 <mmu_enable_level_3_table+0x54>
   807f8:	d0000001 	adrp	x1, 82000 <_GLOBAL_OFFSET_TABLE_>
   807fc:	d280e0e0 	mov	x0, #0x707                 	// #1799
   80800:	f2e00400 	movk	x0, #0x20, lsl #48
   80804:	f9401421 	ldr	x1, [x1, #40]
   80808:	8b143002 	add	x2, x0, x20, lsl #12
   8080c:	8b153021 	add	x1, x1, x21, lsl #12
   80810:	f8008420 	str	x0, [x1], #8
   80814:	91400400 	add	x0, x0, #0x1, lsl #12
   80818:	eb02001f 	cmp	x0, x2
   8081c:	54ffffa1 	b.ne	80810 <mmu_enable_level_3_table+0x1a0>  // b.any
   80820:	17ffffa9 	b	806c4 <mmu_enable_level_3_table+0x54>
   80824:	d503201f 	nop

0000000000080828 <mmu_enable_level_2_table>:
   80828:	a9bb7bfd 	stp	x29, x30, [sp, #-80]!
   8082c:	910003fd 	mov	x29, sp
   80830:	a90153f3 	stp	x19, x20, [sp, #16]
   80834:	aa0003f3 	mov	x19, x0
   80838:	b0000014 	adrp	x20, 81000 <task_get_header+0x30>
   8083c:	911fe294 	add	x20, x20, #0x7f8
   80840:	a9025bf5 	stp	x21, x22, [sp, #32]
   80844:	9101a280 	add	x0, x20, #0x68
   80848:	a90363f7 	stp	x23, x24, [sp, #48]
   8084c:	aa0103f8 	mov	x24, x1
   80850:	d280e0b7 	mov	x23, #0x705                 	// #1797
   80854:	f90023f9 	str	x25, [sp, #64]
   80858:	940000d0 	bl	80b98 <uart_puts>
   8085c:	d36aa679 	lsl	x25, x19, #22
   80860:	91014280 	add	x0, x20, #0x50
   80864:	940000cd 	bl	80b98 <uart_puts>
   80868:	f2e00417 	movk	x23, #0x20, lsl #48
   8086c:	91480321 	add	x1, x25, #0x200, lsl #12
   80870:	d2a00402 	mov	x2, #0x200000              	// #2097152
   80874:	aa1903e0 	mov	x0, x25
   80878:	97ffff3a 	bl	80560 <mmu_print_range>
   8087c:	91016280 	add	x0, x20, #0x58
   80880:	cb1902f7 	sub	x23, x23, x25
   80884:	940000c5 	bl	80b98 <uart_puts>
   80888:	91024296 	add	x22, x20, #0x90
   8088c:	d0000002 	adrp	x2, 82000 <_GLOBAL_OFFSET_TABLE_>
   80890:	d0000001 	adrp	x1, 82000 <_GLOBAL_OFFSET_TABLE_>
   80894:	d369a260 	lsl	x0, x19, #23
   80898:	d2800015 	mov	x21, #0x0                   	// #0
   8089c:	f9401442 	ldr	x2, [x2, #40]
   808a0:	91480019 	add	x25, x0, #0x200, lsl #12
   808a4:	f9400421 	ldr	x1, [x1, #8]
   808a8:	eb15031f 	cmp	x24, x21
   808ac:	8b133042 	add	x2, x2, x19, lsl #12
   808b0:	91000c54 	add	x20, x2, #0x3
   808b4:	8b131033 	add	x19, x1, x19, lsl #4
   808b8:	8b0002e1 	add	x1, x23, x0
   808bc:	54000200 	b.eq	808fc <mmu_enable_level_2_table+0xd4>  // b.none
   808c0:	f9000261 	str	x1, [x19]
   808c4:	aa1903e0 	mov	x0, x25
   808c8:	91002273 	add	x19, x19, #0x8
   808cc:	b40000f5 	cbz	x21, 808e8 <mmu_enable_level_2_table+0xc0>
   808d0:	a94153f3 	ldp	x19, x20, [sp, #16]
   808d4:	a9425bf5 	ldp	x21, x22, [sp, #32]
   808d8:	a94363f7 	ldp	x23, x24, [sp, #48]
   808dc:	f94023f9 	ldr	x25, [sp, #64]
   808e0:	a8c57bfd 	ldp	x29, x30, [sp], #80
   808e4:	d65f03c0 	ret
   808e8:	d2800035 	mov	x21, #0x1                   	// #1
   808ec:	91480019 	add	x25, x0, #0x200, lsl #12
   808f0:	8b0002e1 	add	x1, x23, x0
   808f4:	eb15031f 	cmp	x24, x21
   808f8:	54fffe41 	b.ne	808c0 <mmu_enable_level_2_table+0x98>  // b.any
   808fc:	aa1903e1 	mov	x1, x25
   80900:	d2a00402 	mov	x2, #0x200000              	// #2097152
   80904:	97ffff17 	bl	80560 <mmu_print_range>
   80908:	aa1603e0 	mov	x0, x22
   8090c:	940000a3 	bl	80b98 <uart_puts>
   80910:	f9000274 	str	x20, [x19]
   80914:	17ffffec 	b	808c4 <mmu_enable_level_2_table+0x9c>

0000000000080918 <mmu_enable>:
   80918:	a9bd7bfd 	stp	x29, x30, [sp, #-48]!
   8091c:	910003fd 	mov	x29, sp
   80920:	a90153f3 	stp	x19, x20, [sp, #16]
   80924:	f90013f5 	str	x21, [sp, #32]
   80928:	aa0103f5 	mov	x21, x1
   8092c:	d29fe081 	mov	x1, #0xff04                	// #65284
   80930:	d518a201 	msr	mair_el1, x1
   80934:	b40001b5 	cbz	x21, 80968 <mmu_enable+0x50>
   80938:	aa0003f4 	mov	x20, x0
   8093c:	d2800013 	mov	x19, #0x0                   	// #0
   80940:	aa1303e0 	mov	x0, x19
   80944:	d2800021 	mov	x1, #0x1                   	// #1
   80948:	97ffffb8 	bl	80828 <mmu_enable_level_2_table>
   8094c:	f9400682 	ldr	x2, [x20, #8]
   80950:	aa1303e0 	mov	x0, x19
   80954:	f8410681 	ldr	x1, [x20], #16
   80958:	91000673 	add	x19, x19, #0x1
   8095c:	97ffff45 	bl	80670 <mmu_enable_level_3_table>
   80960:	eb1302bf 	cmp	x21, x19
   80964:	54fffee1 	b.ne	80940 <mmu_enable+0x28>  // b.any
   80968:	b0000013 	adrp	x19, 81000 <task_get_header+0x30>
   8096c:	911fe273 	add	x19, x19, #0x7f8
   80970:	9102a260 	add	x0, x19, #0xa8
   80974:	94000089 	bl	80b98 <uart_puts>
   80978:	d2a00402 	mov	x2, #0x200000              	// #2097152
   8097c:	d2a80001 	mov	x1, #0x40000000            	// #1073741824
   80980:	d2a7e000 	mov	x0, #0x3f000000            	// #1056964608
   80984:	97fffef7 	bl	80560 <mmu_print_range>
   80988:	91016260 	add	x0, x19, #0x58
   8098c:	94000083 	bl	80b98 <uart_puts>
   80990:	d0000000 	adrp	x0, 82000 <_GLOBAL_OFFSET_TABLE_>
   80994:	d280c028 	mov	x8, #0x601                 	// #1537
   80998:	d280c027 	mov	x7, #0x601                 	// #1537
   8099c:	d280c026 	mov	x6, #0x601                 	// #1537
   809a0:	f9400400 	ldr	x0, [x0, #8]
   809a4:	d280c025 	mov	x5, #0x601                 	// #1537
   809a8:	d280c024 	mov	x4, #0x601                 	// #1537
   809ac:	d280c023 	mov	x3, #0x601                 	// #1537
   809b0:	913f0009 	add	x9, x0, #0xfc0
   809b4:	913f800a 	add	x10, x0, #0xfe0
   809b8:	d280c022 	mov	x2, #0x601                 	// #1537
   809bc:	d280c021 	mov	x1, #0x601                 	// #1537
   809c0:	f2a7e008 	movk	x8, #0x3f00, lsl #16
   809c4:	f2a7e407 	movk	x7, #0x3f20, lsl #16
   809c8:	f2a7e806 	movk	x6, #0x3f40, lsl #16
   809cc:	f2a7ec05 	movk	x5, #0x3f60, lsl #16
   809d0:	f2a7f004 	movk	x4, #0x3f80, lsl #16
   809d4:	f2a7f403 	movk	x3, #0x3fa0, lsl #16
   809d8:	f2a7f802 	movk	x2, #0x3fc0, lsl #16
   809dc:	f2a7fc01 	movk	x1, #0x3fe0, lsl #16
   809e0:	f2e00408 	movk	x8, #0x20, lsl #48
   809e4:	f2e00407 	movk	x7, #0x20, lsl #48
   809e8:	f2e00406 	movk	x6, #0x20, lsl #48
   809ec:	f2e00405 	movk	x5, #0x20, lsl #48
   809f0:	f2e00404 	movk	x4, #0x20, lsl #48
   809f4:	f2e00403 	movk	x3, #0x20, lsl #48
   809f8:	f2e00402 	movk	x2, #0x20, lsl #48
   809fc:	f2e00401 	movk	x1, #0x20, lsl #48
   80a00:	a94153f3 	ldp	x19, x20, [sp, #16]
   80a04:	f94013f5 	ldr	x21, [sp, #32]
   80a08:	a9001d28 	stp	x8, x7, [x9]
   80a0c:	a9000d44 	stp	x4, x3, [x10]
   80a10:	a9011526 	stp	x6, x5, [x9, #16]
   80a14:	a9010542 	stp	x2, x1, [x10, #16]
   80a18:	a8c37bfd 	ldp	x29, x30, [sp], #48
   80a1c:	d65f03c0 	ret

0000000000080a20 <uart_init>:
   80a20:	a9b67bfd 	stp	x29, x30, [sp, #-160]!
   80a24:	d2900042 	mov	x2, #0x8002                	// #32770
   80a28:	f2a00062 	movk	x2, #0x3, lsl #16
   80a2c:	910003fd 	mov	x29, sp
   80a30:	d2800101 	mov	x1, #0x8                   	// #8
   80a34:	d2812000 	mov	x0, #0x900                 	// #2304
   80a38:	d2800483 	mov	x3, #0x24                  	// #36
   80a3c:	f2c00182 	movk	x2, #0xc, lsl #32
   80a40:	f2c00041 	movk	x1, #0x2, lsl #32
   80a44:	f2a007a0 	movk	x0, #0x3d, lsl #16
   80a48:	a9010be3 	stp	x3, x2, [sp, #16]
   80a4c:	a90203e1 	stp	x1, x0, [sp, #32]
   80a50:	b90033ff 	str	wzr, [sp, #48]
   80a54:	d5033fbf 	dmb	sy
   80a58:	d2800101 	mov	x1, #0x8                   	// #8
   80a5c:	910043e0 	add	x0, sp, #0x10
   80a60:	9400012c 	bl	80f10 <mbox_call>
   80a64:	3100041f 	cmn	w0, #0x1
   80a68:	54000780 	b.eq	80b58 <uart_init+0x138>  // b.none
   80a6c:	d2800081 	mov	x1, #0x4                   	// #4
   80a70:	d2801283 	mov	x3, #0x94                  	// #148
   80a74:	f2a7e401 	movk	x1, #0x3f20, lsl #16
   80a78:	f2a7e403 	movk	x3, #0x3f20, lsl #16
   80a7c:	528012c0 	mov	w0, #0x96                  	// #150
   80a80:	b9400022 	ldr	w2, [x1]
   80a84:	12117042 	and	w2, w2, #0xffff8fff
   80a88:	b9000022 	str	w2, [x1]
   80a8c:	b9400022 	ldr	w2, [x1]
   80a90:	120e7042 	and	w2, w2, #0xfffc7fff
   80a94:	b9000022 	str	w2, [x1]
   80a98:	b9400022 	ldr	w2, [x1]
   80a9c:	32120042 	orr	w2, w2, #0x4000
   80aa0:	b9000022 	str	w2, [x1]
   80aa4:	b9400022 	ldr	w2, [x1]
   80aa8:	320f0042 	orr	w2, w2, #0x20000
   80aac:	b9000022 	str	w2, [x1]
   80ab0:	b9400061 	ldr	w1, [x3]
   80ab4:	121e7421 	and	w1, w1, #0xfffffffc
   80ab8:	b9000061 	str	w1, [x3]
   80abc:	d503201f 	nop
   80ac0:	d503201f 	nop
   80ac4:	71000400 	subs	w0, w0, #0x1
   80ac8:	54ffffc1 	b.ne	80ac0 <uart_init+0xa0>  // b.any
   80acc:	d2801302 	mov	x2, #0x98                  	// #152
   80ad0:	528012c0 	mov	w0, #0x96                  	// #150
   80ad4:	f2a7e402 	movk	x2, #0x3f20, lsl #16
   80ad8:	b9400041 	ldr	w1, [x2]
   80adc:	32120421 	orr	w1, w1, #0xc000
   80ae0:	b9000041 	str	w1, [x2]
   80ae4:	d503201f 	nop
   80ae8:	d503201f 	nop
   80aec:	71000400 	subs	w0, w0, #0x1
   80af0:	54ffffc1 	b.ne	80ae8 <uart_init+0xc8>  // b.any
   80af4:	d2801300 	mov	x0, #0x98                  	// #152
   80af8:	d2820001 	mov	x1, #0x1000                	// #4096
   80afc:	f2a7e400 	movk	x0, #0x3f20, lsl #16
   80b00:	f2a7e401 	movk	x1, #0x3f20, lsl #16
   80b04:	52800164 	mov	w4, #0xb                   	// #11
   80b08:	52806023 	mov	w3, #0x301                 	// #769
   80b0c:	b900001f 	str	wzr, [x0]
   80b10:	52800000 	mov	w0, #0x0                   	// #0
   80b14:	b9404422 	ldr	w2, [x1, #68]
   80b18:	12155042 	and	w2, w2, #0xfffff800
   80b1c:	b9004422 	str	w2, [x1, #68]
   80b20:	b9402422 	ldr	w2, [x1, #36]
   80b24:	12103c42 	and	w2, w2, #0xffff0000
   80b28:	321f0042 	orr	w2, w2, #0x2
   80b2c:	b9002422 	str	w2, [x1, #36]
   80b30:	b9402822 	ldr	w2, [x1, #40]
   80b34:	121b6842 	and	w2, w2, #0xffffffe0
   80b38:	2a040042 	orr	w2, w2, w4
   80b3c:	b9002822 	str	w2, [x1, #40]
   80b40:	b9402c22 	ldr	w2, [x1, #44]
   80b44:	321b0442 	orr	w2, w2, #0x60
   80b48:	b9002c22 	str	w2, [x1, #44]
   80b4c:	b9403022 	ldr	w2, [x1, #48]
   80b50:	2a030042 	orr	w2, w2, w3
   80b54:	b9003022 	str	w2, [x1, #48]
   80b58:	a8ca7bfd 	ldp	x29, x30, [sp], #160
   80b5c:	d65f03c0 	ret

0000000000080b60 <uart_send>:
   80b60:	d2820002 	mov	x2, #0x1000                	// #4096
   80b64:	12001c00 	and	w0, w0, #0xff
   80b68:	f2a7e402 	movk	x2, #0x3f20, lsl #16
   80b6c:	b9401841 	ldr	w1, [x2, #24]
   80b70:	362800a1 	tbz	w1, #5, 80b84 <uart_send+0x24>
   80b74:	d503201f 	nop
   80b78:	d503201f 	nop
   80b7c:	b9401841 	ldr	w1, [x2, #24]
   80b80:	372fffc1 	tbnz	w1, #5, 80b78 <uart_send+0x18>
   80b84:	d2820001 	mov	x1, #0x1000                	// #4096
   80b88:	f2a7e401 	movk	x1, #0x3f20, lsl #16
   80b8c:	b9000020 	str	w0, [x1]
   80b90:	d65f03c0 	ret
   80b94:	d503201f 	nop

0000000000080b98 <uart_puts>:
   80b98:	39400001 	ldrb	w1, [x0]
   80b9c:	34000221 	cbz	w1, 80be0 <uart_puts+0x48>
   80ba0:	d2820002 	mov	x2, #0x1000                	// #4096
   80ba4:	528001a4 	mov	w4, #0xd                   	// #13
   80ba8:	f2a7e402 	movk	x2, #0x3f20, lsl #16
   80bac:	d503201f 	nop
   80bb0:	7100283f 	cmp	w1, #0xa
   80bb4:	540001a0 	b.eq	80be8 <uart_puts+0x50>  // b.none
   80bb8:	b9401841 	ldr	w1, [x2, #24]
   80bbc:	39400003 	ldrb	w3, [x0]
   80bc0:	362800a1 	tbz	w1, #5, 80bd4 <uart_puts+0x3c>
   80bc4:	d503201f 	nop
   80bc8:	d503201f 	nop
   80bcc:	b9401841 	ldr	w1, [x2, #24]
   80bd0:	372fffc1 	tbnz	w1, #5, 80bc8 <uart_puts+0x30>
   80bd4:	b9000043 	str	w3, [x2]
   80bd8:	38401c01 	ldrb	w1, [x0, #1]!
   80bdc:	35fffea1 	cbnz	w1, 80bb0 <uart_puts+0x18>
   80be0:	d65f03c0 	ret
   80be4:	d503201f 	nop
   80be8:	b9401841 	ldr	w1, [x2, #24]
   80bec:	372fffc1 	tbnz	w1, #5, 80be4 <uart_puts+0x4c>
   80bf0:	b9000044 	str	w4, [x2]
   80bf4:	17fffff1 	b	80bb8 <uart_puts+0x20>

0000000000080bf8 <uart_nputs>:
   80bf8:	34000281 	cbz	w1, 80c48 <uart_nputs+0x50>
   80bfc:	51000424 	sub	w4, w1, #0x1
   80c00:	d2820002 	mov	x2, #0x1000                	// #4096
   80c04:	91000484 	add	x4, x4, #0x1
   80c08:	f2a7e402 	movk	x2, #0x3f20, lsl #16
   80c0c:	8b040004 	add	x4, x0, x4
   80c10:	528001a5 	mov	w5, #0xd                   	// #13
   80c14:	d503201f 	nop
   80c18:	39400003 	ldrb	w3, [x0]
   80c1c:	34000163 	cbz	w3, 80c48 <uart_nputs+0x50>
   80c20:	7100287f 	cmp	w3, #0xa
   80c24:	54000061 	b.ne	80c30 <uart_nputs+0x38>  // b.any
   80c28:	1400000a 	b	80c50 <uart_nputs+0x58>
   80c2c:	d503201f 	nop
   80c30:	b9401841 	ldr	w1, [x2, #24]
   80c34:	372fffc1 	tbnz	w1, #5, 80c2c <uart_nputs+0x34>
   80c38:	b9000043 	str	w3, [x2]
   80c3c:	91000400 	add	x0, x0, #0x1
   80c40:	eb04001f 	cmp	x0, x4
   80c44:	54fffea1 	b.ne	80c18 <uart_nputs+0x20>  // b.any
   80c48:	d65f03c0 	ret
   80c4c:	d503201f 	nop
   80c50:	b9401841 	ldr	w1, [x2, #24]
   80c54:	372fffc1 	tbnz	w1, #5, 80c4c <uart_nputs+0x54>
   80c58:	b9000045 	str	w5, [x2]
   80c5c:	39400003 	ldrb	w3, [x0]
   80c60:	17fffff4 	b	80c30 <uart_nputs+0x38>
   80c64:	d503201f 	nop

0000000000080c68 <uart_tohex>:
   80c68:	12000c00 	and	w0, w0, #0xf
   80c6c:	51000400 	sub	w0, w0, #0x1
   80c70:	12001c00 	and	w0, w0, #0xff
   80c74:	7100381f 	cmp	w0, #0xe
   80c78:	540000c8 	b.hi	80c90 <uart_tohex+0x28>  // b.pmore
   80c7c:	92401c00 	and	x0, x0, #0xff
   80c80:	b0000001 	adrp	x1, 81000 <task_get_header+0x30>
   80c84:	91236021 	add	x1, x1, #0x8d8
   80c88:	38606820 	ldrb	w0, [x1, x0]
   80c8c:	d65f03c0 	ret
   80c90:	52800600 	mov	w0, #0x30                  	// #48
   80c94:	d65f03c0 	ret

0000000000080c98 <uart_u64hex>:
   80c98:	aa0003e5 	mov	x5, x0
   80c9c:	b0000006 	adrp	x6, 81000 <task_get_header+0x30>
   80ca0:	912360c6 	add	x6, x6, #0x8d8
   80ca4:	a9bf7bfd 	stp	x29, x30, [sp, #-16]!
   80ca8:	910040c0 	add	x0, x6, #0x10
   80cac:	910003fd 	mov	x29, sp
   80cb0:	97ffffba 	bl	80b98 <uart_puts>
   80cb4:	aa0603e0 	mov	x0, x6
   80cb8:	d2820002 	mov	x2, #0x1000                	// #4096
   80cbc:	52800783 	mov	w3, #0x3c                  	// #60
   80cc0:	f2a7e402 	movk	x2, #0x3f20, lsl #16
   80cc4:	d503201f 	nop
   80cc8:	9ac324a1 	lsr	x1, x5, x3
   80ccc:	12000c21 	and	w1, w1, #0xf
   80cd0:	51000421 	sub	w1, w1, #0x1
   80cd4:	52800604 	mov	w4, #0x30                  	// #48
   80cd8:	12001c21 	and	w1, w1, #0xff
   80cdc:	7100383f 	cmp	w1, #0xe
   80ce0:	540000a8 	b.hi	80cf4 <uart_u64hex+0x5c>  // b.pmore
   80ce4:	92401c21 	and	x1, x1, #0xff
   80ce8:	38616804 	ldrb	w4, [x0, x1]
   80cec:	14000002 	b	80cf4 <uart_u64hex+0x5c>
   80cf0:	d503201f 	nop
   80cf4:	b9401841 	ldr	w1, [x2, #24]
   80cf8:	372fffc1 	tbnz	w1, #5, 80cf0 <uart_u64hex+0x58>
   80cfc:	b9000044 	str	w4, [x2]
   80d00:	51001063 	sub	w3, w3, #0x4
   80d04:	3100107f 	cmn	w3, #0x4
   80d08:	54fffe01 	b.ne	80cc8 <uart_u64hex+0x30>  // b.any
   80d0c:	a8c17bfd 	ldp	x29, x30, [sp], #16
   80d10:	d65f03c0 	ret
   80d14:	d503201f 	nop

0000000000080d18 <uart_u64hex_s>:
   80d18:	aa0003e6 	mov	x6, x0
   80d1c:	b0000008 	adrp	x8, 81000 <task_get_header+0x30>
   80d20:	91236107 	add	x7, x8, #0x8d8
   80d24:	a9bf7bfd 	stp	x29, x30, [sp, #-16]!
   80d28:	910040e0 	add	x0, x7, #0x10
   80d2c:	910003fd 	mov	x29, sp
   80d30:	97ffff9a 	bl	80b98 <uart_puts>
   80d34:	d2820002 	mov	x2, #0x1000                	// #4096
   80d38:	52800783 	mov	w3, #0x3c                  	// #60
   80d3c:	52800005 	mov	w5, #0x0                   	// #0
   80d40:	f2a7e402 	movk	x2, #0x3f20, lsl #16
   80d44:	d503201f 	nop
   80d48:	520000a4 	eor	w4, w5, #0x1
   80d4c:	9ac324c1 	lsr	x1, x6, x3
   80d50:	72001c21 	ands	w1, w1, #0xff
   80d54:	52800005 	mov	w5, #0x0                   	// #0
   80d58:	1a9f0084 	csel	w4, w4, wzr, eq  // eq = none
   80d5c:	350001e4 	cbnz	w4, 80d98 <uart_u64hex_s+0x80>
   80d60:	12000c21 	and	w1, w1, #0xf
   80d64:	52800600 	mov	w0, #0x30                  	// #48
   80d68:	51000421 	sub	w1, w1, #0x1
   80d6c:	12001c21 	and	w1, w1, #0xff
   80d70:	7100383f 	cmp	w1, #0xe
   80d74:	540000a8 	b.hi	80d88 <uart_u64hex_s+0x70>  // b.pmore
   80d78:	92401c21 	and	x1, x1, #0xff
   80d7c:	386168e0 	ldrb	w0, [x7, x1]
   80d80:	14000002 	b	80d88 <uart_u64hex_s+0x70>
   80d84:	d503201f 	nop
   80d88:	b9401841 	ldr	w1, [x2, #24]
   80d8c:	372fffc1 	tbnz	w1, #5, 80d84 <uart_u64hex_s+0x6c>
   80d90:	52800025 	mov	w5, #0x1                   	// #1
   80d94:	b9000040 	str	w0, [x2]
   80d98:	71001063 	subs	w3, w3, #0x4
   80d9c:	54fffd61 	b.ne	80d48 <uart_u64hex_s+0x30>  // b.any
   80da0:	12000cc0 	and	w0, w6, #0xf
   80da4:	52800602 	mov	w2, #0x30                  	// #48
   80da8:	51000400 	sub	w0, w0, #0x1
   80dac:	12001c00 	and	w0, w0, #0xff
   80db0:	7100381f 	cmp	w0, #0xe
   80db4:	54000088 	b.hi	80dc4 <uart_u64hex_s+0xac>  // b.pmore
   80db8:	91236108 	add	x8, x8, #0x8d8
   80dbc:	92401c00 	and	x0, x0, #0xff
   80dc0:	38606902 	ldrb	w2, [x8, x0]
   80dc4:	d2820001 	mov	x1, #0x1000                	// #4096
   80dc8:	f2a7e401 	movk	x1, #0x3f20, lsl #16
   80dcc:	b9401820 	ldr	w0, [x1, #24]
   80dd0:	362800a0 	tbz	w0, #5, 80de4 <uart_u64hex_s+0xcc>
   80dd4:	d503201f 	nop
   80dd8:	d503201f 	nop
   80ddc:	b9401820 	ldr	w0, [x1, #24]
   80de0:	372fffc0 	tbnz	w0, #5, 80dd8 <uart_u64hex_s+0xc0>
   80de4:	d2820000 	mov	x0, #0x1000                	// #4096
   80de8:	f2a7e400 	movk	x0, #0x3f20, lsl #16
   80dec:	b9000002 	str	w2, [x0]
   80df0:	a8c17bfd 	ldp	x29, x30, [sp], #16
   80df4:	d65f03c0 	ret

0000000000080df8 <irq_enable_system_timer>:
   80df8:	d2964001 	mov	x1, #0xb200                	// #45568
   80dfc:	f100041f 	cmp	x0, #0x1
   80e00:	f2a7e001 	movk	x1, #0x3f00, lsl #16
   80e04:	52800082 	mov	w2, #0x4                   	// #4
   80e08:	52800040 	mov	w0, #0x2                   	// #2
   80e0c:	1a820000 	csel	w0, w0, w2, eq  // eq = none
   80e10:	b9001020 	str	w0, [x1, #16]
   80e14:	d65f03c0 	ret

0000000000080e18 <timer_init_core0>:
   80e18:	9e630000 	ucvtf	d0, x0
   80e1c:	d2c80001 	mov	x1, #0x400000000000        	// #70368744177664
   80e20:	f2e811e1 	movk	x1, #0x408f, lsl #48
   80e24:	9e670022 	fmov	d2, x1
   80e28:	d2c9f001 	mov	x1, #0x4f8000000000        	// #87411174408192
   80e2c:	d2800685 	mov	x5, #0x34                  	// #52
   80e30:	f2e83041 	movk	x1, #0x4182, lsl #48
   80e34:	9e670021 	fmov	d1, x1
   80e38:	1e621800 	fdiv	d0, d0, d2
   80e3c:	d2800481 	mov	x1, #0x24                  	// #36
   80e40:	f2a80001 	movk	x1, #0x4000, lsl #16
   80e44:	f2a80005 	movk	x5, #0x4000, lsl #16
   80e48:	d2800803 	mov	x3, #0x40                  	// #64
   80e4c:	52a60006 	mov	w6, #0x30000000            	// #805306368
   80e50:	f2a80003 	movk	x3, #0x4000, lsl #16
   80e54:	b900003f 	str	wzr, [x1]
   80e58:	52800044 	mov	w4, #0x2                   	// #2
   80e5c:	52b80002 	mov	w2, #0xc0000000            	// #-1073741824
   80e60:	1e610800 	fmul	d0, d0, d1
   80e64:	9e790000 	fcvtzu	x0, d0
   80e68:	0b060000 	add	w0, w0, w6
   80e6c:	b90000a0 	str	w0, [x5]
   80e70:	b9000064 	str	w4, [x3]
   80e74:	b9001422 	str	w2, [x1, #20]
   80e78:	d65f03c0 	ret
   80e7c:	d503201f 	nop

0000000000080e80 <timer_one_shot_sys>:
   80e80:	d2860002 	mov	x2, #0x3000                	// #12288
   80e84:	f100041f 	cmp	x0, #0x1
   80e88:	f2a7e002 	movk	x2, #0x3f00, lsl #16
   80e8c:	b9400440 	ldr	w0, [x2, #4]
   80e90:	0b010000 	add	w0, w0, w1
   80e94:	540000a0 	b.eq	80ea8 <timer_one_shot_sys+0x28>  // b.none
   80e98:	b9001840 	str	w0, [x2, #24]
   80e9c:	52800100 	mov	w0, #0x8                   	// #8
   80ea0:	b9000040 	str	w0, [x2]
   80ea4:	d65f03c0 	ret
   80ea8:	b9001040 	str	w0, [x2, #16]
   80eac:	52800040 	mov	w0, #0x2                   	// #2
   80eb0:	b9000040 	str	w0, [x2]
   80eb4:	d65f03c0 	ret

0000000000080eb8 <timer_delay_sys>:
   80eb8:	d2860003 	mov	x3, #0x3000                	// #12288
   80ebc:	f100041f 	cmp	x0, #0x1
   80ec0:	f2a7e003 	movk	x3, #0x3f00, lsl #16
   80ec4:	b9400460 	ldr	w0, [x3, #4]
   80ec8:	0b010000 	add	w0, w0, w1
   80ecc:	54000100 	b.eq	80eec <timer_delay_sys+0x34>  // b.none
   80ed0:	aa0303e2 	mov	x2, x3
   80ed4:	b9001860 	str	w0, [x3, #24]
   80ed8:	52800100 	mov	w0, #0x8                   	// #8
   80edc:	b9000060 	str	w0, [x3]
   80ee0:	b9400040 	ldr	w0, [x2]
   80ee4:	361fffe0 	tbz	w0, #3, 80ee0 <timer_delay_sys+0x28>
   80ee8:	d65f03c0 	ret
   80eec:	aa0303e1 	mov	x1, x3
   80ef0:	b9001060 	str	w0, [x3, #16]
   80ef4:	52800040 	mov	w0, #0x2                   	// #2
   80ef8:	b9000060 	str	w0, [x3]
   80efc:	d503201f 	nop
   80f00:	b9400020 	ldr	w0, [x1]
   80f04:	360fffe0 	tbz	w0, #1, 80f00 <timer_delay_sys+0x48>
   80f08:	d65f03c0 	ret
   80f0c:	00000000 	.inst	0x00000000 ; undefined

0000000000080f10 <mbox_call>:
   80f10:	d2971003 	mov	x3, #0xb880                	// #47232
   80f14:	f2a7e003 	movk	x3, #0x3f00, lsl #16
   80f18:	b9401862 	ldr	w2, [x3, #24]
   80f1c:	36f80082 	tbz	w2, #31, 80f2c <mbox_call+0x1c>
   80f20:	d503201f 	nop
   80f24:	b9401862 	ldr	w2, [x3, #24]
   80f28:	37ffffc2 	tbnz	w2, #31, 80f20 <mbox_call+0x10>
   80f2c:	d2971003 	mov	x3, #0xb880                	// #47232
   80f30:	2a0003e2 	mov	w2, w0
   80f34:	f2a7e003 	movk	x3, #0x3f00, lsl #16
   80f38:	52b00005 	mov	w5, #0x80000000            	// #-2147483648
   80f3c:	33000c22 	bfxil	w2, w1, #0, #4
   80f40:	aa0303e1 	mov	x1, x3
   80f44:	b9002062 	str	w2, [x3, #32]
   80f48:	320107e4 	mov	w4, #0x80000001            	// #-2147483647
   80f4c:	b9400403 	ldr	w3, [x0, #4]
   80f50:	b9401820 	ldr	w0, [x1, #24]
   80f54:	37f00140 	tbnz	w0, #30, 80f7c <mbox_call+0x6c>
   80f58:	b9400020 	ldr	w0, [x1]
   80f5c:	6b00005f 	cmp	w2, w0
   80f60:	54ffff81 	b.ne	80f50 <mbox_call+0x40>  // b.any
   80f64:	6b05007f 	cmp	w3, w5
   80f68:	540000e0 	b.eq	80f84 <mbox_call+0x74>  // b.none
   80f6c:	6b04007f 	cmp	w3, w4
   80f70:	54ffff01 	b.ne	80f50 <mbox_call+0x40>  // b.any
   80f74:	12800000 	mov	w0, #0xffffffff            	// #-1
   80f78:	d65f03c0 	ret
   80f7c:	d503201f 	nop
   80f80:	17fffff4 	b	80f50 <mbox_call+0x40>
   80f84:	52800000 	mov	w0, #0x0                   	// #0
   80f88:	d65f03c0 	ret
   80f8c:	00000000 	.inst	0x00000000 ; undefined

0000000000080f90 <task_get_list_item>:
   80f90:	d36aa400 	lsl	x0, x0, #22
   80f94:	d28a8921 	mov	x1, #0x5449                	// #21577
   80f98:	91480000 	add	x0, x0, #0x200, lsl #12
   80f9c:	f2a9a8a1 	movk	x1, #0x4d45, lsl #16
   80fa0:	f9400002 	ldr	x2, [x0]
   80fa4:	eb01005f 	cmp	x2, x1
   80fa8:	54000041 	b.ne	80fb0 <task_get_list_item+0x20>  // b.any
   80fac:	d65f03c0 	ret
   80fb0:	a9bf7bfd 	stp	x29, x30, [sp, #-16]!
   80fb4:	b0000000 	adrp	x0, 81000 <task_get_header+0x30>
   80fb8:	9123c000 	add	x0, x0, #0x8f0
   80fbc:	910003fd 	mov	x29, sp
   80fc0:	97fffef6 	bl	80b98 <uart_puts>
   80fc4:	d2800000 	mov	x0, #0x0                   	// #0
   80fc8:	a8c17bfd 	ldp	x29, x30, [sp], #16
   80fcc:	d65f03c0 	ret

0000000000080fd0 <task_get_header>:
   80fd0:	d36aa401 	lsl	x1, x0, #22
   80fd4:	a9bf7bfd 	stp	x29, x30, [sp, #-16]!
   80fd8:	91480021 	add	x1, x1, #0x200, lsl #12
   80fdc:	910003fd 	mov	x29, sp
   80fe0:	d28a8922 	mov	x2, #0x5449                	// #21577
   80fe4:	f9400020 	ldr	x0, [x1]
   80fe8:	f2a9a8a2 	movk	x2, #0x4d45, lsl #16
   80fec:	eb02001f 	cmp	x0, x2
   80ff0:	540001e1 	b.ne	8102c <task_get_header+0x5c>  // b.any
   80ff4:	f9400822 	ldr	x2, [x1, #16]
   80ff8:	d2882a83 	mov	x3, #0x4154                	// #16724
   80ffc:	f2a96a63 	movk	x3, #0x4b53, lsl #16
   81000:	8b020020 	add	x0, x1, x2
   81004:	f8626821 	ldr	x1, [x1, x2]
   81008:	eb03003f 	cmp	x1, x3
   8100c:	540000c0 	b.eq	81024 <task_get_header+0x54>  // b.none
   81010:	90000000 	adrp	x0, 81000 <task_get_header+0x30>
   81014:	9123c000 	add	x0, x0, #0x8f0
   81018:	9100c000 	add	x0, x0, #0x30
   8101c:	97fffedf 	bl	80b98 <uart_puts>
   81020:	d2800000 	mov	x0, #0x0                   	// #0
   81024:	a8c17bfd 	ldp	x29, x30, [sp], #16
   81028:	d65f03c0 	ret
   8102c:	90000000 	adrp	x0, 81000 <task_get_header+0x30>
   81030:	9123c000 	add	x0, x0, #0x8f0
   81034:	97fffed9 	bl	80b98 <uart_puts>
   81038:	d2800000 	mov	x0, #0x0                   	// #0
   8103c:	f9400800 	ldr	x0, [x0, #16]
   81040:	d4207d00 	brk	#0x3e8
   81044:	d503201f 	nop

0000000000081048 <task_header_rebase>:
   81048:	a9bc7bfd 	stp	x29, x30, [sp, #-64]!
   8104c:	d28a8921 	mov	x1, #0x5449                	// #21577
   81050:	f2a9a8a1 	movk	x1, #0x4d45, lsl #16
   81054:	910003fd 	mov	x29, sp
   81058:	a90153f3 	stp	x19, x20, [sp, #16]
   8105c:	d36aa413 	lsl	x19, x0, #22
   81060:	91480273 	add	x19, x19, #0x200, lsl #12
   81064:	a9025bf5 	stp	x21, x22, [sp, #32]
   81068:	aa0003f6 	mov	x22, x0
   8106c:	f9400260 	ldr	x0, [x19]
   81070:	f9001bf7 	str	x23, [sp, #48]
   81074:	eb01001f 	cmp	x0, x1
   81078:	54000881 	b.ne	81188 <task_header_rebase+0x140>  // b.any
   8107c:	f9400a60 	ldr	x0, [x19, #16]
   81080:	d2882a81 	mov	x1, #0x4154                	// #16724
   81084:	f2a96a61 	movk	x1, #0x4b53, lsl #16
   81088:	8b000274 	add	x20, x19, x0
   8108c:	f8606a60 	ldr	x0, [x19, x0]
   81090:	eb01001f 	cmp	x0, x1
   81094:	54000861 	b.ne	811a0 <task_header_rebase+0x158>  // b.any
   81098:	90000015 	adrp	x21, 81000 <task_get_header+0x30>
   8109c:	9123c2b5 	add	x21, x21, #0x8f0
   810a0:	910182a0 	add	x0, x21, #0x60
   810a4:	97fffebd 	bl	80b98 <uart_puts>
   810a8:	aa1603e0 	mov	x0, x22
   810ac:	97ffff1b 	bl	80d18 <uart_u64hex_s>
   810b0:	910242a0 	add	x0, x21, #0x90
   810b4:	97fffeb9 	bl	80b98 <uart_puts>
   810b8:	910282b6 	add	x22, x21, #0xa0
   810bc:	aa1303e0 	mov	x0, x19
   810c0:	97ffff16 	bl	80d18 <uart_u64hex_s>
   810c4:	9102a2b7 	add	x23, x21, #0xa8
   810c8:	aa1603e0 	mov	x0, x22
   810cc:	97fffeb3 	bl	80b98 <uart_puts>
   810d0:	aa1703e0 	mov	x0, x23
   810d4:	97fffeb1 	bl	80b98 <uart_puts>
   810d8:	f9401680 	ldr	x0, [x20, #40]
   810dc:	910342b5 	add	x21, x21, #0xd0
   810e0:	97ffff0e 	bl	80d18 <uart_u64hex_s>
   810e4:	aa1503e0 	mov	x0, x21
   810e8:	97fffeac 	bl	80b98 <uart_puts>
   810ec:	f9401680 	ldr	x0, [x20, #40]
   810f0:	8b130000 	add	x0, x0, x19
   810f4:	97ffff09 	bl	80d18 <uart_u64hex_s>
   810f8:	aa1603e0 	mov	x0, x22
   810fc:	97fffea7 	bl	80b98 <uart_puts>
   81100:	aa1703e0 	mov	x0, x23
   81104:	97fffea5 	bl	80b98 <uart_puts>
   81108:	f9401a80 	ldr	x0, [x20, #48]
   8110c:	97ffff03 	bl	80d18 <uart_u64hex_s>
   81110:	aa1503e0 	mov	x0, x21
   81114:	97fffea1 	bl	80b98 <uart_puts>
   81118:	f9401a80 	ldr	x0, [x20, #48]
   8111c:	8b130000 	add	x0, x0, x19
   81120:	97fffefe 	bl	80d18 <uart_u64hex_s>
   81124:	aa1603e0 	mov	x0, x22
   81128:	97fffe9c 	bl	80b98 <uart_puts>
   8112c:	aa1703e0 	mov	x0, x23
   81130:	97fffe9a 	bl	80b98 <uart_puts>
   81134:	f9401e80 	ldr	x0, [x20, #56]
   81138:	97fffef8 	bl	80d18 <uart_u64hex_s>
   8113c:	aa1503e0 	mov	x0, x21
   81140:	97fffe96 	bl	80b98 <uart_puts>
   81144:	f9401e80 	ldr	x0, [x20, #56]
   81148:	8b130000 	add	x0, x0, x19
   8114c:	97fffef3 	bl	80d18 <uart_u64hex_s>
   81150:	aa1603e0 	mov	x0, x22
   81154:	97fffe91 	bl	80b98 <uart_puts>
   81158:	a9428682 	ldp	x2, x1, [x20, #40]
   8115c:	f9401e80 	ldr	x0, [x20, #56]
   81160:	a9425bf5 	ldp	x21, x22, [sp, #32]
   81164:	8b130042 	add	x2, x2, x19
   81168:	8b130021 	add	x1, x1, x19
   8116c:	8b130013 	add	x19, x0, x19
   81170:	f9401bf7 	ldr	x23, [sp, #48]
   81174:	a9028682 	stp	x2, x1, [x20, #40]
   81178:	f9001e93 	str	x19, [x20, #56]
   8117c:	a94153f3 	ldp	x19, x20, [sp, #16]
   81180:	a8c47bfd 	ldp	x29, x30, [sp], #64
   81184:	d65f03c0 	ret
   81188:	90000000 	adrp	x0, 81000 <task_get_header+0x30>
   8118c:	9123c000 	add	x0, x0, #0x8f0
   81190:	97fffe82 	bl	80b98 <uart_puts>
   81194:	d2800000 	mov	x0, #0x0                   	// #0
   81198:	f9400800 	ldr	x0, [x0, #16]
   8119c:	d4207d00 	brk	#0x3e8
   811a0:	90000014 	adrp	x20, 81000 <task_get_header+0x30>
   811a4:	9123c294 	add	x20, x20, #0x8f0
   811a8:	9100c280 	add	x0, x20, #0x30
   811ac:	97fffe7b 	bl	80b98 <uart_puts>
   811b0:	91018280 	add	x0, x20, #0x60
   811b4:	97fffe79 	bl	80b98 <uart_puts>
   811b8:	aa1603e0 	mov	x0, x22
   811bc:	97fffed7 	bl	80d18 <uart_u64hex_s>
   811c0:	91024280 	add	x0, x20, #0x90
   811c4:	97fffe75 	bl	80b98 <uart_puts>
   811c8:	aa1303e0 	mov	x0, x19
   811cc:	97fffed3 	bl	80d18 <uart_u64hex_s>
   811d0:	91028280 	add	x0, x20, #0xa0
   811d4:	97fffe71 	bl	80b98 <uart_puts>
   811d8:	9102a280 	add	x0, x20, #0xa8
   811dc:	97fffe6f 	bl	80b98 <uart_puts>
   811e0:	d2800000 	mov	x0, #0x0                   	// #0
   811e4:	f9401400 	ldr	x0, [x0, #40]
   811e8:	d4207d00 	brk	#0x3e8
   811ec:	d503201f 	nop

00000000000811f0 <task_bss_zero>:
   811f0:	a9bd7bfd 	stp	x29, x30, [sp, #-48]!
   811f4:	910003fd 	mov	x29, sp
   811f8:	a90153f3 	stp	x19, x20, [sp, #16]
   811fc:	d36aa413 	lsl	x19, x0, #22
   81200:	91480273 	add	x19, x19, #0x200, lsl #12
   81204:	f9401274 	ldr	x20, [x19, #32]
   81208:	f90013f5 	str	x21, [sp, #32]
   8120c:	90000015 	adrp	x21, 81000 <task_get_header+0x30>
   81210:	9123c2b5 	add	x21, x21, #0x8f0
   81214:	910362a0 	add	x0, x21, #0xd8
   81218:	97fffe60 	bl	80b98 <uart_puts>
   8121c:	f9401260 	ldr	x0, [x19, #32]
   81220:	8b140274 	add	x20, x19, x20
   81224:	8b000260 	add	x0, x19, x0
   81228:	97fffebc 	bl	80d18 <uart_u64hex_s>
   8122c:	9103e2a0 	add	x0, x21, #0xf8
   81230:	97fffe5a 	bl	80b98 <uart_puts>
   81234:	f9401660 	ldr	x0, [x19, #40]
   81238:	8b000260 	add	x0, x19, x0
   8123c:	97fffeb7 	bl	80d18 <uart_u64hex_s>
   81240:	910282a0 	add	x0, x21, #0xa0
   81244:	97fffe55 	bl	80b98 <uart_puts>
   81248:	a9420660 	ldp	x0, x1, [x19, #32]
   8124c:	eb00003f 	cmp	x1, x0
   81250:	54000100 	b.eq	81270 <task_bss_zero+0x80>  // b.none
   81254:	d2800000 	mov	x0, #0x0                   	// #0
   81258:	38206a9f 	strb	wzr, [x20, x0]
   8125c:	91000400 	add	x0, x0, #0x1
   81260:	a9420662 	ldp	x2, x1, [x19, #32]
   81264:	cb020021 	sub	x1, x1, x2
   81268:	eb00003f 	cmp	x1, x0
   8126c:	54ffff68 	b.hi	81258 <task_bss_zero+0x68>  // b.pmore
   81270:	a94153f3 	ldp	x19, x20, [sp, #16]
   81274:	f94013f5 	ldr	x21, [sp, #32]
   81278:	a8c37bfd 	ldp	x29, x30, [sp], #48
   8127c:	d65f03c0 	ret

0000000000081280 <task_save_context>:
   81280:	d50343df 	msr	daifset, #0x3
   81284:	d10403ff 	sub	sp, sp, #0x100
   81288:	a90007e0 	stp	x0, x1, [sp]
   8128c:	a9010fe2 	stp	x2, x3, [sp, #16]
   81290:	a90217e4 	stp	x4, x5, [sp, #32]
   81294:	a9031fe6 	stp	x6, x7, [sp, #48]
   81298:	a90427e8 	stp	x8, x9, [sp, #64]
   8129c:	a9052fea 	stp	x10, x11, [sp, #80]
   812a0:	a90637ec 	stp	x12, x13, [sp, #96]
   812a4:	a9073fee 	stp	x14, x15, [sp, #112]
   812a8:	a90847f0 	stp	x16, x17, [sp, #128]
   812ac:	a9094ff2 	stp	x18, x19, [sp, #144]
   812b0:	a90a57f4 	stp	x20, x21, [sp, #160]
   812b4:	a90b5ff6 	stp	x22, x23, [sp, #176]
   812b8:	a90c67f8 	stp	x24, x25, [sp, #192]
   812bc:	a90d6ffa 	stp	x26, x27, [sp, #208]
   812c0:	a90e77fc 	stp	x28, x29, [sp, #224]
   812c4:	d5384020 	mrs	x0, elr_el1
   812c8:	a90f7be0 	stp	x0, x30, [sp, #240]
   812cc:	d65f03c0 	ret

00000000000812d0 <task_restore_context>:
   812d0:	a94f7be0 	ldp	x0, x30, [sp, #240]
   812d4:	d5184020 	msr	elr_el1, x0
   812d8:	a94007e0 	ldp	x0, x1, [sp]
   812dc:	a9410fe2 	ldp	x2, x3, [sp, #16]
   812e0:	a94217e4 	ldp	x4, x5, [sp, #32]
   812e4:	a9431fe6 	ldp	x6, x7, [sp, #48]
   812e8:	a94427e8 	ldp	x8, x9, [sp, #64]
   812ec:	a9452fea 	ldp	x10, x11, [sp, #80]
   812f0:	a94637ec 	ldp	x12, x13, [sp, #96]
   812f4:	a9473fee 	ldp	x14, x15, [sp, #112]
   812f8:	a94847f0 	ldp	x16, x17, [sp, #128]
   812fc:	a9494ff2 	ldp	x18, x19, [sp, #144]
   81300:	a94a57f4 	ldp	x20, x21, [sp, #160]
   81304:	a94b5ff6 	ldp	x22, x23, [sp, #176]
   81308:	a94c67f8 	ldp	x24, x25, [sp, #192]
   8130c:	a94d6ffa 	ldp	x26, x27, [sp, #208]
   81310:	a94e77fc 	ldp	x28, x29, [sp, #224]
   81314:	910403ff 	add	sp, sp, #0x100
   81318:	d50343ff 	msr	daifclr, #0x3
   8131c:	d65f03c0 	ret

0000000000081320 <task_save>:
   81320:	a9bf7bfd 	stp	x29, x30, [sp, #-16]!
   81324:	910003fd 	mov	x29, sp
   81328:	f9400801 	ldr	x1, [x0, #16]
   8132c:	910003e1 	mov	x1, sp
   81330:	9100003f 	mov	sp, x1
   81334:	97ffffd3 	bl	81280 <task_save_context>
   81338:	910003e1 	mov	x1, sp
   8133c:	9100003f 	mov	sp, x1
   81340:	a8c17bfd 	ldp	x29, x30, [sp], #16
   81344:	f9000801 	str	x1, [x0, #16]
   81348:	d65f03c0 	ret
