
task2.elf:     file format elf64-littleaarch64
architecture: aarch64, flags 0x00000112:
EXEC_P, HAS_SYMS, D_PAGED
start address 0x0000000000000030

Sections:
Idx Name          Size      VMA               LMA               File off  Algn
  0 .task_list_item 00000030  0000000000000000  0000000000000000  00001000  2**3
                  CONTENTS, ALLOC, LOAD, DATA
  1 .text         00000e64  0000000000000030  0000000000000030  00001030  2**3
                  CONTENTS, ALLOC, LOAD, READONLY, CODE
  2 .rodata       0000041a  0000000000000e98  0000000000000e98  00001e98  2**3
                  CONTENTS, ALLOC, LOAD, READONLY, DATA
  3 .task_header  00000020  0000000000002000  0000000000002000  00003000  2**3
                  CONTENTS, ALLOC, LOAD, DATA
  4 .got          00000030  0000000000002020  0000000000002020  00003020  2**3
                  CONTENTS, ALLOC, LOAD, DATA
  5 .bss          00009fb0  0000000000002050  0000000000002050  00003050  2**12
                  ALLOC

Disassembly of section .text:

0000000000000030 <task2_reset>:
  30:	a9be7bfd 	stp	x29, x30, [sp, #-32]!
  34:	910003fd 	mov	x29, sp
  38:	f9000bf3 	str	x19, [sp, #16]
  3c:	90000013 	adrp	x19, 0 <tasklistitem>
  40:	913a6273 	add	x19, x19, #0xe98
  44:	aa1303e0 	mov	x0, x19
  48:	940000b2 	bl	310 <uart_puts>
  4c:	910003e0 	mov	x0, sp
  50:	94000110 	bl	490 <uart_u64hex_s>
  54:	9100a260 	add	x0, x19, #0x28
  58:	940000ae 	bl	310 <uart_puts>
  5c:	9100c260 	add	x0, x19, #0x30
  60:	940000ac 	bl	310 <uart_puts>
  64:	f9400bf3 	ldr	x19, [sp, #16]
  68:	d2800100 	mov	x0, #0x8                   	// #8
  6c:	a8c27bfd 	ldp	x29, x30, [sp], #32
  70:	14000382 	b	e78 <task_suspend>
  74:	d503201f 	nop

0000000000000078 <task2_counter_init>:
  78:	f900001f 	str	xzr, [x0]
  7c:	d65f03c0 	ret

0000000000000080 <task2_main>:
  80:	a9bb7bfd 	stp	x29, x30, [sp, #-80]!
  84:	910003fd 	mov	x29, sp
  88:	a9025bf5 	stp	x21, x22, [sp, #32]
  8c:	90000015 	adrp	x21, 0 <tasklistitem>
  90:	913a62b5 	add	x21, x21, #0xe98
  94:	a90153f3 	stp	x19, x20, [sp, #16]
  98:	910182b4 	add	x20, x21, #0x60
  9c:	d2800016 	mov	x22, #0x0                   	// #0
  a0:	a90363f7 	stp	x23, x24, [sp, #48]
  a4:	9101c2b8 	add	x24, x21, #0x70
  a8:	d0000017 	adrp	x23, 2000 <task2_header>
  ac:	f90023f9 	str	x25, [sp, #64]
  b0:	9101a2b9 	add	x25, x21, #0x68
  b4:	d503201f 	nop
  b8:	d2800153 	mov	x19, #0xa                   	// #10
  bc:	d503201f 	nop
  c0:	aa1303e0 	mov	x0, x19
  c4:	940000f3 	bl	490 <uart_u64hex_s>
  c8:	91000673 	add	x19, x19, #0x1
  cc:	aa1403e0 	mov	x0, x20
  d0:	94000090 	bl	310 <uart_puts>
  d4:	f100427f 	cmp	x19, #0x10
  d8:	54ffff41 	b.ne	c0 <task2_main+0x40>  // b.any
  dc:	aa1903e0 	mov	x0, x25
  e0:	9400008c 	bl	310 <uart_puts>
  e4:	aa1803e0 	mov	x0, x24
  e8:	91001ad6 	add	x22, x22, #0x6
  ec:	94000089 	bl	310 <uart_puts>
  f0:	910002f3 	add	x19, x23, #0x0
  f4:	aa1603e0 	mov	x0, x22
  f8:	940000e6 	bl	490 <uart_u64hex_s>
  fc:	910282a0 	add	x0, x21, #0xa0
 100:	94000084 	bl	310 <uart_puts>
 104:	9102a2a0 	add	x0, x21, #0xa8
 108:	94000082 	bl	310 <uart_puts>
 10c:	d280fa00 	mov	x0, #0x7d0                 	// #2000
 110:	940000e0 	bl	490 <uart_u64hex_s>
 114:	910322a0 	add	x0, x21, #0xc8
 118:	9400007e 	bl	310 <uart_puts>
 11c:	d280fa00 	mov	x0, #0x7d0                 	// #2000
 120:	9400035a 	bl	e88 <task_sleep>
 124:	f9400660 	ldr	x0, [x19, #8]
 128:	360000e0 	tbz	w0, #0, 144 <task2_main+0xc4>
 12c:	9103e2a0 	add	x0, x21, #0xf8
 130:	94000078 	bl	310 <uart_puts>
 134:	f9400660 	ldr	x0, [x19, #8]
 138:	927ff800 	and	x0, x0, #0xfffffffffffffffe
 13c:	f9000660 	str	x0, [x19, #8]
 140:	17ffffde 	b	b8 <task2_main+0x38>
 144:	9104c2a0 	add	x0, x21, #0x130
 148:	94000072 	bl	310 <uart_puts>
 14c:	17ffffdb 	b	b8 <task2_main+0x38>

0000000000000150 <task2_init>:
 150:	a9be7bfd 	stp	x29, x30, [sp, #-32]!
 154:	910003fd 	mov	x29, sp
 158:	f9000bf3 	str	x19, [sp, #16]
 15c:	90000013 	adrp	x19, 0 <tasklistitem>
 160:	913a6273 	add	x19, x19, #0xe98
 164:	9105a260 	add	x0, x19, #0x168
 168:	9400006a 	bl	310 <uart_puts>
 16c:	910003e0 	mov	x0, sp
 170:	940000c8 	bl	490 <uart_u64hex_s>
 174:	9100a260 	add	x0, x19, #0x28
 178:	94000066 	bl	310 <uart_puts>
 17c:	91064260 	add	x0, x19, #0x190
 180:	94000064 	bl	310 <uart_puts>
 184:	d2800080 	mov	x0, #0x4                   	// #4
 188:	9400033c 	bl	e78 <task_suspend>
 18c:	91070260 	add	x0, x19, #0x1c0
 190:	94000060 	bl	310 <uart_puts>
 194:	97ffffbb 	bl	80 <task2_main>

0000000000000198 <uart_init>:
 198:	a9b67bfd 	stp	x29, x30, [sp, #-160]!
 19c:	d2900042 	mov	x2, #0x8002                	// #32770
 1a0:	f2a00062 	movk	x2, #0x3, lsl #16
 1a4:	910003fd 	mov	x29, sp
 1a8:	d2800101 	mov	x1, #0x8                   	// #8
 1ac:	d2812000 	mov	x0, #0x900                 	// #2304
 1b0:	d2800483 	mov	x3, #0x24                  	// #36
 1b4:	f2c00182 	movk	x2, #0xc, lsl #32
 1b8:	f2c00041 	movk	x1, #0x2, lsl #32
 1bc:	f2a007a0 	movk	x0, #0x3d, lsl #16
 1c0:	a9010be3 	stp	x3, x2, [sp, #16]
 1c4:	a90203e1 	stp	x1, x0, [sp, #32]
 1c8:	b90033ff 	str	wzr, [sp, #48]
 1cc:	d5033fbf 	dmb	sy
 1d0:	d2800101 	mov	x1, #0x8                   	// #8
 1d4:	910043e0 	add	x0, sp, #0x10
 1d8:	9400025c 	bl	b48 <mbox_call>
 1dc:	3100041f 	cmn	w0, #0x1
 1e0:	54000780 	b.eq	2d0 <uart_init+0x138>  // b.none
 1e4:	d2800081 	mov	x1, #0x4                   	// #4
 1e8:	d2801283 	mov	x3, #0x94                  	// #148
 1ec:	f2a7e401 	movk	x1, #0x3f20, lsl #16
 1f0:	f2a7e403 	movk	x3, #0x3f20, lsl #16
 1f4:	528012c0 	mov	w0, #0x96                  	// #150
 1f8:	b9400022 	ldr	w2, [x1]
 1fc:	12117042 	and	w2, w2, #0xffff8fff
 200:	b9000022 	str	w2, [x1]
 204:	b9400022 	ldr	w2, [x1]
 208:	120e7042 	and	w2, w2, #0xfffc7fff
 20c:	b9000022 	str	w2, [x1]
 210:	b9400022 	ldr	w2, [x1]
 214:	32120042 	orr	w2, w2, #0x4000
 218:	b9000022 	str	w2, [x1]
 21c:	b9400022 	ldr	w2, [x1]
 220:	320f0042 	orr	w2, w2, #0x20000
 224:	b9000022 	str	w2, [x1]
 228:	b9400061 	ldr	w1, [x3]
 22c:	121e7421 	and	w1, w1, #0xfffffffc
 230:	b9000061 	str	w1, [x3]
 234:	d503201f 	nop
 238:	d503201f 	nop
 23c:	71000400 	subs	w0, w0, #0x1
 240:	54ffffc1 	b.ne	238 <uart_init+0xa0>  // b.any
 244:	d2801302 	mov	x2, #0x98                  	// #152
 248:	528012c0 	mov	w0, #0x96                  	// #150
 24c:	f2a7e402 	movk	x2, #0x3f20, lsl #16
 250:	b9400041 	ldr	w1, [x2]
 254:	32120421 	orr	w1, w1, #0xc000
 258:	b9000041 	str	w1, [x2]
 25c:	d503201f 	nop
 260:	d503201f 	nop
 264:	71000400 	subs	w0, w0, #0x1
 268:	54ffffc1 	b.ne	260 <uart_init+0xc8>  // b.any
 26c:	d2801300 	mov	x0, #0x98                  	// #152
 270:	d2820001 	mov	x1, #0x1000                	// #4096
 274:	f2a7e400 	movk	x0, #0x3f20, lsl #16
 278:	f2a7e401 	movk	x1, #0x3f20, lsl #16
 27c:	52800164 	mov	w4, #0xb                   	// #11
 280:	52806023 	mov	w3, #0x301                 	// #769
 284:	b900001f 	str	wzr, [x0]
 288:	52800000 	mov	w0, #0x0                   	// #0
 28c:	b9404422 	ldr	w2, [x1, #68]
 290:	12155042 	and	w2, w2, #0xfffff800
 294:	b9004422 	str	w2, [x1, #68]
 298:	b9402422 	ldr	w2, [x1, #36]
 29c:	12103c42 	and	w2, w2, #0xffff0000
 2a0:	321f0042 	orr	w2, w2, #0x2
 2a4:	b9002422 	str	w2, [x1, #36]
 2a8:	b9402822 	ldr	w2, [x1, #40]
 2ac:	121b6842 	and	w2, w2, #0xffffffe0
 2b0:	2a040042 	orr	w2, w2, w4
 2b4:	b9002822 	str	w2, [x1, #40]
 2b8:	b9402c22 	ldr	w2, [x1, #44]
 2bc:	321b0442 	orr	w2, w2, #0x60
 2c0:	b9002c22 	str	w2, [x1, #44]
 2c4:	b9403022 	ldr	w2, [x1, #48]
 2c8:	2a030042 	orr	w2, w2, w3
 2cc:	b9003022 	str	w2, [x1, #48]
 2d0:	a8ca7bfd 	ldp	x29, x30, [sp], #160
 2d4:	d65f03c0 	ret

00000000000002d8 <uart_send>:
 2d8:	d2820002 	mov	x2, #0x1000                	// #4096
 2dc:	12001c00 	and	w0, w0, #0xff
 2e0:	f2a7e402 	movk	x2, #0x3f20, lsl #16
 2e4:	b9401841 	ldr	w1, [x2, #24]
 2e8:	362800a1 	tbz	w1, #5, 2fc <uart_send+0x24>
 2ec:	d503201f 	nop
 2f0:	d503201f 	nop
 2f4:	b9401841 	ldr	w1, [x2, #24]
 2f8:	372fffc1 	tbnz	w1, #5, 2f0 <uart_send+0x18>
 2fc:	d2820001 	mov	x1, #0x1000                	// #4096
 300:	f2a7e401 	movk	x1, #0x3f20, lsl #16
 304:	b9000020 	str	w0, [x1]
 308:	d65f03c0 	ret
 30c:	d503201f 	nop

0000000000000310 <uart_puts>:
 310:	39400001 	ldrb	w1, [x0]
 314:	34000221 	cbz	w1, 358 <uart_puts+0x48>
 318:	d2820002 	mov	x2, #0x1000                	// #4096
 31c:	528001a4 	mov	w4, #0xd                   	// #13
 320:	f2a7e402 	movk	x2, #0x3f20, lsl #16
 324:	d503201f 	nop
 328:	7100283f 	cmp	w1, #0xa
 32c:	540001a0 	b.eq	360 <uart_puts+0x50>  // b.none
 330:	b9401841 	ldr	w1, [x2, #24]
 334:	39400003 	ldrb	w3, [x0]
 338:	362800a1 	tbz	w1, #5, 34c <uart_puts+0x3c>
 33c:	d503201f 	nop
 340:	d503201f 	nop
 344:	b9401841 	ldr	w1, [x2, #24]
 348:	372fffc1 	tbnz	w1, #5, 340 <uart_puts+0x30>
 34c:	b9000043 	str	w3, [x2]
 350:	38401c01 	ldrb	w1, [x0, #1]!
 354:	35fffea1 	cbnz	w1, 328 <uart_puts+0x18>
 358:	d65f03c0 	ret
 35c:	d503201f 	nop
 360:	b9401841 	ldr	w1, [x2, #24]
 364:	372fffc1 	tbnz	w1, #5, 35c <uart_puts+0x4c>
 368:	b9000044 	str	w4, [x2]
 36c:	17fffff1 	b	330 <uart_puts+0x20>

0000000000000370 <uart_nputs>:
 370:	34000281 	cbz	w1, 3c0 <uart_nputs+0x50>
 374:	51000424 	sub	w4, w1, #0x1
 378:	d2820002 	mov	x2, #0x1000                	// #4096
 37c:	91000484 	add	x4, x4, #0x1
 380:	f2a7e402 	movk	x2, #0x3f20, lsl #16
 384:	8b040004 	add	x4, x0, x4
 388:	528001a5 	mov	w5, #0xd                   	// #13
 38c:	d503201f 	nop
 390:	39400003 	ldrb	w3, [x0]
 394:	34000163 	cbz	w3, 3c0 <uart_nputs+0x50>
 398:	7100287f 	cmp	w3, #0xa
 39c:	54000061 	b.ne	3a8 <uart_nputs+0x38>  // b.any
 3a0:	1400000a 	b	3c8 <uart_nputs+0x58>
 3a4:	d503201f 	nop
 3a8:	b9401841 	ldr	w1, [x2, #24]
 3ac:	372fffc1 	tbnz	w1, #5, 3a4 <uart_nputs+0x34>
 3b0:	b9000043 	str	w3, [x2]
 3b4:	91000400 	add	x0, x0, #0x1
 3b8:	eb04001f 	cmp	x0, x4
 3bc:	54fffea1 	b.ne	390 <uart_nputs+0x20>  // b.any
 3c0:	d65f03c0 	ret
 3c4:	d503201f 	nop
 3c8:	b9401841 	ldr	w1, [x2, #24]
 3cc:	372fffc1 	tbnz	w1, #5, 3c4 <uart_nputs+0x54>
 3d0:	b9000045 	str	w5, [x2]
 3d4:	39400003 	ldrb	w3, [x0]
 3d8:	17fffff4 	b	3a8 <uart_nputs+0x38>
 3dc:	d503201f 	nop

00000000000003e0 <uart_tohex>:
 3e0:	12000c00 	and	w0, w0, #0xf
 3e4:	51000400 	sub	w0, w0, #0x1
 3e8:	12001c00 	and	w0, w0, #0xff
 3ec:	7100381f 	cmp	w0, #0xe
 3f0:	540000c8 	b.hi	408 <uart_tohex+0x28>  // b.pmore
 3f4:	92401c00 	and	x0, x0, #0xff
 3f8:	b0000001 	adrp	x1, 1000 <__task_ro_beg+0x168>
 3fc:	91024021 	add	x1, x1, #0x90
 400:	38606820 	ldrb	w0, [x1, x0]
 404:	d65f03c0 	ret
 408:	52800600 	mov	w0, #0x30                  	// #48
 40c:	d65f03c0 	ret

0000000000000410 <uart_u64hex>:
 410:	aa0003e5 	mov	x5, x0
 414:	b0000006 	adrp	x6, 1000 <__task_ro_beg+0x168>
 418:	910240c6 	add	x6, x6, #0x90
 41c:	a9bf7bfd 	stp	x29, x30, [sp, #-16]!
 420:	910040c0 	add	x0, x6, #0x10
 424:	910003fd 	mov	x29, sp
 428:	97ffffba 	bl	310 <uart_puts>
 42c:	aa0603e0 	mov	x0, x6
 430:	d2820002 	mov	x2, #0x1000                	// #4096
 434:	52800783 	mov	w3, #0x3c                  	// #60
 438:	f2a7e402 	movk	x2, #0x3f20, lsl #16
 43c:	d503201f 	nop
 440:	9ac324a1 	lsr	x1, x5, x3
 444:	12000c21 	and	w1, w1, #0xf
 448:	51000421 	sub	w1, w1, #0x1
 44c:	52800604 	mov	w4, #0x30                  	// #48
 450:	12001c21 	and	w1, w1, #0xff
 454:	7100383f 	cmp	w1, #0xe
 458:	540000a8 	b.hi	46c <uart_u64hex+0x5c>  // b.pmore
 45c:	92401c21 	and	x1, x1, #0xff
 460:	38616804 	ldrb	w4, [x0, x1]
 464:	14000002 	b	46c <uart_u64hex+0x5c>
 468:	d503201f 	nop
 46c:	b9401841 	ldr	w1, [x2, #24]
 470:	372fffc1 	tbnz	w1, #5, 468 <uart_u64hex+0x58>
 474:	b9000044 	str	w4, [x2]
 478:	51001063 	sub	w3, w3, #0x4
 47c:	3100107f 	cmn	w3, #0x4
 480:	54fffe01 	b.ne	440 <uart_u64hex+0x30>  // b.any
 484:	a8c17bfd 	ldp	x29, x30, [sp], #16
 488:	d65f03c0 	ret
 48c:	d503201f 	nop

0000000000000490 <uart_u64hex_s>:
 490:	aa0003e6 	mov	x6, x0
 494:	b0000008 	adrp	x8, 1000 <__task_ro_beg+0x168>
 498:	91024107 	add	x7, x8, #0x90
 49c:	a9bf7bfd 	stp	x29, x30, [sp, #-16]!
 4a0:	910040e0 	add	x0, x7, #0x10
 4a4:	910003fd 	mov	x29, sp
 4a8:	97ffff9a 	bl	310 <uart_puts>
 4ac:	d2820002 	mov	x2, #0x1000                	// #4096
 4b0:	52800783 	mov	w3, #0x3c                  	// #60
 4b4:	52800005 	mov	w5, #0x0                   	// #0
 4b8:	f2a7e402 	movk	x2, #0x3f20, lsl #16
 4bc:	d503201f 	nop
 4c0:	520000a4 	eor	w4, w5, #0x1
 4c4:	9ac324c1 	lsr	x1, x6, x3
 4c8:	72001c21 	ands	w1, w1, #0xff
 4cc:	52800005 	mov	w5, #0x0                   	// #0
 4d0:	1a9f0084 	csel	w4, w4, wzr, eq  // eq = none
 4d4:	350001e4 	cbnz	w4, 510 <uart_u64hex_s+0x80>
 4d8:	12000c21 	and	w1, w1, #0xf
 4dc:	52800600 	mov	w0, #0x30                  	// #48
 4e0:	51000421 	sub	w1, w1, #0x1
 4e4:	12001c21 	and	w1, w1, #0xff
 4e8:	7100383f 	cmp	w1, #0xe
 4ec:	540000a8 	b.hi	500 <uart_u64hex_s+0x70>  // b.pmore
 4f0:	92401c21 	and	x1, x1, #0xff
 4f4:	386168e0 	ldrb	w0, [x7, x1]
 4f8:	14000002 	b	500 <uart_u64hex_s+0x70>
 4fc:	d503201f 	nop
 500:	b9401841 	ldr	w1, [x2, #24]
 504:	372fffc1 	tbnz	w1, #5, 4fc <uart_u64hex_s+0x6c>
 508:	52800025 	mov	w5, #0x1                   	// #1
 50c:	b9000040 	str	w0, [x2]
 510:	71001063 	subs	w3, w3, #0x4
 514:	54fffd61 	b.ne	4c0 <uart_u64hex_s+0x30>  // b.any
 518:	12000cc0 	and	w0, w6, #0xf
 51c:	52800602 	mov	w2, #0x30                  	// #48
 520:	51000400 	sub	w0, w0, #0x1
 524:	12001c00 	and	w0, w0, #0xff
 528:	7100381f 	cmp	w0, #0xe
 52c:	54000088 	b.hi	53c <uart_u64hex_s+0xac>  // b.pmore
 530:	91024108 	add	x8, x8, #0x90
 534:	92401c00 	and	x0, x0, #0xff
 538:	38606902 	ldrb	w2, [x8, x0]
 53c:	d2820001 	mov	x1, #0x1000                	// #4096
 540:	f2a7e401 	movk	x1, #0x3f20, lsl #16
 544:	b9401820 	ldr	w0, [x1, #24]
 548:	362800a0 	tbz	w0, #5, 55c <uart_u64hex_s+0xcc>
 54c:	d503201f 	nop
 550:	d503201f 	nop
 554:	b9401820 	ldr	w0, [x1, #24]
 558:	372fffc0 	tbnz	w0, #5, 550 <uart_u64hex_s+0xc0>
 55c:	d2820000 	mov	x0, #0x1000                	// #4096
 560:	f2a7e400 	movk	x0, #0x3f20, lsl #16
 564:	b9000002 	str	w2, [x0]
 568:	a8c17bfd 	ldp	x29, x30, [sp], #16
 56c:	d65f03c0 	ret

0000000000000570 <mmu_print_range>:
 570:	a9bc7bfd 	stp	x29, x30, [sp, #-64]!
 574:	910003fd 	mov	x29, sp
 578:	a90153f3 	stp	x19, x20, [sp, #16]
 57c:	aa0203f4 	mov	x20, x2
 580:	b0000013 	adrp	x19, 1000 <__task_ro_beg+0x168>
 584:	9102a273 	add	x19, x19, #0xa8
 588:	a9025bf5 	stp	x21, x22, [sp, #32]
 58c:	d1000456 	sub	x22, x2, #0x1
 590:	aa0003f5 	mov	x21, x0
 594:	f9001bf7 	str	x23, [sp, #48]
 598:	aa0103f7 	mov	x23, x1
 59c:	97ffff9d 	bl	410 <uart_u64hex>
 5a0:	aa1303e0 	mov	x0, x19
 5a4:	97ffff5b 	bl	310 <uart_puts>
 5a8:	aa1703e0 	mov	x0, x23
 5ac:	97ffff99 	bl	410 <uart_u64hex>
 5b0:	91002260 	add	x0, x19, #0x8
 5b4:	97ffff57 	bl	310 <uart_puts>
 5b8:	8b1502c0 	add	x0, x22, x21
 5bc:	9ad40800 	udiv	x0, x0, x20
 5c0:	97ffff94 	bl	410 <uart_u64hex>
 5c4:	aa1303e0 	mov	x0, x19
 5c8:	97ffff52 	bl	310 <uart_puts>
 5cc:	8b1702c0 	add	x0, x22, x23
 5d0:	9ad40800 	udiv	x0, x0, x20
 5d4:	97ffff8f 	bl	410 <uart_u64hex>
 5d8:	91004260 	add	x0, x19, #0x10
 5dc:	a94153f3 	ldp	x19, x20, [sp, #16]
 5e0:	a9425bf5 	ldp	x21, x22, [sp, #32]
 5e4:	f9401bf7 	ldr	x23, [sp, #48]
 5e8:	a8c47bfd 	ldp	x29, x30, [sp], #64
 5ec:	17ffff49 	b	310 <uart_puts>

00000000000005f0 <mmu_enable_level_3_table_rw_blks>:
 5f0:	8b020022 	add	x2, x1, x2
 5f4:	eb02003f 	cmp	x1, x2
 5f8:	540001c2 	b.cs	630 <mmu_enable_level_3_table_rw_blks+0x40>  // b.hs, b.nlast
 5fc:	d0000004 	adrp	x4, 2000 <task2_header>
 600:	8b002423 	add	x3, x1, x0, lsl #9
 604:	d280e0e5 	mov	x5, #0x707                 	// #1799
 608:	f9401884 	ldr	x4, [x4, #48]
 60c:	f2e00405 	movk	x5, #0x20, lsl #48
 610:	8b0130a0 	add	x0, x5, x1, lsl #12
 614:	8b0230a2 	add	x2, x5, x2, lsl #12
 618:	8b030c81 	add	x1, x4, x3, lsl #3
 61c:	d503201f 	nop
 620:	f8008420 	str	x0, [x1], #8
 624:	91400400 	add	x0, x0, #0x1, lsl #12
 628:	eb02001f 	cmp	x0, x2
 62c:	54ffffa1 	b.ne	620 <mmu_enable_level_3_table_rw_blks+0x30>  // b.any
 630:	d65f03c0 	ret
 634:	d503201f 	nop

0000000000000638 <mmu_enable_level_3_table_rox_blks>:
 638:	8b020022 	add	x2, x1, x2
 63c:	eb02003f 	cmp	x1, x2
 640:	540001c2 	b.cs	678 <mmu_enable_level_3_table_rox_blks+0x40>  // b.hs, b.nlast
 644:	d0000004 	adrp	x4, 2000 <task2_header>
 648:	8b002423 	add	x3, x1, x0, lsl #9
 64c:	d374cc20 	lsl	x0, x1, #12
 650:	d374cc42 	lsl	x2, x2, #12
 654:	f9401881 	ldr	x1, [x4, #48]
 658:	911e1c00 	add	x0, x0, #0x787
 65c:	911e1c42 	add	x2, x2, #0x787
 660:	8b030c21 	add	x1, x1, x3, lsl #3
 664:	d503201f 	nop
 668:	f8008420 	str	x0, [x1], #8
 66c:	91400400 	add	x0, x0, #0x1, lsl #12
 670:	eb02001f 	cmp	x0, x2
 674:	54ffffa1 	b.ne	668 <mmu_enable_level_3_table_rox_blks+0x30>  // b.any
 678:	d65f03c0 	ret
 67c:	d503201f 	nop

0000000000000680 <mmu_enable_level_3_table>:
 680:	a9ba7bfd 	stp	x29, x30, [sp, #-96]!
 684:	910003fd 	mov	x29, sp
 688:	a9046bf9 	stp	x25, x26, [sp, #64]
 68c:	913ffc39 	add	x25, x1, #0xfff
 690:	913ffc5a 	add	x26, x2, #0xfff
 694:	a9025bf5 	stp	x21, x22, [sp, #32]
 698:	aa0003f5 	mov	x21, x0
 69c:	aa0103f6 	mov	x22, x1
 6a0:	a90363f7 	stp	x23, x24, [sp, #48]
 6a4:	b0000018 	adrp	x24, 1000 <__task_ro_beg+0x168>
 6a8:	aa0203f7 	mov	x23, x2
 6ac:	f9002bfb 	str	x27, [sp, #80]
 6b0:	9102a31b 	add	x27, x24, #0xa8
 6b4:	91006360 	add	x0, x27, #0x18
 6b8:	a90153f3 	stp	x19, x20, [sp, #16]
 6bc:	d34cff34 	lsr	x20, x25, #12
 6c0:	97ffff14 	bl	310 <uart_puts>
 6c4:	8b5a3293 	add	x19, x20, x26, lsr #12
 6c8:	f13fff3f 	cmp	x25, #0xfff
 6cc:	d36aa6b9 	lsl	x25, x21, #22
 6d0:	540008a8 	b.hi	7e4 <mmu_enable_level_3_table+0x164>  // b.pmore
 6d4:	f13fff5f 	cmp	x26, #0xfff
 6d8:	54000568 	b.hi	784 <mmu_enable_level_3_table+0x104>  // b.pmore
 6dc:	f108027f 	cmp	x19, #0x200
 6e0:	54000101 	b.ne	700 <mmu_enable_level_3_table+0x80>  // b.any
 6e4:	a94153f3 	ldp	x19, x20, [sp, #16]
 6e8:	a9425bf5 	ldp	x21, x22, [sp, #32]
 6ec:	a94363f7 	ldp	x23, x24, [sp, #48]
 6f0:	a9446bf9 	ldp	x25, x26, [sp, #64]
 6f4:	f9402bfb 	ldr	x27, [sp, #80]
 6f8:	a8c67bfd 	ldp	x29, x30, [sp], #96
 6fc:	d65f03c0 	ret
 700:	9102a318 	add	x24, x24, #0xa8
 704:	91014300 	add	x0, x24, #0x50
 708:	97ffff02 	bl	310 <uart_puts>
 70c:	91480321 	add	x1, x25, #0x200, lsl #12
 710:	d2820002 	mov	x2, #0x1000                	// #4096
 714:	8b1702c0 	add	x0, x22, x23
 718:	8b190000 	add	x0, x0, x25
 71c:	97ffff95 	bl	570 <mmu_print_range>
 720:	91016300 	add	x0, x24, #0x58
 724:	97fffefb 	bl	310 <uart_puts>
 728:	f107fe7f 	cmp	x19, #0x1ff
 72c:	54fffdc8 	b.hi	6e4 <mmu_enable_level_3_table+0x64>  // b.pmore
 730:	d0000001 	adrp	x1, 2000 <task2_header>
 734:	8b152675 	add	x21, x19, x21, lsl #9
 738:	d280e0e0 	mov	x0, #0x707                 	// #1799
 73c:	b20b03e2 	mov	x2, #0x20000000200000      	// #9007199256838144
 740:	f9401821 	ldr	x1, [x1, #48]
 744:	f2e00400 	movk	x0, #0x20, lsl #48
 748:	8b133000 	add	x0, x0, x19, lsl #12
 74c:	f280e0e2 	movk	x2, #0x707
 750:	8b150c21 	add	x1, x1, x21, lsl #3
 754:	d503201f 	nop
 758:	f8008420 	str	x0, [x1], #8
 75c:	91400400 	add	x0, x0, #0x1, lsl #12
 760:	eb02001f 	cmp	x0, x2
 764:	54ffffa1 	b.ne	758 <mmu_enable_level_3_table+0xd8>  // b.any
 768:	a94153f3 	ldp	x19, x20, [sp, #16]
 76c:	a9425bf5 	ldp	x21, x22, [sp, #32]
 770:	a94363f7 	ldp	x23, x24, [sp, #48]
 774:	a9446bf9 	ldp	x25, x26, [sp, #64]
 778:	f9402bfb 	ldr	x27, [sp, #80]
 77c:	a8c67bfd 	ldp	x29, x30, [sp], #96
 780:	d65f03c0 	ret
 784:	9102a31a 	add	x26, x24, #0xa8
 788:	91018340 	add	x0, x26, #0x60
 78c:	97fffee1 	bl	310 <uart_puts>
 790:	8b160320 	add	x0, x25, x22
 794:	d2820002 	mov	x2, #0x1000                	// #4096
 798:	8b170001 	add	x1, x0, x23
 79c:	97ffff75 	bl	570 <mmu_print_range>
 7a0:	91016340 	add	x0, x26, #0x58
 7a4:	97fffedb 	bl	310 <uart_puts>
 7a8:	eb14027f 	cmp	x19, x20
 7ac:	54fff989 	b.ls	6dc <mmu_enable_level_3_table+0x5c>  // b.plast
 7b0:	d0000002 	adrp	x2, 2000 <task2_header>
 7b4:	8b152680 	add	x0, x20, x21, lsl #9
 7b8:	d374ce83 	lsl	x3, x20, #12
 7bc:	d374ce61 	lsl	x1, x19, #12
 7c0:	f9401842 	ldr	x2, [x2, #48]
 7c4:	911e1c63 	add	x3, x3, #0x787
 7c8:	911e1c21 	add	x1, x1, #0x787
 7cc:	8b000c40 	add	x0, x2, x0, lsl #3
 7d0:	f8008403 	str	x3, [x0], #8
 7d4:	91400463 	add	x3, x3, #0x1, lsl #12
 7d8:	eb01007f 	cmp	x3, x1
 7dc:	54ffffa1 	b.ne	7d0 <mmu_enable_level_3_table+0x150>  // b.any
 7e0:	17ffffbf 	b	6dc <mmu_enable_level_3_table+0x5c>
 7e4:	91014360 	add	x0, x27, #0x50
 7e8:	97fffeca 	bl	310 <uart_puts>
 7ec:	8b160321 	add	x1, x25, x22
 7f0:	d2820002 	mov	x2, #0x1000                	// #4096
 7f4:	aa1903e0 	mov	x0, x25
 7f8:	97ffff5e 	bl	570 <mmu_print_range>
 7fc:	91016360 	add	x0, x27, #0x58
 800:	97fffec4 	bl	310 <uart_puts>
 804:	b4fff694 	cbz	x20, 6d4 <mmu_enable_level_3_table+0x54>
 808:	d0000001 	adrp	x1, 2000 <task2_header>
 80c:	d280e0e0 	mov	x0, #0x707                 	// #1799
 810:	f2e00400 	movk	x0, #0x20, lsl #48
 814:	f9401821 	ldr	x1, [x1, #48]
 818:	8b143002 	add	x2, x0, x20, lsl #12
 81c:	8b153021 	add	x1, x1, x21, lsl #12
 820:	f8008420 	str	x0, [x1], #8
 824:	91400400 	add	x0, x0, #0x1, lsl #12
 828:	eb02001f 	cmp	x0, x2
 82c:	54ffffa1 	b.ne	820 <mmu_enable_level_3_table+0x1a0>  // b.any
 830:	17ffffa9 	b	6d4 <mmu_enable_level_3_table+0x54>
 834:	d503201f 	nop

0000000000000838 <mmu_enable_level_2_table>:
 838:	a9bb7bfd 	stp	x29, x30, [sp, #-80]!
 83c:	910003fd 	mov	x29, sp
 840:	a90153f3 	stp	x19, x20, [sp, #16]
 844:	aa0003f3 	mov	x19, x0
 848:	b0000014 	adrp	x20, 1000 <__task_ro_beg+0x168>
 84c:	9102a294 	add	x20, x20, #0xa8
 850:	a9025bf5 	stp	x21, x22, [sp, #32]
 854:	9101a280 	add	x0, x20, #0x68
 858:	a90363f7 	stp	x23, x24, [sp, #48]
 85c:	aa0103f8 	mov	x24, x1
 860:	d280e0b7 	mov	x23, #0x705                 	// #1797
 864:	f90023f9 	str	x25, [sp, #64]
 868:	97fffeaa 	bl	310 <uart_puts>
 86c:	d36aa679 	lsl	x25, x19, #22
 870:	91014280 	add	x0, x20, #0x50
 874:	97fffea7 	bl	310 <uart_puts>
 878:	f2e00417 	movk	x23, #0x20, lsl #48
 87c:	91480321 	add	x1, x25, #0x200, lsl #12
 880:	d2a00402 	mov	x2, #0x200000              	// #2097152
 884:	aa1903e0 	mov	x0, x25
 888:	97ffff3a 	bl	570 <mmu_print_range>
 88c:	91016280 	add	x0, x20, #0x58
 890:	cb1902f7 	sub	x23, x23, x25
 894:	97fffe9f 	bl	310 <uart_puts>
 898:	91024296 	add	x22, x20, #0x90
 89c:	d0000002 	adrp	x2, 2000 <task2_header>
 8a0:	d0000001 	adrp	x1, 2000 <task2_header>
 8a4:	d369a260 	lsl	x0, x19, #23
 8a8:	d2800015 	mov	x21, #0x0                   	// #0
 8ac:	f9401842 	ldr	x2, [x2, #48]
 8b0:	91480019 	add	x25, x0, #0x200, lsl #12
 8b4:	f9401421 	ldr	x1, [x1, #40]
 8b8:	eb15031f 	cmp	x24, x21
 8bc:	8b133042 	add	x2, x2, x19, lsl #12
 8c0:	91000c54 	add	x20, x2, #0x3
 8c4:	8b131033 	add	x19, x1, x19, lsl #4
 8c8:	8b0002e1 	add	x1, x23, x0
 8cc:	54000200 	b.eq	90c <mmu_enable_level_2_table+0xd4>  // b.none
 8d0:	f9000261 	str	x1, [x19]
 8d4:	aa1903e0 	mov	x0, x25
 8d8:	91002273 	add	x19, x19, #0x8
 8dc:	b40000f5 	cbz	x21, 8f8 <mmu_enable_level_2_table+0xc0>
 8e0:	a94153f3 	ldp	x19, x20, [sp, #16]
 8e4:	a9425bf5 	ldp	x21, x22, [sp, #32]
 8e8:	a94363f7 	ldp	x23, x24, [sp, #48]
 8ec:	f94023f9 	ldr	x25, [sp, #64]
 8f0:	a8c57bfd 	ldp	x29, x30, [sp], #80
 8f4:	d65f03c0 	ret
 8f8:	d2800035 	mov	x21, #0x1                   	// #1
 8fc:	91480019 	add	x25, x0, #0x200, lsl #12
 900:	8b0002e1 	add	x1, x23, x0
 904:	eb15031f 	cmp	x24, x21
 908:	54fffe41 	b.ne	8d0 <mmu_enable_level_2_table+0x98>  // b.any
 90c:	aa1903e1 	mov	x1, x25
 910:	d2a00402 	mov	x2, #0x200000              	// #2097152
 914:	97ffff17 	bl	570 <mmu_print_range>
 918:	aa1603e0 	mov	x0, x22
 91c:	97fffe7d 	bl	310 <uart_puts>
 920:	f9000274 	str	x20, [x19]
 924:	17ffffec 	b	8d4 <mmu_enable_level_2_table+0x9c>

0000000000000928 <mmu_enable>:
 928:	a9bd7bfd 	stp	x29, x30, [sp, #-48]!
 92c:	910003fd 	mov	x29, sp
 930:	a90153f3 	stp	x19, x20, [sp, #16]
 934:	f90013f5 	str	x21, [sp, #32]
 938:	aa0103f5 	mov	x21, x1
 93c:	d29fe081 	mov	x1, #0xff04                	// #65284
 940:	d518a201 	msr	mair_el1, x1
 944:	b40001b5 	cbz	x21, 978 <mmu_enable+0x50>
 948:	aa0003f4 	mov	x20, x0
 94c:	d2800013 	mov	x19, #0x0                   	// #0
 950:	aa1303e0 	mov	x0, x19
 954:	d2800021 	mov	x1, #0x1                   	// #1
 958:	97ffffb8 	bl	838 <mmu_enable_level_2_table>
 95c:	f9400682 	ldr	x2, [x20, #8]
 960:	aa1303e0 	mov	x0, x19
 964:	f8410681 	ldr	x1, [x20], #16
 968:	91000673 	add	x19, x19, #0x1
 96c:	97ffff45 	bl	680 <mmu_enable_level_3_table>
 970:	eb1302bf 	cmp	x21, x19
 974:	54fffee1 	b.ne	950 <mmu_enable+0x28>  // b.any
 978:	b0000013 	adrp	x19, 1000 <__task_ro_beg+0x168>
 97c:	9102a273 	add	x19, x19, #0xa8
 980:	9102a260 	add	x0, x19, #0xa8
 984:	97fffe63 	bl	310 <uart_puts>
 988:	d2a00402 	mov	x2, #0x200000              	// #2097152
 98c:	d2a80001 	mov	x1, #0x40000000            	// #1073741824
 990:	d2a7e000 	mov	x0, #0x3f000000            	// #1056964608
 994:	97fffef7 	bl	570 <mmu_print_range>
 998:	91016260 	add	x0, x19, #0x58
 99c:	97fffe5d 	bl	310 <uart_puts>
 9a0:	d0000000 	adrp	x0, 2000 <task2_header>
 9a4:	d280c028 	mov	x8, #0x601                 	// #1537
 9a8:	d280c027 	mov	x7, #0x601                 	// #1537
 9ac:	d280c026 	mov	x6, #0x601                 	// #1537
 9b0:	f9401400 	ldr	x0, [x0, #40]
 9b4:	d280c025 	mov	x5, #0x601                 	// #1537
 9b8:	d280c024 	mov	x4, #0x601                 	// #1537
 9bc:	d280c023 	mov	x3, #0x601                 	// #1537
 9c0:	913f0009 	add	x9, x0, #0xfc0
 9c4:	913f800a 	add	x10, x0, #0xfe0
 9c8:	d280c022 	mov	x2, #0x601                 	// #1537
 9cc:	d280c021 	mov	x1, #0x601                 	// #1537
 9d0:	f2a7e008 	movk	x8, #0x3f00, lsl #16
 9d4:	f2a7e407 	movk	x7, #0x3f20, lsl #16
 9d8:	f2a7e806 	movk	x6, #0x3f40, lsl #16
 9dc:	f2a7ec05 	movk	x5, #0x3f60, lsl #16
 9e0:	f2a7f004 	movk	x4, #0x3f80, lsl #16
 9e4:	f2a7f403 	movk	x3, #0x3fa0, lsl #16
 9e8:	f2a7f802 	movk	x2, #0x3fc0, lsl #16
 9ec:	f2a7fc01 	movk	x1, #0x3fe0, lsl #16
 9f0:	f2e00408 	movk	x8, #0x20, lsl #48
 9f4:	f2e00407 	movk	x7, #0x20, lsl #48
 9f8:	f2e00406 	movk	x6, #0x20, lsl #48
 9fc:	f2e00405 	movk	x5, #0x20, lsl #48
 a00:	f2e00404 	movk	x4, #0x20, lsl #48
 a04:	f2e00403 	movk	x3, #0x20, lsl #48
 a08:	f2e00402 	movk	x2, #0x20, lsl #48
 a0c:	f2e00401 	movk	x1, #0x20, lsl #48
 a10:	a94153f3 	ldp	x19, x20, [sp, #16]
 a14:	f94013f5 	ldr	x21, [sp, #32]
 a18:	a9001d28 	stp	x8, x7, [x9]
 a1c:	a9000d44 	stp	x4, x3, [x10]
 a20:	a9011526 	stp	x6, x5, [x9, #16]
 a24:	a9010542 	stp	x2, x1, [x10, #16]
 a28:	a8c37bfd 	ldp	x29, x30, [sp], #48
 a2c:	d65f03c0 	ret

0000000000000a30 <timer_init_core0>:
 a30:	9e630000 	ucvtf	d0, x0
 a34:	d2c80001 	mov	x1, #0x400000000000        	// #70368744177664
 a38:	f2e811e1 	movk	x1, #0x408f, lsl #48
 a3c:	9e670022 	fmov	d2, x1
 a40:	d2c9f001 	mov	x1, #0x4f8000000000        	// #87411174408192
 a44:	d2800685 	mov	x5, #0x34                  	// #52
 a48:	f2e83041 	movk	x1, #0x4182, lsl #48
 a4c:	9e670021 	fmov	d1, x1
 a50:	1e621800 	fdiv	d0, d0, d2
 a54:	d2800481 	mov	x1, #0x24                  	// #36
 a58:	f2a80001 	movk	x1, #0x4000, lsl #16
 a5c:	f2a80005 	movk	x5, #0x4000, lsl #16
 a60:	d2800803 	mov	x3, #0x40                  	// #64
 a64:	52a60006 	mov	w6, #0x30000000            	// #805306368
 a68:	f2a80003 	movk	x3, #0x4000, lsl #16
 a6c:	b900003f 	str	wzr, [x1]
 a70:	52800044 	mov	w4, #0x2                   	// #2
 a74:	52b80002 	mov	w2, #0xc0000000            	// #-1073741824
 a78:	1e610800 	fmul	d0, d0, d1
 a7c:	9e790000 	fcvtzu	x0, d0
 a80:	0b060000 	add	w0, w0, w6
 a84:	b90000a0 	str	w0, [x5]
 a88:	b9000064 	str	w4, [x3]
 a8c:	b9001422 	str	w2, [x1, #20]
 a90:	d65f03c0 	ret
 a94:	d503201f 	nop

0000000000000a98 <timer_one_shot_sys>:
 a98:	d2860002 	mov	x2, #0x3000                	// #12288
 a9c:	f100041f 	cmp	x0, #0x1
 aa0:	f2a7e002 	movk	x2, #0x3f00, lsl #16
 aa4:	b9400440 	ldr	w0, [x2, #4]
 aa8:	0b010000 	add	w0, w0, w1
 aac:	540000a0 	b.eq	ac0 <timer_one_shot_sys+0x28>  // b.none
 ab0:	b9001840 	str	w0, [x2, #24]
 ab4:	52800100 	mov	w0, #0x8                   	// #8
 ab8:	b9000040 	str	w0, [x2]
 abc:	d65f03c0 	ret
 ac0:	b9001040 	str	w0, [x2, #16]
 ac4:	52800040 	mov	w0, #0x2                   	// #2
 ac8:	b9000040 	str	w0, [x2]
 acc:	d65f03c0 	ret

0000000000000ad0 <timer_delay_sys>:
 ad0:	d2860003 	mov	x3, #0x3000                	// #12288
 ad4:	f100041f 	cmp	x0, #0x1
 ad8:	f2a7e003 	movk	x3, #0x3f00, lsl #16
 adc:	b9400460 	ldr	w0, [x3, #4]
 ae0:	0b010000 	add	w0, w0, w1
 ae4:	54000100 	b.eq	b04 <timer_delay_sys+0x34>  // b.none
 ae8:	aa0303e2 	mov	x2, x3
 aec:	b9001860 	str	w0, [x3, #24]
 af0:	52800100 	mov	w0, #0x8                   	// #8
 af4:	b9000060 	str	w0, [x3]
 af8:	b9400040 	ldr	w0, [x2]
 afc:	361fffe0 	tbz	w0, #3, af8 <timer_delay_sys+0x28>
 b00:	d65f03c0 	ret
 b04:	aa0303e1 	mov	x1, x3
 b08:	b9001060 	str	w0, [x3, #16]
 b0c:	52800040 	mov	w0, #0x2                   	// #2
 b10:	b9000060 	str	w0, [x3]
 b14:	d503201f 	nop
 b18:	b9400020 	ldr	w0, [x1]
 b1c:	360fffe0 	tbz	w0, #1, b18 <timer_delay_sys+0x48>
 b20:	d65f03c0 	ret
 b24:	00000000 	.inst	0x00000000 ; undefined

0000000000000b28 <irq_enable_system_timer>:
 b28:	d2964001 	mov	x1, #0xb200                	// #45568
 b2c:	f100041f 	cmp	x0, #0x1
 b30:	f2a7e001 	movk	x1, #0x3f00, lsl #16
 b34:	52800082 	mov	w2, #0x4                   	// #4
 b38:	52800040 	mov	w0, #0x2                   	// #2
 b3c:	1a820000 	csel	w0, w0, w2, eq  // eq = none
 b40:	b9001020 	str	w0, [x1, #16]
 b44:	d65f03c0 	ret

0000000000000b48 <mbox_call>:
 b48:	d2971003 	mov	x3, #0xb880                	// #47232
 b4c:	f2a7e003 	movk	x3, #0x3f00, lsl #16
 b50:	b9401862 	ldr	w2, [x3, #24]
 b54:	36f80082 	tbz	w2, #31, b64 <mbox_call+0x1c>
 b58:	d503201f 	nop
 b5c:	b9401862 	ldr	w2, [x3, #24]
 b60:	37ffffc2 	tbnz	w2, #31, b58 <mbox_call+0x10>
 b64:	d2971003 	mov	x3, #0xb880                	// #47232
 b68:	2a0003e2 	mov	w2, w0
 b6c:	f2a7e003 	movk	x3, #0x3f00, lsl #16
 b70:	52b00005 	mov	w5, #0x80000000            	// #-2147483648
 b74:	33000c22 	bfxil	w2, w1, #0, #4
 b78:	aa0303e1 	mov	x1, x3
 b7c:	b9002062 	str	w2, [x3, #32]
 b80:	320107e4 	mov	w4, #0x80000001            	// #-2147483647
 b84:	b9400403 	ldr	w3, [x0, #4]
 b88:	b9401820 	ldr	w0, [x1, #24]
 b8c:	37f00140 	tbnz	w0, #30, bb4 <mbox_call+0x6c>
 b90:	b9400020 	ldr	w0, [x1]
 b94:	6b00005f 	cmp	w2, w0
 b98:	54ffff81 	b.ne	b88 <mbox_call+0x40>  // b.any
 b9c:	6b05007f 	cmp	w3, w5
 ba0:	540000e0 	b.eq	bbc <mbox_call+0x74>  // b.none
 ba4:	6b04007f 	cmp	w3, w4
 ba8:	54ffff01 	b.ne	b88 <mbox_call+0x40>  // b.any
 bac:	12800000 	mov	w0, #0xffffffff            	// #-1
 bb0:	d65f03c0 	ret
 bb4:	d503201f 	nop
 bb8:	17fffff4 	b	b88 <mbox_call+0x40>
 bbc:	52800000 	mov	w0, #0x0                   	// #0
 bc0:	d65f03c0 	ret
 bc4:	00000000 	.inst	0x00000000 ; undefined

0000000000000bc8 <task_get_list_item>:
 bc8:	d36aa400 	lsl	x0, x0, #22
 bcc:	d28a8921 	mov	x1, #0x5449                	// #21577
 bd0:	91480000 	add	x0, x0, #0x200, lsl #12
 bd4:	f2a9a8a1 	movk	x1, #0x4d45, lsl #16
 bd8:	f9400002 	ldr	x2, [x0]
 bdc:	eb01005f 	cmp	x2, x1
 be0:	54000041 	b.ne	be8 <task_get_list_item+0x20>  // b.any
 be4:	d65f03c0 	ret
 be8:	a9bf7bfd 	stp	x29, x30, [sp, #-16]!
 bec:	b0000000 	adrp	x0, 1000 <__task_ro_beg+0x168>
 bf0:	91062000 	add	x0, x0, #0x188
 bf4:	910003fd 	mov	x29, sp
 bf8:	97fffdc6 	bl	310 <uart_puts>
 bfc:	d2800000 	mov	x0, #0x0                   	// #0
 c00:	a8c17bfd 	ldp	x29, x30, [sp], #16
 c04:	d65f03c0 	ret

0000000000000c08 <task_get_header>:
 c08:	d36aa401 	lsl	x1, x0, #22
 c0c:	a9bf7bfd 	stp	x29, x30, [sp, #-16]!
 c10:	91480021 	add	x1, x1, #0x200, lsl #12
 c14:	910003fd 	mov	x29, sp
 c18:	d28a8922 	mov	x2, #0x5449                	// #21577
 c1c:	f9400020 	ldr	x0, [x1]
 c20:	f2a9a8a2 	movk	x2, #0x4d45, lsl #16
 c24:	eb02001f 	cmp	x0, x2
 c28:	540001e1 	b.ne	c64 <task_get_header+0x5c>  // b.any
 c2c:	f9400822 	ldr	x2, [x1, #16]
 c30:	d2882a83 	mov	x3, #0x4154                	// #16724
 c34:	f2a96a63 	movk	x3, #0x4b53, lsl #16
 c38:	8b020020 	add	x0, x1, x2
 c3c:	f8626821 	ldr	x1, [x1, x2]
 c40:	eb03003f 	cmp	x1, x3
 c44:	540000c0 	b.eq	c5c <task_get_header+0x54>  // b.none
 c48:	b0000000 	adrp	x0, 1000 <__task_ro_beg+0x168>
 c4c:	91062000 	add	x0, x0, #0x188
 c50:	9100c000 	add	x0, x0, #0x30
 c54:	97fffdaf 	bl	310 <uart_puts>
 c58:	d2800000 	mov	x0, #0x0                   	// #0
 c5c:	a8c17bfd 	ldp	x29, x30, [sp], #16
 c60:	d65f03c0 	ret
 c64:	b0000000 	adrp	x0, 1000 <__task_ro_beg+0x168>
 c68:	91062000 	add	x0, x0, #0x188
 c6c:	97fffda9 	bl	310 <uart_puts>
 c70:	d2800000 	mov	x0, #0x0                   	// #0
 c74:	f9400800 	ldr	x0, [x0, #16]
 c78:	d4207d00 	brk	#0x3e8
 c7c:	d503201f 	nop

0000000000000c80 <task_header_rebase>:
 c80:	a9bc7bfd 	stp	x29, x30, [sp, #-64]!
 c84:	d28a8921 	mov	x1, #0x5449                	// #21577
 c88:	f2a9a8a1 	movk	x1, #0x4d45, lsl #16
 c8c:	910003fd 	mov	x29, sp
 c90:	a90153f3 	stp	x19, x20, [sp, #16]
 c94:	d36aa413 	lsl	x19, x0, #22
 c98:	91480273 	add	x19, x19, #0x200, lsl #12
 c9c:	a9025bf5 	stp	x21, x22, [sp, #32]
 ca0:	aa0003f6 	mov	x22, x0
 ca4:	f9400260 	ldr	x0, [x19]
 ca8:	f9001bf7 	str	x23, [sp, #48]
 cac:	eb01001f 	cmp	x0, x1
 cb0:	540006a1 	b.ne	d84 <task_header_rebase+0x104>  // b.any
 cb4:	f9400a60 	ldr	x0, [x19, #16]
 cb8:	d2882a81 	mov	x1, #0x4154                	// #16724
 cbc:	f2a96a61 	movk	x1, #0x4b53, lsl #16
 cc0:	8b000274 	add	x20, x19, x0
 cc4:	f8606a60 	ldr	x0, [x19, x0]
 cc8:	eb01001f 	cmp	x0, x1
 ccc:	54000681 	b.ne	d9c <task_header_rebase+0x11c>  // b.any
 cd0:	b0000015 	adrp	x21, 1000 <__task_ro_beg+0x168>
 cd4:	910622b5 	add	x21, x21, #0x188
 cd8:	910182a0 	add	x0, x21, #0x60
 cdc:	97fffd8d 	bl	310 <uart_puts>
 ce0:	aa1603e0 	mov	x0, x22
 ce4:	97fffdeb 	bl	490 <uart_u64hex_s>
 ce8:	910242a0 	add	x0, x21, #0x90
 cec:	97fffd89 	bl	310 <uart_puts>
 cf0:	910282b6 	add	x22, x21, #0xa0
 cf4:	aa1303e0 	mov	x0, x19
 cf8:	97fffde6 	bl	490 <uart_u64hex_s>
 cfc:	910342b7 	add	x23, x21, #0xd0
 d00:	aa1603e0 	mov	x0, x22
 d04:	97fffd83 	bl	310 <uart_puts>
 d08:	9102a2a0 	add	x0, x21, #0xa8
 d0c:	97fffd81 	bl	310 <uart_puts>
 d10:	f9400a80 	ldr	x0, [x20, #16]
 d14:	97fffddf 	bl	490 <uart_u64hex_s>
 d18:	aa1703e0 	mov	x0, x23
 d1c:	97fffd7d 	bl	310 <uart_puts>
 d20:	f9400a80 	ldr	x0, [x20, #16]
 d24:	8b130000 	add	x0, x0, x19
 d28:	97fffdda 	bl	490 <uart_u64hex_s>
 d2c:	aa1603e0 	mov	x0, x22
 d30:	97fffd78 	bl	310 <uart_puts>
 d34:	910362a0 	add	x0, x21, #0xd8
 d38:	97fffd76 	bl	310 <uart_puts>
 d3c:	f9400e80 	ldr	x0, [x20, #24]
 d40:	97fffdd4 	bl	490 <uart_u64hex_s>
 d44:	aa1703e0 	mov	x0, x23
 d48:	97fffd72 	bl	310 <uart_puts>
 d4c:	f9400e80 	ldr	x0, [x20, #24]
 d50:	8b130000 	add	x0, x0, x19
 d54:	97fffdcf 	bl	490 <uart_u64hex_s>
 d58:	aa1603e0 	mov	x0, x22
 d5c:	97fffd6d 	bl	310 <uart_puts>
 d60:	a9410281 	ldp	x1, x0, [x20, #16]
 d64:	a9425bf5 	ldp	x21, x22, [sp, #32]
 d68:	f9401bf7 	ldr	x23, [sp, #48]
 d6c:	8b130021 	add	x1, x1, x19
 d70:	8b130013 	add	x19, x0, x19
 d74:	a9014e81 	stp	x1, x19, [x20, #16]
 d78:	a94153f3 	ldp	x19, x20, [sp, #16]
 d7c:	a8c47bfd 	ldp	x29, x30, [sp], #64
 d80:	d65f03c0 	ret
 d84:	b0000000 	adrp	x0, 1000 <__task_ro_beg+0x168>
 d88:	91062000 	add	x0, x0, #0x188
 d8c:	97fffd61 	bl	310 <uart_puts>
 d90:	d2800000 	mov	x0, #0x0                   	// #0
 d94:	f9400800 	ldr	x0, [x0, #16]
 d98:	d4207d00 	brk	#0x3e8
 d9c:	b0000014 	adrp	x20, 1000 <__task_ro_beg+0x168>
 da0:	91062294 	add	x20, x20, #0x188
 da4:	9100c280 	add	x0, x20, #0x30
 da8:	97fffd5a 	bl	310 <uart_puts>
 dac:	91018280 	add	x0, x20, #0x60
 db0:	97fffd58 	bl	310 <uart_puts>
 db4:	aa1603e0 	mov	x0, x22
 db8:	97fffdb6 	bl	490 <uart_u64hex_s>
 dbc:	91024280 	add	x0, x20, #0x90
 dc0:	97fffd54 	bl	310 <uart_puts>
 dc4:	aa1303e0 	mov	x0, x19
 dc8:	97fffdb2 	bl	490 <uart_u64hex_s>
 dcc:	91028280 	add	x0, x20, #0xa0
 dd0:	97fffd50 	bl	310 <uart_puts>
 dd4:	9102a280 	add	x0, x20, #0xa8
 dd8:	97fffd4e 	bl	310 <uart_puts>
 ddc:	d2800000 	mov	x0, #0x0                   	// #0
 de0:	f9400800 	ldr	x0, [x0, #16]
 de4:	d4207d00 	brk	#0x3e8

0000000000000de8 <task_bss_zero>:
 de8:	a9bd7bfd 	stp	x29, x30, [sp, #-48]!
 dec:	910003fd 	mov	x29, sp
 df0:	a90153f3 	stp	x19, x20, [sp, #16]
 df4:	d36aa413 	lsl	x19, x0, #22
 df8:	91480273 	add	x19, x19, #0x200, lsl #12
 dfc:	f9401274 	ldr	x20, [x19, #32]
 e00:	f90013f5 	str	x21, [sp, #32]
 e04:	b0000015 	adrp	x21, 1000 <__task_ro_beg+0x168>
 e08:	910622b5 	add	x21, x21, #0x188
 e0c:	910422a0 	add	x0, x21, #0x108
 e10:	97fffd40 	bl	310 <uart_puts>
 e14:	f9401260 	ldr	x0, [x19, #32]
 e18:	8b140274 	add	x20, x19, x20
 e1c:	8b000260 	add	x0, x19, x0
 e20:	97fffd9c 	bl	490 <uart_u64hex_s>
 e24:	9104a2a0 	add	x0, x21, #0x128
 e28:	97fffd3a 	bl	310 <uart_puts>
 e2c:	f9401660 	ldr	x0, [x19, #40]
 e30:	8b000260 	add	x0, x19, x0
 e34:	97fffd97 	bl	490 <uart_u64hex_s>
 e38:	910282a0 	add	x0, x21, #0xa0
 e3c:	97fffd35 	bl	310 <uart_puts>
 e40:	a9420660 	ldp	x0, x1, [x19, #32]
 e44:	eb00003f 	cmp	x1, x0
 e48:	54000100 	b.eq	e68 <task_bss_zero+0x80>  // b.none
 e4c:	d2800000 	mov	x0, #0x0                   	// #0
 e50:	38206a9f 	strb	wzr, [x20, x0]
 e54:	91000400 	add	x0, x0, #0x1
 e58:	a9420662 	ldp	x2, x1, [x19, #32]
 e5c:	cb020021 	sub	x1, x1, x2
 e60:	eb00003f 	cmp	x1, x0
 e64:	54ffff68 	b.hi	e50 <task_bss_zero+0x68>  // b.pmore
 e68:	a94153f3 	ldp	x19, x20, [sp, #16]
 e6c:	f94013f5 	ldr	x21, [sp, #32]
 e70:	a8c37bfd 	ldp	x29, x30, [sp], #48
 e74:	d65f03c0 	ret

0000000000000e78 <task_suspend>:
 e78:	aa0003e0 	mov	x0, x0
 e7c:	d4000021 	svc	#0x1
 e80:	d65f03c0 	ret
 e84:	d503201f 	nop

0000000000000e88 <task_sleep>:
 e88:	aa0003e0 	mov	x0, x0
 e8c:	d4000041 	svc	#0x2
 e90:	d65f03c0 	ret
