
task1.elf:     file format elf64-littleaarch64
architecture: aarch64, flags 0x00000112:
EXEC_P, HAS_SYMS, D_PAGED
start address 0x0000000000000030

Sections:
Idx Name          Size      VMA               LMA               File off  Algn
  0 .task_list_item 00000030  0000000000000000  0000000000000000  00001000  2**3
                  CONTENTS, ALLOC, LOAD, DATA
  1 .text         00000e54  0000000000000030  0000000000000030  00001030  2**3
                  CONTENTS, ALLOC, LOAD, READONLY, CODE
  2 .rodata       0000041a  0000000000000e88  0000000000000e88  00001e88  2**3
                  CONTENTS, ALLOC, LOAD, READONLY, DATA
  3 .task_header  00000020  0000000000002000  0000000000002000  00003000  2**3
                  CONTENTS, ALLOC, LOAD, DATA
  4 .got          00000030  0000000000002020  0000000000002020  00003020  2**3
                  CONTENTS, ALLOC, LOAD, DATA
  5 .bss          00009fb0  0000000000002050  0000000000002050  00003050  2**12
                  ALLOC

Disassembly of section .text:

0000000000000030 <task1_reset>:
  30:	a9be7bfd 	stp	x29, x30, [sp, #-32]!
  34:	910003fd 	mov	x29, sp
  38:	f9000bf3 	str	x19, [sp, #16]
  3c:	90000013 	adrp	x19, 0 <tasklistitem>
  40:	913a2273 	add	x19, x19, #0xe88
  44:	aa1303e0 	mov	x0, x19
  48:	940000ae 	bl	300 <uart_puts>
  4c:	910003e0 	mov	x0, sp
  50:	9400010c 	bl	480 <uart_u64hex_s>
  54:	9100a260 	add	x0, x19, #0x28
  58:	940000aa 	bl	300 <uart_puts>
  5c:	9100c260 	add	x0, x19, #0x30
  60:	940000a8 	bl	300 <uart_puts>
  64:	f9400bf3 	ldr	x19, [sp, #16]
  68:	d2800100 	mov	x0, #0x8                   	// #8
  6c:	a8c27bfd 	ldp	x29, x30, [sp], #32
  70:	1400037e 	b	e68 <task_suspend>
  74:	d503201f 	nop

0000000000000078 <task1_counter_init>:
  78:	f900001f 	str	xzr, [x0]
  7c:	d65f03c0 	ret

0000000000000080 <task1_main>:
  80:	a9bb7bfd 	stp	x29, x30, [sp, #-80]!
  84:	910003fd 	mov	x29, sp
  88:	a9025bf5 	stp	x21, x22, [sp, #32]
  8c:	90000016 	adrp	x22, 0 <tasklistitem>
  90:	913a22d6 	add	x22, x22, #0xe88
  94:	a90153f3 	stp	x19, x20, [sp, #16]
  98:	910182d4 	add	x20, x22, #0x60
  9c:	d2800015 	mov	x21, #0x0                   	// #0
  a0:	a90363f7 	stp	x23, x24, [sp, #48]
  a4:	910282d8 	add	x24, x22, #0xa0
  a8:	d0000017 	adrp	x23, 2000 <task1_header>
  ac:	a9046bf9 	stp	x25, x26, [sp, #64]
  b0:	9101a2da 	add	x26, x22, #0x68
  b4:	9101c2d9 	add	x25, x22, #0x70
  b8:	d2800013 	mov	x19, #0x0                   	// #0
  bc:	aa1303e0 	mov	x0, x19
  c0:	940000f0 	bl	480 <uart_u64hex_s>
  c4:	91000673 	add	x19, x19, #0x1
  c8:	aa1403e0 	mov	x0, x20
  cc:	9400008d 	bl	300 <uart_puts>
  d0:	f100167f 	cmp	x19, #0x5
  d4:	54ffff41 	b.ne	bc <task1_main+0x3c>  // b.any
  d8:	aa1a03e0 	mov	x0, x26
  dc:	94000089 	bl	300 <uart_puts>
  e0:	aa1903e0 	mov	x0, x25
  e4:	910016b5 	add	x21, x21, #0x5
  e8:	94000086 	bl	300 <uart_puts>
  ec:	910002f3 	add	x19, x23, #0x0
  f0:	aa1503e0 	mov	x0, x21
  f4:	940000e3 	bl	480 <uart_u64hex_s>
  f8:	aa1803e0 	mov	x0, x24
  fc:	94000081 	bl	300 <uart_puts>
 100:	9102a2c0 	add	x0, x22, #0xa8
 104:	9400007f 	bl	300 <uart_puts>
 108:	d2807d00 	mov	x0, #0x3e8                 	// #1000
 10c:	9400035b 	bl	e78 <task_sleep>
 110:	f9400660 	ldr	x0, [x19, #8]
 114:	360000e0 	tbz	w0, #0, 130 <task1_main+0xb0>
 118:	9103e2c0 	add	x0, x22, #0xf8
 11c:	94000079 	bl	300 <uart_puts>
 120:	f9400660 	ldr	x0, [x19, #8]
 124:	927ff800 	and	x0, x0, #0xfffffffffffffffe
 128:	f9000660 	str	x0, [x19, #8]
 12c:	17ffffe3 	b	b8 <task1_main+0x38>
 130:	9104c2c0 	add	x0, x22, #0x130
 134:	94000073 	bl	300 <uart_puts>
 138:	17ffffe0 	b	b8 <task1_main+0x38>
 13c:	d503201f 	nop

0000000000000140 <task1_init>:
 140:	a9be7bfd 	stp	x29, x30, [sp, #-32]!
 144:	910003fd 	mov	x29, sp
 148:	f9000bf3 	str	x19, [sp, #16]
 14c:	90000013 	adrp	x19, 0 <tasklistitem>
 150:	913a2273 	add	x19, x19, #0xe88
 154:	9105a260 	add	x0, x19, #0x168
 158:	9400006a 	bl	300 <uart_puts>
 15c:	910003e0 	mov	x0, sp
 160:	940000c8 	bl	480 <uart_u64hex_s>
 164:	9100a260 	add	x0, x19, #0x28
 168:	94000066 	bl	300 <uart_puts>
 16c:	91064260 	add	x0, x19, #0x190
 170:	94000064 	bl	300 <uart_puts>
 174:	d2800080 	mov	x0, #0x4                   	// #4
 178:	9400033c 	bl	e68 <task_suspend>
 17c:	91070260 	add	x0, x19, #0x1c0
 180:	94000060 	bl	300 <uart_puts>
 184:	97ffffbf 	bl	80 <task1_main>

0000000000000188 <uart_init>:
 188:	a9b67bfd 	stp	x29, x30, [sp, #-160]!
 18c:	d2900042 	mov	x2, #0x8002                	// #32770
 190:	f2a00062 	movk	x2, #0x3, lsl #16
 194:	910003fd 	mov	x29, sp
 198:	d2800101 	mov	x1, #0x8                   	// #8
 19c:	d2812000 	mov	x0, #0x900                 	// #2304
 1a0:	d2800483 	mov	x3, #0x24                  	// #36
 1a4:	f2c00182 	movk	x2, #0xc, lsl #32
 1a8:	f2c00041 	movk	x1, #0x2, lsl #32
 1ac:	f2a007a0 	movk	x0, #0x3d, lsl #16
 1b0:	a9010be3 	stp	x3, x2, [sp, #16]
 1b4:	a90203e1 	stp	x1, x0, [sp, #32]
 1b8:	b90033ff 	str	wzr, [sp, #48]
 1bc:	d5033fbf 	dmb	sy
 1c0:	d2800101 	mov	x1, #0x8                   	// #8
 1c4:	910043e0 	add	x0, sp, #0x10
 1c8:	9400025c 	bl	b38 <mbox_call>
 1cc:	3100041f 	cmn	w0, #0x1
 1d0:	54000780 	b.eq	2c0 <uart_init+0x138>  // b.none
 1d4:	d2800081 	mov	x1, #0x4                   	// #4
 1d8:	d2801283 	mov	x3, #0x94                  	// #148
 1dc:	f2a7e401 	movk	x1, #0x3f20, lsl #16
 1e0:	f2a7e403 	movk	x3, #0x3f20, lsl #16
 1e4:	528012c0 	mov	w0, #0x96                  	// #150
 1e8:	b9400022 	ldr	w2, [x1]
 1ec:	12117042 	and	w2, w2, #0xffff8fff
 1f0:	b9000022 	str	w2, [x1]
 1f4:	b9400022 	ldr	w2, [x1]
 1f8:	120e7042 	and	w2, w2, #0xfffc7fff
 1fc:	b9000022 	str	w2, [x1]
 200:	b9400022 	ldr	w2, [x1]
 204:	32120042 	orr	w2, w2, #0x4000
 208:	b9000022 	str	w2, [x1]
 20c:	b9400022 	ldr	w2, [x1]
 210:	320f0042 	orr	w2, w2, #0x20000
 214:	b9000022 	str	w2, [x1]
 218:	b9400061 	ldr	w1, [x3]
 21c:	121e7421 	and	w1, w1, #0xfffffffc
 220:	b9000061 	str	w1, [x3]
 224:	d503201f 	nop
 228:	d503201f 	nop
 22c:	71000400 	subs	w0, w0, #0x1
 230:	54ffffc1 	b.ne	228 <uart_init+0xa0>  // b.any
 234:	d2801302 	mov	x2, #0x98                  	// #152
 238:	528012c0 	mov	w0, #0x96                  	// #150
 23c:	f2a7e402 	movk	x2, #0x3f20, lsl #16
 240:	b9400041 	ldr	w1, [x2]
 244:	32120421 	orr	w1, w1, #0xc000
 248:	b9000041 	str	w1, [x2]
 24c:	d503201f 	nop
 250:	d503201f 	nop
 254:	71000400 	subs	w0, w0, #0x1
 258:	54ffffc1 	b.ne	250 <uart_init+0xc8>  // b.any
 25c:	d2801300 	mov	x0, #0x98                  	// #152
 260:	d2820001 	mov	x1, #0x1000                	// #4096
 264:	f2a7e400 	movk	x0, #0x3f20, lsl #16
 268:	f2a7e401 	movk	x1, #0x3f20, lsl #16
 26c:	52800164 	mov	w4, #0xb                   	// #11
 270:	52806023 	mov	w3, #0x301                 	// #769
 274:	b900001f 	str	wzr, [x0]
 278:	52800000 	mov	w0, #0x0                   	// #0
 27c:	b9404422 	ldr	w2, [x1, #68]
 280:	12155042 	and	w2, w2, #0xfffff800
 284:	b9004422 	str	w2, [x1, #68]
 288:	b9402422 	ldr	w2, [x1, #36]
 28c:	12103c42 	and	w2, w2, #0xffff0000
 290:	321f0042 	orr	w2, w2, #0x2
 294:	b9002422 	str	w2, [x1, #36]
 298:	b9402822 	ldr	w2, [x1, #40]
 29c:	121b6842 	and	w2, w2, #0xffffffe0
 2a0:	2a040042 	orr	w2, w2, w4
 2a4:	b9002822 	str	w2, [x1, #40]
 2a8:	b9402c22 	ldr	w2, [x1, #44]
 2ac:	321b0442 	orr	w2, w2, #0x60
 2b0:	b9002c22 	str	w2, [x1, #44]
 2b4:	b9403022 	ldr	w2, [x1, #48]
 2b8:	2a030042 	orr	w2, w2, w3
 2bc:	b9003022 	str	w2, [x1, #48]
 2c0:	a8ca7bfd 	ldp	x29, x30, [sp], #160
 2c4:	d65f03c0 	ret

00000000000002c8 <uart_send>:
 2c8:	d2820002 	mov	x2, #0x1000                	// #4096
 2cc:	12001c00 	and	w0, w0, #0xff
 2d0:	f2a7e402 	movk	x2, #0x3f20, lsl #16
 2d4:	b9401841 	ldr	w1, [x2, #24]
 2d8:	362800a1 	tbz	w1, #5, 2ec <uart_send+0x24>
 2dc:	d503201f 	nop
 2e0:	d503201f 	nop
 2e4:	b9401841 	ldr	w1, [x2, #24]
 2e8:	372fffc1 	tbnz	w1, #5, 2e0 <uart_send+0x18>
 2ec:	d2820001 	mov	x1, #0x1000                	// #4096
 2f0:	f2a7e401 	movk	x1, #0x3f20, lsl #16
 2f4:	b9000020 	str	w0, [x1]
 2f8:	d65f03c0 	ret
 2fc:	d503201f 	nop

0000000000000300 <uart_puts>:
 300:	39400001 	ldrb	w1, [x0]
 304:	34000221 	cbz	w1, 348 <uart_puts+0x48>
 308:	d2820002 	mov	x2, #0x1000                	// #4096
 30c:	528001a4 	mov	w4, #0xd                   	// #13
 310:	f2a7e402 	movk	x2, #0x3f20, lsl #16
 314:	d503201f 	nop
 318:	7100283f 	cmp	w1, #0xa
 31c:	540001a0 	b.eq	350 <uart_puts+0x50>  // b.none
 320:	b9401841 	ldr	w1, [x2, #24]
 324:	39400003 	ldrb	w3, [x0]
 328:	362800a1 	tbz	w1, #5, 33c <uart_puts+0x3c>
 32c:	d503201f 	nop
 330:	d503201f 	nop
 334:	b9401841 	ldr	w1, [x2, #24]
 338:	372fffc1 	tbnz	w1, #5, 330 <uart_puts+0x30>
 33c:	b9000043 	str	w3, [x2]
 340:	38401c01 	ldrb	w1, [x0, #1]!
 344:	35fffea1 	cbnz	w1, 318 <uart_puts+0x18>
 348:	d65f03c0 	ret
 34c:	d503201f 	nop
 350:	b9401841 	ldr	w1, [x2, #24]
 354:	372fffc1 	tbnz	w1, #5, 34c <uart_puts+0x4c>
 358:	b9000044 	str	w4, [x2]
 35c:	17fffff1 	b	320 <uart_puts+0x20>

0000000000000360 <uart_nputs>:
 360:	34000281 	cbz	w1, 3b0 <uart_nputs+0x50>
 364:	51000424 	sub	w4, w1, #0x1
 368:	d2820002 	mov	x2, #0x1000                	// #4096
 36c:	91000484 	add	x4, x4, #0x1
 370:	f2a7e402 	movk	x2, #0x3f20, lsl #16
 374:	8b040004 	add	x4, x0, x4
 378:	528001a5 	mov	w5, #0xd                   	// #13
 37c:	d503201f 	nop
 380:	39400003 	ldrb	w3, [x0]
 384:	34000163 	cbz	w3, 3b0 <uart_nputs+0x50>
 388:	7100287f 	cmp	w3, #0xa
 38c:	54000061 	b.ne	398 <uart_nputs+0x38>  // b.any
 390:	1400000a 	b	3b8 <uart_nputs+0x58>
 394:	d503201f 	nop
 398:	b9401841 	ldr	w1, [x2, #24]
 39c:	372fffc1 	tbnz	w1, #5, 394 <uart_nputs+0x34>
 3a0:	b9000043 	str	w3, [x2]
 3a4:	91000400 	add	x0, x0, #0x1
 3a8:	eb04001f 	cmp	x0, x4
 3ac:	54fffea1 	b.ne	380 <uart_nputs+0x20>  // b.any
 3b0:	d65f03c0 	ret
 3b4:	d503201f 	nop
 3b8:	b9401841 	ldr	w1, [x2, #24]
 3bc:	372fffc1 	tbnz	w1, #5, 3b4 <uart_nputs+0x54>
 3c0:	b9000045 	str	w5, [x2]
 3c4:	39400003 	ldrb	w3, [x0]
 3c8:	17fffff4 	b	398 <uart_nputs+0x38>
 3cc:	d503201f 	nop

00000000000003d0 <uart_tohex>:
 3d0:	12000c00 	and	w0, w0, #0xf
 3d4:	51000400 	sub	w0, w0, #0x1
 3d8:	12001c00 	and	w0, w0, #0xff
 3dc:	7100381f 	cmp	w0, #0xe
 3e0:	540000c8 	b.hi	3f8 <uart_tohex+0x28>  // b.pmore
 3e4:	92401c00 	and	x0, x0, #0xff
 3e8:	b0000001 	adrp	x1, 1000 <__task_ro_beg+0x178>
 3ec:	91020021 	add	x1, x1, #0x80
 3f0:	38606820 	ldrb	w0, [x1, x0]
 3f4:	d65f03c0 	ret
 3f8:	52800600 	mov	w0, #0x30                  	// #48
 3fc:	d65f03c0 	ret

0000000000000400 <uart_u64hex>:
 400:	aa0003e5 	mov	x5, x0
 404:	b0000006 	adrp	x6, 1000 <__task_ro_beg+0x178>
 408:	910200c6 	add	x6, x6, #0x80
 40c:	a9bf7bfd 	stp	x29, x30, [sp, #-16]!
 410:	910040c0 	add	x0, x6, #0x10
 414:	910003fd 	mov	x29, sp
 418:	97ffffba 	bl	300 <uart_puts>
 41c:	aa0603e0 	mov	x0, x6
 420:	d2820002 	mov	x2, #0x1000                	// #4096
 424:	52800783 	mov	w3, #0x3c                  	// #60
 428:	f2a7e402 	movk	x2, #0x3f20, lsl #16
 42c:	d503201f 	nop
 430:	9ac324a1 	lsr	x1, x5, x3
 434:	12000c21 	and	w1, w1, #0xf
 438:	51000421 	sub	w1, w1, #0x1
 43c:	52800604 	mov	w4, #0x30                  	// #48
 440:	12001c21 	and	w1, w1, #0xff
 444:	7100383f 	cmp	w1, #0xe
 448:	540000a8 	b.hi	45c <uart_u64hex+0x5c>  // b.pmore
 44c:	92401c21 	and	x1, x1, #0xff
 450:	38616804 	ldrb	w4, [x0, x1]
 454:	14000002 	b	45c <uart_u64hex+0x5c>
 458:	d503201f 	nop
 45c:	b9401841 	ldr	w1, [x2, #24]
 460:	372fffc1 	tbnz	w1, #5, 458 <uart_u64hex+0x58>
 464:	b9000044 	str	w4, [x2]
 468:	51001063 	sub	w3, w3, #0x4
 46c:	3100107f 	cmn	w3, #0x4
 470:	54fffe01 	b.ne	430 <uart_u64hex+0x30>  // b.any
 474:	a8c17bfd 	ldp	x29, x30, [sp], #16
 478:	d65f03c0 	ret
 47c:	d503201f 	nop

0000000000000480 <uart_u64hex_s>:
 480:	aa0003e6 	mov	x6, x0
 484:	b0000008 	adrp	x8, 1000 <__task_ro_beg+0x178>
 488:	91020107 	add	x7, x8, #0x80
 48c:	a9bf7bfd 	stp	x29, x30, [sp, #-16]!
 490:	910040e0 	add	x0, x7, #0x10
 494:	910003fd 	mov	x29, sp
 498:	97ffff9a 	bl	300 <uart_puts>
 49c:	d2820002 	mov	x2, #0x1000                	// #4096
 4a0:	52800783 	mov	w3, #0x3c                  	// #60
 4a4:	52800005 	mov	w5, #0x0                   	// #0
 4a8:	f2a7e402 	movk	x2, #0x3f20, lsl #16
 4ac:	d503201f 	nop
 4b0:	520000a4 	eor	w4, w5, #0x1
 4b4:	9ac324c1 	lsr	x1, x6, x3
 4b8:	72001c21 	ands	w1, w1, #0xff
 4bc:	52800005 	mov	w5, #0x0                   	// #0
 4c0:	1a9f0084 	csel	w4, w4, wzr, eq  // eq = none
 4c4:	350001e4 	cbnz	w4, 500 <uart_u64hex_s+0x80>
 4c8:	12000c21 	and	w1, w1, #0xf
 4cc:	52800600 	mov	w0, #0x30                  	// #48
 4d0:	51000421 	sub	w1, w1, #0x1
 4d4:	12001c21 	and	w1, w1, #0xff
 4d8:	7100383f 	cmp	w1, #0xe
 4dc:	540000a8 	b.hi	4f0 <uart_u64hex_s+0x70>  // b.pmore
 4e0:	92401c21 	and	x1, x1, #0xff
 4e4:	386168e0 	ldrb	w0, [x7, x1]
 4e8:	14000002 	b	4f0 <uart_u64hex_s+0x70>
 4ec:	d503201f 	nop
 4f0:	b9401841 	ldr	w1, [x2, #24]
 4f4:	372fffc1 	tbnz	w1, #5, 4ec <uart_u64hex_s+0x6c>
 4f8:	52800025 	mov	w5, #0x1                   	// #1
 4fc:	b9000040 	str	w0, [x2]
 500:	71001063 	subs	w3, w3, #0x4
 504:	54fffd61 	b.ne	4b0 <uart_u64hex_s+0x30>  // b.any
 508:	12000cc0 	and	w0, w6, #0xf
 50c:	52800602 	mov	w2, #0x30                  	// #48
 510:	51000400 	sub	w0, w0, #0x1
 514:	12001c00 	and	w0, w0, #0xff
 518:	7100381f 	cmp	w0, #0xe
 51c:	54000088 	b.hi	52c <uart_u64hex_s+0xac>  // b.pmore
 520:	91020108 	add	x8, x8, #0x80
 524:	92401c00 	and	x0, x0, #0xff
 528:	38606902 	ldrb	w2, [x8, x0]
 52c:	d2820001 	mov	x1, #0x1000                	// #4096
 530:	f2a7e401 	movk	x1, #0x3f20, lsl #16
 534:	b9401820 	ldr	w0, [x1, #24]
 538:	362800a0 	tbz	w0, #5, 54c <uart_u64hex_s+0xcc>
 53c:	d503201f 	nop
 540:	d503201f 	nop
 544:	b9401820 	ldr	w0, [x1, #24]
 548:	372fffc0 	tbnz	w0, #5, 540 <uart_u64hex_s+0xc0>
 54c:	d2820000 	mov	x0, #0x1000                	// #4096
 550:	f2a7e400 	movk	x0, #0x3f20, lsl #16
 554:	b9000002 	str	w2, [x0]
 558:	a8c17bfd 	ldp	x29, x30, [sp], #16
 55c:	d65f03c0 	ret

0000000000000560 <mmu_print_range>:
 560:	a9bc7bfd 	stp	x29, x30, [sp, #-64]!
 564:	910003fd 	mov	x29, sp
 568:	a90153f3 	stp	x19, x20, [sp, #16]
 56c:	aa0203f4 	mov	x20, x2
 570:	b0000013 	adrp	x19, 1000 <__task_ro_beg+0x178>
 574:	91026273 	add	x19, x19, #0x98
 578:	a9025bf5 	stp	x21, x22, [sp, #32]
 57c:	d1000456 	sub	x22, x2, #0x1
 580:	aa0003f5 	mov	x21, x0
 584:	f9001bf7 	str	x23, [sp, #48]
 588:	aa0103f7 	mov	x23, x1
 58c:	97ffff9d 	bl	400 <uart_u64hex>
 590:	aa1303e0 	mov	x0, x19
 594:	97ffff5b 	bl	300 <uart_puts>
 598:	aa1703e0 	mov	x0, x23
 59c:	97ffff99 	bl	400 <uart_u64hex>
 5a0:	91002260 	add	x0, x19, #0x8
 5a4:	97ffff57 	bl	300 <uart_puts>
 5a8:	8b1502c0 	add	x0, x22, x21
 5ac:	9ad40800 	udiv	x0, x0, x20
 5b0:	97ffff94 	bl	400 <uart_u64hex>
 5b4:	aa1303e0 	mov	x0, x19
 5b8:	97ffff52 	bl	300 <uart_puts>
 5bc:	8b1702c0 	add	x0, x22, x23
 5c0:	9ad40800 	udiv	x0, x0, x20
 5c4:	97ffff8f 	bl	400 <uart_u64hex>
 5c8:	91004260 	add	x0, x19, #0x10
 5cc:	a94153f3 	ldp	x19, x20, [sp, #16]
 5d0:	a9425bf5 	ldp	x21, x22, [sp, #32]
 5d4:	f9401bf7 	ldr	x23, [sp, #48]
 5d8:	a8c47bfd 	ldp	x29, x30, [sp], #64
 5dc:	17ffff49 	b	300 <uart_puts>

00000000000005e0 <mmu_enable_level_3_table_rw_blks>:
 5e0:	8b020022 	add	x2, x1, x2
 5e4:	eb02003f 	cmp	x1, x2
 5e8:	540001c2 	b.cs	620 <mmu_enable_level_3_table_rw_blks+0x40>  // b.hs, b.nlast
 5ec:	d0000004 	adrp	x4, 2000 <task1_header>
 5f0:	8b002423 	add	x3, x1, x0, lsl #9
 5f4:	d280e0e5 	mov	x5, #0x707                 	// #1799
 5f8:	f9401884 	ldr	x4, [x4, #48]
 5fc:	f2e00405 	movk	x5, #0x20, lsl #48
 600:	8b0130a0 	add	x0, x5, x1, lsl #12
 604:	8b0230a2 	add	x2, x5, x2, lsl #12
 608:	8b030c81 	add	x1, x4, x3, lsl #3
 60c:	d503201f 	nop
 610:	f8008420 	str	x0, [x1], #8
 614:	91400400 	add	x0, x0, #0x1, lsl #12
 618:	eb02001f 	cmp	x0, x2
 61c:	54ffffa1 	b.ne	610 <mmu_enable_level_3_table_rw_blks+0x30>  // b.any
 620:	d65f03c0 	ret
 624:	d503201f 	nop

0000000000000628 <mmu_enable_level_3_table_rox_blks>:
 628:	8b020022 	add	x2, x1, x2
 62c:	eb02003f 	cmp	x1, x2
 630:	540001c2 	b.cs	668 <mmu_enable_level_3_table_rox_blks+0x40>  // b.hs, b.nlast
 634:	d0000004 	adrp	x4, 2000 <task1_header>
 638:	8b002423 	add	x3, x1, x0, lsl #9
 63c:	d374cc20 	lsl	x0, x1, #12
 640:	d374cc42 	lsl	x2, x2, #12
 644:	f9401881 	ldr	x1, [x4, #48]
 648:	911e1c00 	add	x0, x0, #0x787
 64c:	911e1c42 	add	x2, x2, #0x787
 650:	8b030c21 	add	x1, x1, x3, lsl #3
 654:	d503201f 	nop
 658:	f8008420 	str	x0, [x1], #8
 65c:	91400400 	add	x0, x0, #0x1, lsl #12
 660:	eb02001f 	cmp	x0, x2
 664:	54ffffa1 	b.ne	658 <mmu_enable_level_3_table_rox_blks+0x30>  // b.any
 668:	d65f03c0 	ret
 66c:	d503201f 	nop

0000000000000670 <mmu_enable_level_3_table>:
 670:	a9ba7bfd 	stp	x29, x30, [sp, #-96]!
 674:	910003fd 	mov	x29, sp
 678:	a9046bf9 	stp	x25, x26, [sp, #64]
 67c:	913ffc39 	add	x25, x1, #0xfff
 680:	913ffc5a 	add	x26, x2, #0xfff
 684:	a9025bf5 	stp	x21, x22, [sp, #32]
 688:	aa0003f5 	mov	x21, x0
 68c:	aa0103f6 	mov	x22, x1
 690:	a90363f7 	stp	x23, x24, [sp, #48]
 694:	b0000018 	adrp	x24, 1000 <__task_ro_beg+0x178>
 698:	aa0203f7 	mov	x23, x2
 69c:	f9002bfb 	str	x27, [sp, #80]
 6a0:	9102631b 	add	x27, x24, #0x98
 6a4:	91006360 	add	x0, x27, #0x18
 6a8:	a90153f3 	stp	x19, x20, [sp, #16]
 6ac:	d34cff34 	lsr	x20, x25, #12
 6b0:	97ffff14 	bl	300 <uart_puts>
 6b4:	8b5a3293 	add	x19, x20, x26, lsr #12
 6b8:	f13fff3f 	cmp	x25, #0xfff
 6bc:	d36aa6b9 	lsl	x25, x21, #22
 6c0:	540008a8 	b.hi	7d4 <mmu_enable_level_3_table+0x164>  // b.pmore
 6c4:	f13fff5f 	cmp	x26, #0xfff
 6c8:	54000568 	b.hi	774 <mmu_enable_level_3_table+0x104>  // b.pmore
 6cc:	f108027f 	cmp	x19, #0x200
 6d0:	54000101 	b.ne	6f0 <mmu_enable_level_3_table+0x80>  // b.any
 6d4:	a94153f3 	ldp	x19, x20, [sp, #16]
 6d8:	a9425bf5 	ldp	x21, x22, [sp, #32]
 6dc:	a94363f7 	ldp	x23, x24, [sp, #48]
 6e0:	a9446bf9 	ldp	x25, x26, [sp, #64]
 6e4:	f9402bfb 	ldr	x27, [sp, #80]
 6e8:	a8c67bfd 	ldp	x29, x30, [sp], #96
 6ec:	d65f03c0 	ret
 6f0:	91026318 	add	x24, x24, #0x98
 6f4:	91014300 	add	x0, x24, #0x50
 6f8:	97ffff02 	bl	300 <uart_puts>
 6fc:	91480321 	add	x1, x25, #0x200, lsl #12
 700:	d2820002 	mov	x2, #0x1000                	// #4096
 704:	8b1702c0 	add	x0, x22, x23
 708:	8b190000 	add	x0, x0, x25
 70c:	97ffff95 	bl	560 <mmu_print_range>
 710:	91016300 	add	x0, x24, #0x58
 714:	97fffefb 	bl	300 <uart_puts>
 718:	f107fe7f 	cmp	x19, #0x1ff
 71c:	54fffdc8 	b.hi	6d4 <mmu_enable_level_3_table+0x64>  // b.pmore
 720:	d0000001 	adrp	x1, 2000 <task1_header>
 724:	8b152675 	add	x21, x19, x21, lsl #9
 728:	d280e0e0 	mov	x0, #0x707                 	// #1799
 72c:	b20b03e2 	mov	x2, #0x20000000200000      	// #9007199256838144
 730:	f9401821 	ldr	x1, [x1, #48]
 734:	f2e00400 	movk	x0, #0x20, lsl #48
 738:	8b133000 	add	x0, x0, x19, lsl #12
 73c:	f280e0e2 	movk	x2, #0x707
 740:	8b150c21 	add	x1, x1, x21, lsl #3
 744:	d503201f 	nop
 748:	f8008420 	str	x0, [x1], #8
 74c:	91400400 	add	x0, x0, #0x1, lsl #12
 750:	eb02001f 	cmp	x0, x2
 754:	54ffffa1 	b.ne	748 <mmu_enable_level_3_table+0xd8>  // b.any
 758:	a94153f3 	ldp	x19, x20, [sp, #16]
 75c:	a9425bf5 	ldp	x21, x22, [sp, #32]
 760:	a94363f7 	ldp	x23, x24, [sp, #48]
 764:	a9446bf9 	ldp	x25, x26, [sp, #64]
 768:	f9402bfb 	ldr	x27, [sp, #80]
 76c:	a8c67bfd 	ldp	x29, x30, [sp], #96
 770:	d65f03c0 	ret
 774:	9102631a 	add	x26, x24, #0x98
 778:	91018340 	add	x0, x26, #0x60
 77c:	97fffee1 	bl	300 <uart_puts>
 780:	8b160320 	add	x0, x25, x22
 784:	d2820002 	mov	x2, #0x1000                	// #4096
 788:	8b170001 	add	x1, x0, x23
 78c:	97ffff75 	bl	560 <mmu_print_range>
 790:	91016340 	add	x0, x26, #0x58
 794:	97fffedb 	bl	300 <uart_puts>
 798:	eb14027f 	cmp	x19, x20
 79c:	54fff989 	b.ls	6cc <mmu_enable_level_3_table+0x5c>  // b.plast
 7a0:	d0000002 	adrp	x2, 2000 <task1_header>
 7a4:	8b152680 	add	x0, x20, x21, lsl #9
 7a8:	d374ce83 	lsl	x3, x20, #12
 7ac:	d374ce61 	lsl	x1, x19, #12
 7b0:	f9401842 	ldr	x2, [x2, #48]
 7b4:	911e1c63 	add	x3, x3, #0x787
 7b8:	911e1c21 	add	x1, x1, #0x787
 7bc:	8b000c40 	add	x0, x2, x0, lsl #3
 7c0:	f8008403 	str	x3, [x0], #8
 7c4:	91400463 	add	x3, x3, #0x1, lsl #12
 7c8:	eb01007f 	cmp	x3, x1
 7cc:	54ffffa1 	b.ne	7c0 <mmu_enable_level_3_table+0x150>  // b.any
 7d0:	17ffffbf 	b	6cc <mmu_enable_level_3_table+0x5c>
 7d4:	91014360 	add	x0, x27, #0x50
 7d8:	97fffeca 	bl	300 <uart_puts>
 7dc:	8b160321 	add	x1, x25, x22
 7e0:	d2820002 	mov	x2, #0x1000                	// #4096
 7e4:	aa1903e0 	mov	x0, x25
 7e8:	97ffff5e 	bl	560 <mmu_print_range>
 7ec:	91016360 	add	x0, x27, #0x58
 7f0:	97fffec4 	bl	300 <uart_puts>
 7f4:	b4fff694 	cbz	x20, 6c4 <mmu_enable_level_3_table+0x54>
 7f8:	d0000001 	adrp	x1, 2000 <task1_header>
 7fc:	d280e0e0 	mov	x0, #0x707                 	// #1799
 800:	f2e00400 	movk	x0, #0x20, lsl #48
 804:	f9401821 	ldr	x1, [x1, #48]
 808:	8b143002 	add	x2, x0, x20, lsl #12
 80c:	8b153021 	add	x1, x1, x21, lsl #12
 810:	f8008420 	str	x0, [x1], #8
 814:	91400400 	add	x0, x0, #0x1, lsl #12
 818:	eb02001f 	cmp	x0, x2
 81c:	54ffffa1 	b.ne	810 <mmu_enable_level_3_table+0x1a0>  // b.any
 820:	17ffffa9 	b	6c4 <mmu_enable_level_3_table+0x54>
 824:	d503201f 	nop

0000000000000828 <mmu_enable_level_2_table>:
 828:	a9bb7bfd 	stp	x29, x30, [sp, #-80]!
 82c:	910003fd 	mov	x29, sp
 830:	a90153f3 	stp	x19, x20, [sp, #16]
 834:	aa0003f3 	mov	x19, x0
 838:	b0000014 	adrp	x20, 1000 <__task_ro_beg+0x178>
 83c:	91026294 	add	x20, x20, #0x98
 840:	a9025bf5 	stp	x21, x22, [sp, #32]
 844:	9101a280 	add	x0, x20, #0x68
 848:	a90363f7 	stp	x23, x24, [sp, #48]
 84c:	aa0103f8 	mov	x24, x1
 850:	d280e0b7 	mov	x23, #0x705                 	// #1797
 854:	f90023f9 	str	x25, [sp, #64]
 858:	97fffeaa 	bl	300 <uart_puts>
 85c:	d36aa679 	lsl	x25, x19, #22
 860:	91014280 	add	x0, x20, #0x50
 864:	97fffea7 	bl	300 <uart_puts>
 868:	f2e00417 	movk	x23, #0x20, lsl #48
 86c:	91480321 	add	x1, x25, #0x200, lsl #12
 870:	d2a00402 	mov	x2, #0x200000              	// #2097152
 874:	aa1903e0 	mov	x0, x25
 878:	97ffff3a 	bl	560 <mmu_print_range>
 87c:	91016280 	add	x0, x20, #0x58
 880:	cb1902f7 	sub	x23, x23, x25
 884:	97fffe9f 	bl	300 <uart_puts>
 888:	91024296 	add	x22, x20, #0x90
 88c:	d0000002 	adrp	x2, 2000 <task1_header>
 890:	d0000001 	adrp	x1, 2000 <task1_header>
 894:	d369a260 	lsl	x0, x19, #23
 898:	d2800015 	mov	x21, #0x0                   	// #0
 89c:	f9401842 	ldr	x2, [x2, #48]
 8a0:	91480019 	add	x25, x0, #0x200, lsl #12
 8a4:	f9401421 	ldr	x1, [x1, #40]
 8a8:	eb15031f 	cmp	x24, x21
 8ac:	8b133042 	add	x2, x2, x19, lsl #12
 8b0:	91000c54 	add	x20, x2, #0x3
 8b4:	8b131033 	add	x19, x1, x19, lsl #4
 8b8:	8b0002e1 	add	x1, x23, x0
 8bc:	54000200 	b.eq	8fc <mmu_enable_level_2_table+0xd4>  // b.none
 8c0:	f9000261 	str	x1, [x19]
 8c4:	aa1903e0 	mov	x0, x25
 8c8:	91002273 	add	x19, x19, #0x8
 8cc:	b40000f5 	cbz	x21, 8e8 <mmu_enable_level_2_table+0xc0>
 8d0:	a94153f3 	ldp	x19, x20, [sp, #16]
 8d4:	a9425bf5 	ldp	x21, x22, [sp, #32]
 8d8:	a94363f7 	ldp	x23, x24, [sp, #48]
 8dc:	f94023f9 	ldr	x25, [sp, #64]
 8e0:	a8c57bfd 	ldp	x29, x30, [sp], #80
 8e4:	d65f03c0 	ret
 8e8:	d2800035 	mov	x21, #0x1                   	// #1
 8ec:	91480019 	add	x25, x0, #0x200, lsl #12
 8f0:	8b0002e1 	add	x1, x23, x0
 8f4:	eb15031f 	cmp	x24, x21
 8f8:	54fffe41 	b.ne	8c0 <mmu_enable_level_2_table+0x98>  // b.any
 8fc:	aa1903e1 	mov	x1, x25
 900:	d2a00402 	mov	x2, #0x200000              	// #2097152
 904:	97ffff17 	bl	560 <mmu_print_range>
 908:	aa1603e0 	mov	x0, x22
 90c:	97fffe7d 	bl	300 <uart_puts>
 910:	f9000274 	str	x20, [x19]
 914:	17ffffec 	b	8c4 <mmu_enable_level_2_table+0x9c>

0000000000000918 <mmu_enable>:
 918:	a9bd7bfd 	stp	x29, x30, [sp, #-48]!
 91c:	910003fd 	mov	x29, sp
 920:	a90153f3 	stp	x19, x20, [sp, #16]
 924:	f90013f5 	str	x21, [sp, #32]
 928:	aa0103f5 	mov	x21, x1
 92c:	d29fe081 	mov	x1, #0xff04                	// #65284
 930:	d518a201 	msr	mair_el1, x1
 934:	b40001b5 	cbz	x21, 968 <mmu_enable+0x50>
 938:	aa0003f4 	mov	x20, x0
 93c:	d2800013 	mov	x19, #0x0                   	// #0
 940:	aa1303e0 	mov	x0, x19
 944:	d2800021 	mov	x1, #0x1                   	// #1
 948:	97ffffb8 	bl	828 <mmu_enable_level_2_table>
 94c:	f9400682 	ldr	x2, [x20, #8]
 950:	aa1303e0 	mov	x0, x19
 954:	f8410681 	ldr	x1, [x20], #16
 958:	91000673 	add	x19, x19, #0x1
 95c:	97ffff45 	bl	670 <mmu_enable_level_3_table>
 960:	eb1302bf 	cmp	x21, x19
 964:	54fffee1 	b.ne	940 <mmu_enable+0x28>  // b.any
 968:	b0000013 	adrp	x19, 1000 <__task_ro_beg+0x178>
 96c:	91026273 	add	x19, x19, #0x98
 970:	9102a260 	add	x0, x19, #0xa8
 974:	97fffe63 	bl	300 <uart_puts>
 978:	d2a00402 	mov	x2, #0x200000              	// #2097152
 97c:	d2a80001 	mov	x1, #0x40000000            	// #1073741824
 980:	d2a7e000 	mov	x0, #0x3f000000            	// #1056964608
 984:	97fffef7 	bl	560 <mmu_print_range>
 988:	91016260 	add	x0, x19, #0x58
 98c:	97fffe5d 	bl	300 <uart_puts>
 990:	d0000000 	adrp	x0, 2000 <task1_header>
 994:	d280c028 	mov	x8, #0x601                 	// #1537
 998:	d280c027 	mov	x7, #0x601                 	// #1537
 99c:	d280c026 	mov	x6, #0x601                 	// #1537
 9a0:	f9401400 	ldr	x0, [x0, #40]
 9a4:	d280c025 	mov	x5, #0x601                 	// #1537
 9a8:	d280c024 	mov	x4, #0x601                 	// #1537
 9ac:	d280c023 	mov	x3, #0x601                 	// #1537
 9b0:	913f0009 	add	x9, x0, #0xfc0
 9b4:	913f800a 	add	x10, x0, #0xfe0
 9b8:	d280c022 	mov	x2, #0x601                 	// #1537
 9bc:	d280c021 	mov	x1, #0x601                 	// #1537
 9c0:	f2a7e008 	movk	x8, #0x3f00, lsl #16
 9c4:	f2a7e407 	movk	x7, #0x3f20, lsl #16
 9c8:	f2a7e806 	movk	x6, #0x3f40, lsl #16
 9cc:	f2a7ec05 	movk	x5, #0x3f60, lsl #16
 9d0:	f2a7f004 	movk	x4, #0x3f80, lsl #16
 9d4:	f2a7f403 	movk	x3, #0x3fa0, lsl #16
 9d8:	f2a7f802 	movk	x2, #0x3fc0, lsl #16
 9dc:	f2a7fc01 	movk	x1, #0x3fe0, lsl #16
 9e0:	f2e00408 	movk	x8, #0x20, lsl #48
 9e4:	f2e00407 	movk	x7, #0x20, lsl #48
 9e8:	f2e00406 	movk	x6, #0x20, lsl #48
 9ec:	f2e00405 	movk	x5, #0x20, lsl #48
 9f0:	f2e00404 	movk	x4, #0x20, lsl #48
 9f4:	f2e00403 	movk	x3, #0x20, lsl #48
 9f8:	f2e00402 	movk	x2, #0x20, lsl #48
 9fc:	f2e00401 	movk	x1, #0x20, lsl #48
 a00:	a94153f3 	ldp	x19, x20, [sp, #16]
 a04:	f94013f5 	ldr	x21, [sp, #32]
 a08:	a9001d28 	stp	x8, x7, [x9]
 a0c:	a9000d44 	stp	x4, x3, [x10]
 a10:	a9011526 	stp	x6, x5, [x9, #16]
 a14:	a9010542 	stp	x2, x1, [x10, #16]
 a18:	a8c37bfd 	ldp	x29, x30, [sp], #48
 a1c:	d65f03c0 	ret

0000000000000a20 <timer_init_core0>:
 a20:	9e630000 	ucvtf	d0, x0
 a24:	d2c80001 	mov	x1, #0x400000000000        	// #70368744177664
 a28:	f2e811e1 	movk	x1, #0x408f, lsl #48
 a2c:	9e670022 	fmov	d2, x1
 a30:	d2c9f001 	mov	x1, #0x4f8000000000        	// #87411174408192
 a34:	d2800685 	mov	x5, #0x34                  	// #52
 a38:	f2e83041 	movk	x1, #0x4182, lsl #48
 a3c:	9e670021 	fmov	d1, x1
 a40:	1e621800 	fdiv	d0, d0, d2
 a44:	d2800481 	mov	x1, #0x24                  	// #36
 a48:	f2a80001 	movk	x1, #0x4000, lsl #16
 a4c:	f2a80005 	movk	x5, #0x4000, lsl #16
 a50:	d2800803 	mov	x3, #0x40                  	// #64
 a54:	52a60006 	mov	w6, #0x30000000            	// #805306368
 a58:	f2a80003 	movk	x3, #0x4000, lsl #16
 a5c:	b900003f 	str	wzr, [x1]
 a60:	52800044 	mov	w4, #0x2                   	// #2
 a64:	52b80002 	mov	w2, #0xc0000000            	// #-1073741824
 a68:	1e610800 	fmul	d0, d0, d1
 a6c:	9e790000 	fcvtzu	x0, d0
 a70:	0b060000 	add	w0, w0, w6
 a74:	b90000a0 	str	w0, [x5]
 a78:	b9000064 	str	w4, [x3]
 a7c:	b9001422 	str	w2, [x1, #20]
 a80:	d65f03c0 	ret
 a84:	d503201f 	nop

0000000000000a88 <timer_one_shot_sys>:
 a88:	d2860002 	mov	x2, #0x3000                	// #12288
 a8c:	f100041f 	cmp	x0, #0x1
 a90:	f2a7e002 	movk	x2, #0x3f00, lsl #16
 a94:	b9400440 	ldr	w0, [x2, #4]
 a98:	0b010000 	add	w0, w0, w1
 a9c:	540000a0 	b.eq	ab0 <timer_one_shot_sys+0x28>  // b.none
 aa0:	b9001840 	str	w0, [x2, #24]
 aa4:	52800100 	mov	w0, #0x8                   	// #8
 aa8:	b9000040 	str	w0, [x2]
 aac:	d65f03c0 	ret
 ab0:	b9001040 	str	w0, [x2, #16]
 ab4:	52800040 	mov	w0, #0x2                   	// #2
 ab8:	b9000040 	str	w0, [x2]
 abc:	d65f03c0 	ret

0000000000000ac0 <timer_delay_sys>:
 ac0:	d2860003 	mov	x3, #0x3000                	// #12288
 ac4:	f100041f 	cmp	x0, #0x1
 ac8:	f2a7e003 	movk	x3, #0x3f00, lsl #16
 acc:	b9400460 	ldr	w0, [x3, #4]
 ad0:	0b010000 	add	w0, w0, w1
 ad4:	54000100 	b.eq	af4 <timer_delay_sys+0x34>  // b.none
 ad8:	aa0303e2 	mov	x2, x3
 adc:	b9001860 	str	w0, [x3, #24]
 ae0:	52800100 	mov	w0, #0x8                   	// #8
 ae4:	b9000060 	str	w0, [x3]
 ae8:	b9400040 	ldr	w0, [x2]
 aec:	361fffe0 	tbz	w0, #3, ae8 <timer_delay_sys+0x28>
 af0:	d65f03c0 	ret
 af4:	aa0303e1 	mov	x1, x3
 af8:	b9001060 	str	w0, [x3, #16]
 afc:	52800040 	mov	w0, #0x2                   	// #2
 b00:	b9000060 	str	w0, [x3]
 b04:	d503201f 	nop
 b08:	b9400020 	ldr	w0, [x1]
 b0c:	360fffe0 	tbz	w0, #1, b08 <timer_delay_sys+0x48>
 b10:	d65f03c0 	ret
 b14:	00000000 	.inst	0x00000000 ; undefined

0000000000000b18 <irq_enable_system_timer>:
 b18:	d2964001 	mov	x1, #0xb200                	// #45568
 b1c:	f100041f 	cmp	x0, #0x1
 b20:	f2a7e001 	movk	x1, #0x3f00, lsl #16
 b24:	52800082 	mov	w2, #0x4                   	// #4
 b28:	52800040 	mov	w0, #0x2                   	// #2
 b2c:	1a820000 	csel	w0, w0, w2, eq  // eq = none
 b30:	b9001020 	str	w0, [x1, #16]
 b34:	d65f03c0 	ret

0000000000000b38 <mbox_call>:
 b38:	d2971003 	mov	x3, #0xb880                	// #47232
 b3c:	f2a7e003 	movk	x3, #0x3f00, lsl #16
 b40:	b9401862 	ldr	w2, [x3, #24]
 b44:	36f80082 	tbz	w2, #31, b54 <mbox_call+0x1c>
 b48:	d503201f 	nop
 b4c:	b9401862 	ldr	w2, [x3, #24]
 b50:	37ffffc2 	tbnz	w2, #31, b48 <mbox_call+0x10>
 b54:	d2971003 	mov	x3, #0xb880                	// #47232
 b58:	2a0003e2 	mov	w2, w0
 b5c:	f2a7e003 	movk	x3, #0x3f00, lsl #16
 b60:	52b00005 	mov	w5, #0x80000000            	// #-2147483648
 b64:	33000c22 	bfxil	w2, w1, #0, #4
 b68:	aa0303e1 	mov	x1, x3
 b6c:	b9002062 	str	w2, [x3, #32]
 b70:	320107e4 	mov	w4, #0x80000001            	// #-2147483647
 b74:	b9400403 	ldr	w3, [x0, #4]
 b78:	b9401820 	ldr	w0, [x1, #24]
 b7c:	37f00140 	tbnz	w0, #30, ba4 <mbox_call+0x6c>
 b80:	b9400020 	ldr	w0, [x1]
 b84:	6b00005f 	cmp	w2, w0
 b88:	54ffff81 	b.ne	b78 <mbox_call+0x40>  // b.any
 b8c:	6b05007f 	cmp	w3, w5
 b90:	540000e0 	b.eq	bac <mbox_call+0x74>  // b.none
 b94:	6b04007f 	cmp	w3, w4
 b98:	54ffff01 	b.ne	b78 <mbox_call+0x40>  // b.any
 b9c:	12800000 	mov	w0, #0xffffffff            	// #-1
 ba0:	d65f03c0 	ret
 ba4:	d503201f 	nop
 ba8:	17fffff4 	b	b78 <mbox_call+0x40>
 bac:	52800000 	mov	w0, #0x0                   	// #0
 bb0:	d65f03c0 	ret
 bb4:	00000000 	.inst	0x00000000 ; undefined

0000000000000bb8 <task_get_list_item>:
 bb8:	d36aa400 	lsl	x0, x0, #22
 bbc:	d28a8921 	mov	x1, #0x5449                	// #21577
 bc0:	91480000 	add	x0, x0, #0x200, lsl #12
 bc4:	f2a9a8a1 	movk	x1, #0x4d45, lsl #16
 bc8:	f9400002 	ldr	x2, [x0]
 bcc:	eb01005f 	cmp	x2, x1
 bd0:	54000041 	b.ne	bd8 <task_get_list_item+0x20>  // b.any
 bd4:	d65f03c0 	ret
 bd8:	a9bf7bfd 	stp	x29, x30, [sp, #-16]!
 bdc:	b0000000 	adrp	x0, 1000 <__task_ro_beg+0x178>
 be0:	9105e000 	add	x0, x0, #0x178
 be4:	910003fd 	mov	x29, sp
 be8:	97fffdc6 	bl	300 <uart_puts>
 bec:	d2800000 	mov	x0, #0x0                   	// #0
 bf0:	a8c17bfd 	ldp	x29, x30, [sp], #16
 bf4:	d65f03c0 	ret

0000000000000bf8 <task_get_header>:
 bf8:	d36aa401 	lsl	x1, x0, #22
 bfc:	a9bf7bfd 	stp	x29, x30, [sp, #-16]!
 c00:	91480021 	add	x1, x1, #0x200, lsl #12
 c04:	910003fd 	mov	x29, sp
 c08:	d28a8922 	mov	x2, #0x5449                	// #21577
 c0c:	f9400020 	ldr	x0, [x1]
 c10:	f2a9a8a2 	movk	x2, #0x4d45, lsl #16
 c14:	eb02001f 	cmp	x0, x2
 c18:	540001e1 	b.ne	c54 <task_get_header+0x5c>  // b.any
 c1c:	f9400822 	ldr	x2, [x1, #16]
 c20:	d2882a83 	mov	x3, #0x4154                	// #16724
 c24:	f2a96a63 	movk	x3, #0x4b53, lsl #16
 c28:	8b020020 	add	x0, x1, x2
 c2c:	f8626821 	ldr	x1, [x1, x2]
 c30:	eb03003f 	cmp	x1, x3
 c34:	540000c0 	b.eq	c4c <task_get_header+0x54>  // b.none
 c38:	b0000000 	adrp	x0, 1000 <__task_ro_beg+0x178>
 c3c:	9105e000 	add	x0, x0, #0x178
 c40:	9100c000 	add	x0, x0, #0x30
 c44:	97fffdaf 	bl	300 <uart_puts>
 c48:	d2800000 	mov	x0, #0x0                   	// #0
 c4c:	a8c17bfd 	ldp	x29, x30, [sp], #16
 c50:	d65f03c0 	ret
 c54:	b0000000 	adrp	x0, 1000 <__task_ro_beg+0x178>
 c58:	9105e000 	add	x0, x0, #0x178
 c5c:	97fffda9 	bl	300 <uart_puts>
 c60:	d2800000 	mov	x0, #0x0                   	// #0
 c64:	f9400800 	ldr	x0, [x0, #16]
 c68:	d4207d00 	brk	#0x3e8
 c6c:	d503201f 	nop

0000000000000c70 <task_header_rebase>:
 c70:	a9bc7bfd 	stp	x29, x30, [sp, #-64]!
 c74:	d28a8921 	mov	x1, #0x5449                	// #21577
 c78:	f2a9a8a1 	movk	x1, #0x4d45, lsl #16
 c7c:	910003fd 	mov	x29, sp
 c80:	a90153f3 	stp	x19, x20, [sp, #16]
 c84:	d36aa413 	lsl	x19, x0, #22
 c88:	91480273 	add	x19, x19, #0x200, lsl #12
 c8c:	a9025bf5 	stp	x21, x22, [sp, #32]
 c90:	aa0003f6 	mov	x22, x0
 c94:	f9400260 	ldr	x0, [x19]
 c98:	f9001bf7 	str	x23, [sp, #48]
 c9c:	eb01001f 	cmp	x0, x1
 ca0:	540006a1 	b.ne	d74 <task_header_rebase+0x104>  // b.any
 ca4:	f9400a60 	ldr	x0, [x19, #16]
 ca8:	d2882a81 	mov	x1, #0x4154                	// #16724
 cac:	f2a96a61 	movk	x1, #0x4b53, lsl #16
 cb0:	8b000274 	add	x20, x19, x0
 cb4:	f8606a60 	ldr	x0, [x19, x0]
 cb8:	eb01001f 	cmp	x0, x1
 cbc:	54000681 	b.ne	d8c <task_header_rebase+0x11c>  // b.any
 cc0:	b0000015 	adrp	x21, 1000 <__task_ro_beg+0x178>
 cc4:	9105e2b5 	add	x21, x21, #0x178
 cc8:	910182a0 	add	x0, x21, #0x60
 ccc:	97fffd8d 	bl	300 <uart_puts>
 cd0:	aa1603e0 	mov	x0, x22
 cd4:	97fffdeb 	bl	480 <uart_u64hex_s>
 cd8:	910242a0 	add	x0, x21, #0x90
 cdc:	97fffd89 	bl	300 <uart_puts>
 ce0:	910282b6 	add	x22, x21, #0xa0
 ce4:	aa1303e0 	mov	x0, x19
 ce8:	97fffde6 	bl	480 <uart_u64hex_s>
 cec:	910342b7 	add	x23, x21, #0xd0
 cf0:	aa1603e0 	mov	x0, x22
 cf4:	97fffd83 	bl	300 <uart_puts>
 cf8:	9102a2a0 	add	x0, x21, #0xa8
 cfc:	97fffd81 	bl	300 <uart_puts>
 d00:	f9400a80 	ldr	x0, [x20, #16]
 d04:	97fffddf 	bl	480 <uart_u64hex_s>
 d08:	aa1703e0 	mov	x0, x23
 d0c:	97fffd7d 	bl	300 <uart_puts>
 d10:	f9400a80 	ldr	x0, [x20, #16]
 d14:	8b130000 	add	x0, x0, x19
 d18:	97fffdda 	bl	480 <uart_u64hex_s>
 d1c:	aa1603e0 	mov	x0, x22
 d20:	97fffd78 	bl	300 <uart_puts>
 d24:	910362a0 	add	x0, x21, #0xd8
 d28:	97fffd76 	bl	300 <uart_puts>
 d2c:	f9400e80 	ldr	x0, [x20, #24]
 d30:	97fffdd4 	bl	480 <uart_u64hex_s>
 d34:	aa1703e0 	mov	x0, x23
 d38:	97fffd72 	bl	300 <uart_puts>
 d3c:	f9400e80 	ldr	x0, [x20, #24]
 d40:	8b130000 	add	x0, x0, x19
 d44:	97fffdcf 	bl	480 <uart_u64hex_s>
 d48:	aa1603e0 	mov	x0, x22
 d4c:	97fffd6d 	bl	300 <uart_puts>
 d50:	a9410281 	ldp	x1, x0, [x20, #16]
 d54:	a9425bf5 	ldp	x21, x22, [sp, #32]
 d58:	f9401bf7 	ldr	x23, [sp, #48]
 d5c:	8b130021 	add	x1, x1, x19
 d60:	8b130013 	add	x19, x0, x19
 d64:	a9014e81 	stp	x1, x19, [x20, #16]
 d68:	a94153f3 	ldp	x19, x20, [sp, #16]
 d6c:	a8c47bfd 	ldp	x29, x30, [sp], #64
 d70:	d65f03c0 	ret
 d74:	b0000000 	adrp	x0, 1000 <__task_ro_beg+0x178>
 d78:	9105e000 	add	x0, x0, #0x178
 d7c:	97fffd61 	bl	300 <uart_puts>
 d80:	d2800000 	mov	x0, #0x0                   	// #0
 d84:	f9400800 	ldr	x0, [x0, #16]
 d88:	d4207d00 	brk	#0x3e8
 d8c:	b0000014 	adrp	x20, 1000 <__task_ro_beg+0x178>
 d90:	9105e294 	add	x20, x20, #0x178
 d94:	9100c280 	add	x0, x20, #0x30
 d98:	97fffd5a 	bl	300 <uart_puts>
 d9c:	91018280 	add	x0, x20, #0x60
 da0:	97fffd58 	bl	300 <uart_puts>
 da4:	aa1603e0 	mov	x0, x22
 da8:	97fffdb6 	bl	480 <uart_u64hex_s>
 dac:	91024280 	add	x0, x20, #0x90
 db0:	97fffd54 	bl	300 <uart_puts>
 db4:	aa1303e0 	mov	x0, x19
 db8:	97fffdb2 	bl	480 <uart_u64hex_s>
 dbc:	91028280 	add	x0, x20, #0xa0
 dc0:	97fffd50 	bl	300 <uart_puts>
 dc4:	9102a280 	add	x0, x20, #0xa8
 dc8:	97fffd4e 	bl	300 <uart_puts>
 dcc:	d2800000 	mov	x0, #0x0                   	// #0
 dd0:	f9400800 	ldr	x0, [x0, #16]
 dd4:	d4207d00 	brk	#0x3e8

0000000000000dd8 <task_bss_zero>:
 dd8:	a9bd7bfd 	stp	x29, x30, [sp, #-48]!
 ddc:	910003fd 	mov	x29, sp
 de0:	a90153f3 	stp	x19, x20, [sp, #16]
 de4:	d36aa413 	lsl	x19, x0, #22
 de8:	91480273 	add	x19, x19, #0x200, lsl #12
 dec:	f9401274 	ldr	x20, [x19, #32]
 df0:	f90013f5 	str	x21, [sp, #32]
 df4:	b0000015 	adrp	x21, 1000 <__task_ro_beg+0x178>
 df8:	9105e2b5 	add	x21, x21, #0x178
 dfc:	910422a0 	add	x0, x21, #0x108
 e00:	97fffd40 	bl	300 <uart_puts>
 e04:	f9401260 	ldr	x0, [x19, #32]
 e08:	8b140274 	add	x20, x19, x20
 e0c:	8b000260 	add	x0, x19, x0
 e10:	97fffd9c 	bl	480 <uart_u64hex_s>
 e14:	9104a2a0 	add	x0, x21, #0x128
 e18:	97fffd3a 	bl	300 <uart_puts>
 e1c:	f9401660 	ldr	x0, [x19, #40]
 e20:	8b000260 	add	x0, x19, x0
 e24:	97fffd97 	bl	480 <uart_u64hex_s>
 e28:	910282a0 	add	x0, x21, #0xa0
 e2c:	97fffd35 	bl	300 <uart_puts>
 e30:	a9420660 	ldp	x0, x1, [x19, #32]
 e34:	eb00003f 	cmp	x1, x0
 e38:	54000100 	b.eq	e58 <task_bss_zero+0x80>  // b.none
 e3c:	d2800000 	mov	x0, #0x0                   	// #0
 e40:	38206a9f 	strb	wzr, [x20, x0]
 e44:	91000400 	add	x0, x0, #0x1
 e48:	a9420662 	ldp	x2, x1, [x19, #32]
 e4c:	cb020021 	sub	x1, x1, x2
 e50:	eb00003f 	cmp	x1, x0
 e54:	54ffff68 	b.hi	e40 <task_bss_zero+0x68>  // b.pmore
 e58:	a94153f3 	ldp	x19, x20, [sp, #16]
 e5c:	f94013f5 	ldr	x21, [sp, #32]
 e60:	a8c37bfd 	ldp	x29, x30, [sp], #48
 e64:	d65f03c0 	ret

0000000000000e68 <task_suspend>:
 e68:	aa0003e0 	mov	x0, x0
 e6c:	d4000021 	svc	#0x1
 e70:	d65f03c0 	ret
 e74:	d503201f 	nop

0000000000000e78 <task_sleep>:
 e78:	aa0003e0 	mov	x0, x0
 e7c:	d4000041 	svc	#0x2
 e80:	d65f03c0 	ret
