
task1.elf:     file format elf64-littleaarch64
architecture: aarch64, flags 0x00000112:
EXEC_P, HAS_SYMS, D_PAGED
start address 0x0000000000000030

Sections:
Idx Name          Size      VMA               LMA               File off  Algn
  0 .task_list_item 00000030  0000000000000000  0000000000000000  00001000  2**3
                  CONTENTS, ALLOC, LOAD, DATA
  1 .text         00000e40  0000000000000030  0000000000000030  00001030  2**3
                  CONTENTS, ALLOC, LOAD, READONLY, CODE
  2 .rodata       00000312  0000000000000e70  0000000000000e70  00001e70  2**3
                  CONTENTS, ALLOC, LOAD, READONLY, DATA
  3 .task_header  00000030  0000000000002000  0000000000002000  00003000  2**3
                  CONTENTS, ALLOC, LOAD, DATA
  4 .got          00000030  0000000000002030  0000000000002030  00003030  2**3
                  CONTENTS, ALLOC, LOAD, DATA
  5 .bss          00009fa0  0000000000002060  0000000000002060  00003060  2**12
                  ALLOC

Disassembly of section .text:

0000000000000030 <task1_reset>:
  30:	d2800100 	mov	x0, #0x8                   	// #8
  34:	14000383 	b	e40 <task_suspend>

0000000000000038 <task1_main>:
  38:	a9bc7bfd 	stp	x29, x30, [sp, #-64]!
  3c:	d0000000 	adrp	x0, 2000 <task1_header>
  40:	910003fd 	mov	x29, sp
  44:	a90363f7 	stp	x23, x24, [sp, #48]
  48:	91018018 	add	x24, x0, #0x60
  4c:	a90153f3 	stp	x19, x20, [sp, #16]
  50:	90000014 	adrp	x20, 0 <tasklistitem>
  54:	9139c294 	add	x20, x20, #0xe70
  58:	91002313 	add	x19, x24, #0x8
  5c:	f9003013 	str	x19, [x0, #96]
  60:	aa1403e0 	mov	x0, x20
  64:	a9025bf5 	stp	x21, x22, [sp, #32]
  68:	91006315 	add	x21, x24, #0x18
  6c:	f9000b15 	str	x21, [x24, #16]
  70:	9400009a 	bl	2d8 <uart_puts>
  74:	91008280 	add	x0, x20, #0x20
  78:	94000098 	bl	2d8 <uart_puts>
  7c:	91010297 	add	x23, x20, #0x40
  80:	aa1303e0 	mov	x0, x19
  84:	940000f5 	bl	458 <uart_u64hex_s>
  88:	9103a296 	add	x22, x20, #0xe8
  8c:	aa1703e0 	mov	x0, x23
  90:	94000092 	bl	2d8 <uart_puts>
  94:	91012280 	add	x0, x20, #0x48
  98:	94000090 	bl	2d8 <uart_puts>
  9c:	aa1303e0 	mov	x0, x19
  a0:	940000ee 	bl	458 <uart_u64hex_s>
  a4:	aa1703e0 	mov	x0, x23
  a8:	9400008c 	bl	2d8 <uart_puts>
  ac:	9101a280 	add	x0, x20, #0x68
  b0:	9400008a 	bl	2d8 <uart_puts>
  b4:	aa1503e0 	mov	x0, x21
  b8:	940000e8 	bl	458 <uart_u64hex_s>
  bc:	aa1703e0 	mov	x0, x23
  c0:	94000086 	bl	2d8 <uart_puts>
  c4:	91022280 	add	x0, x20, #0x88
  c8:	94000084 	bl	2d8 <uart_puts>
  cc:	aa1503e0 	mov	x0, x21
  d0:	940000e2 	bl	458 <uart_u64hex_s>
  d4:	aa1703e0 	mov	x0, x23
  d8:	94000080 	bl	2d8 <uart_puts>
  dc:	9102a280 	add	x0, x20, #0xa8
  e0:	9400007e 	bl	2d8 <uart_puts>
  e4:	aa1803e0 	mov	x0, x24
  e8:	940000dc 	bl	458 <uart_u64hex_s>
  ec:	aa1703e0 	mov	x0, x23
  f0:	9400007a 	bl	2d8 <uart_puts>
  f4:	91032280 	add	x0, x20, #0xc8
  f8:	94000078 	bl	2d8 <uart_puts>
  fc:	91004300 	add	x0, x24, #0x10
 100:	5290d415 	mov	w21, #0x86a0                	// #34464
 104:	940000d5 	bl	458 <uart_u64hex_s>
 108:	aa1803f3 	mov	x19, x24
 10c:	aa1703e0 	mov	x0, x23
 110:	72a00035 	movk	w21, #0x1, lsl #16
 114:	94000071 	bl	2d8 <uart_puts>
 118:	b9400a61 	ldr	w1, [x19, #8]
 11c:	d290d400 	mov	x0, #0x86a0                	// #34464
 120:	f2a00020 	movk	x0, #0x1, lsl #16
 124:	d503201f 	nop
 128:	f1000400 	subs	x0, x0, #0x1
 12c:	54ffffe1 	b.ne	128 <task1_main+0xf0>  // b.any
 130:	0b150021 	add	w1, w1, w21
 134:	aa1603e0 	mov	x0, x22
 138:	b9000a61 	str	w1, [x19, #8]
 13c:	94000067 	bl	2d8 <uart_puts>
 140:	17fffff6 	b	118 <task1_main+0xe0>
 144:	d503201f 	nop

0000000000000148 <task1_init>:
 148:	a9bf7bfd 	stp	x29, x30, [sp, #-16]!
 14c:	d2800080 	mov	x0, #0x4                   	// #4
 150:	910003fd 	mov	x29, sp
 154:	9400033b 	bl	e40 <task_suspend>
 158:	97ffffb8 	bl	38 <task1_main>
 15c:	00000000 	.inst	0x00000000 ; undefined

0000000000000160 <uart_init>:
 160:	a9b67bfd 	stp	x29, x30, [sp, #-160]!
 164:	d2900042 	mov	x2, #0x8002                	// #32770
 168:	f2a00062 	movk	x2, #0x3, lsl #16
 16c:	910003fd 	mov	x29, sp
 170:	d2800101 	mov	x1, #0x8                   	// #8
 174:	d2812000 	mov	x0, #0x900                 	// #2304
 178:	d2800483 	mov	x3, #0x24                  	// #36
 17c:	f2c00182 	movk	x2, #0xc, lsl #32
 180:	f2c00041 	movk	x1, #0x2, lsl #32
 184:	f2a007a0 	movk	x0, #0x3d, lsl #16
 188:	a9010be3 	stp	x3, x2, [sp, #16]
 18c:	a90203e1 	stp	x1, x0, [sp, #32]
 190:	b90033ff 	str	wzr, [sp, #48]
 194:	d5033fbf 	dmb	sy
 198:	d2800101 	mov	x1, #0x8                   	// #8
 19c:	910043e0 	add	x0, sp, #0x10
 1a0:	9400025c 	bl	b10 <mbox_call>
 1a4:	3100041f 	cmn	w0, #0x1
 1a8:	54000780 	b.eq	298 <uart_init+0x138>  // b.none
 1ac:	d2800081 	mov	x1, #0x4                   	// #4
 1b0:	d2801283 	mov	x3, #0x94                  	// #148
 1b4:	f2a7e401 	movk	x1, #0x3f20, lsl #16
 1b8:	f2a7e403 	movk	x3, #0x3f20, lsl #16
 1bc:	528012c0 	mov	w0, #0x96                  	// #150
 1c0:	b9400022 	ldr	w2, [x1]
 1c4:	12117042 	and	w2, w2, #0xffff8fff
 1c8:	b9000022 	str	w2, [x1]
 1cc:	b9400022 	ldr	w2, [x1]
 1d0:	120e7042 	and	w2, w2, #0xfffc7fff
 1d4:	b9000022 	str	w2, [x1]
 1d8:	b9400022 	ldr	w2, [x1]
 1dc:	32120042 	orr	w2, w2, #0x4000
 1e0:	b9000022 	str	w2, [x1]
 1e4:	b9400022 	ldr	w2, [x1]
 1e8:	320f0042 	orr	w2, w2, #0x20000
 1ec:	b9000022 	str	w2, [x1]
 1f0:	b9400061 	ldr	w1, [x3]
 1f4:	121e7421 	and	w1, w1, #0xfffffffc
 1f8:	b9000061 	str	w1, [x3]
 1fc:	d503201f 	nop
 200:	d503201f 	nop
 204:	71000400 	subs	w0, w0, #0x1
 208:	54ffffc1 	b.ne	200 <uart_init+0xa0>  // b.any
 20c:	d2801302 	mov	x2, #0x98                  	// #152
 210:	528012c0 	mov	w0, #0x96                  	// #150
 214:	f2a7e402 	movk	x2, #0x3f20, lsl #16
 218:	b9400041 	ldr	w1, [x2]
 21c:	32120421 	orr	w1, w1, #0xc000
 220:	b9000041 	str	w1, [x2]
 224:	d503201f 	nop
 228:	d503201f 	nop
 22c:	71000400 	subs	w0, w0, #0x1
 230:	54ffffc1 	b.ne	228 <uart_init+0xc8>  // b.any
 234:	d2801300 	mov	x0, #0x98                  	// #152
 238:	d2820001 	mov	x1, #0x1000                	// #4096
 23c:	f2a7e400 	movk	x0, #0x3f20, lsl #16
 240:	f2a7e401 	movk	x1, #0x3f20, lsl #16
 244:	52800164 	mov	w4, #0xb                   	// #11
 248:	52806023 	mov	w3, #0x301                 	// #769
 24c:	b900001f 	str	wzr, [x0]
 250:	52800000 	mov	w0, #0x0                   	// #0
 254:	b9404422 	ldr	w2, [x1, #68]
 258:	12155042 	and	w2, w2, #0xfffff800
 25c:	b9004422 	str	w2, [x1, #68]
 260:	b9402422 	ldr	w2, [x1, #36]
 264:	12103c42 	and	w2, w2, #0xffff0000
 268:	321f0042 	orr	w2, w2, #0x2
 26c:	b9002422 	str	w2, [x1, #36]
 270:	b9402822 	ldr	w2, [x1, #40]
 274:	121b6842 	and	w2, w2, #0xffffffe0
 278:	2a040042 	orr	w2, w2, w4
 27c:	b9002822 	str	w2, [x1, #40]
 280:	b9402c22 	ldr	w2, [x1, #44]
 284:	321b0442 	orr	w2, w2, #0x60
 288:	b9002c22 	str	w2, [x1, #44]
 28c:	b9403022 	ldr	w2, [x1, #48]
 290:	2a030042 	orr	w2, w2, w3
 294:	b9003022 	str	w2, [x1, #48]
 298:	a8ca7bfd 	ldp	x29, x30, [sp], #160
 29c:	d65f03c0 	ret

00000000000002a0 <uart_send>:
 2a0:	d2820002 	mov	x2, #0x1000                	// #4096
 2a4:	12001c00 	and	w0, w0, #0xff
 2a8:	f2a7e402 	movk	x2, #0x3f20, lsl #16
 2ac:	b9401841 	ldr	w1, [x2, #24]
 2b0:	362800a1 	tbz	w1, #5, 2c4 <uart_send+0x24>
 2b4:	d503201f 	nop
 2b8:	d503201f 	nop
 2bc:	b9401841 	ldr	w1, [x2, #24]
 2c0:	372fffc1 	tbnz	w1, #5, 2b8 <uart_send+0x18>
 2c4:	d2820001 	mov	x1, #0x1000                	// #4096
 2c8:	f2a7e401 	movk	x1, #0x3f20, lsl #16
 2cc:	b9000020 	str	w0, [x1]
 2d0:	d65f03c0 	ret
 2d4:	d503201f 	nop

00000000000002d8 <uart_puts>:
 2d8:	39400001 	ldrb	w1, [x0]
 2dc:	34000221 	cbz	w1, 320 <uart_puts+0x48>
 2e0:	d2820002 	mov	x2, #0x1000                	// #4096
 2e4:	528001a4 	mov	w4, #0xd                   	// #13
 2e8:	f2a7e402 	movk	x2, #0x3f20, lsl #16
 2ec:	d503201f 	nop
 2f0:	7100283f 	cmp	w1, #0xa
 2f4:	540001a0 	b.eq	328 <uart_puts+0x50>  // b.none
 2f8:	b9401841 	ldr	w1, [x2, #24]
 2fc:	39400003 	ldrb	w3, [x0]
 300:	362800a1 	tbz	w1, #5, 314 <uart_puts+0x3c>
 304:	d503201f 	nop
 308:	d503201f 	nop
 30c:	b9401841 	ldr	w1, [x2, #24]
 310:	372fffc1 	tbnz	w1, #5, 308 <uart_puts+0x30>
 314:	b9000043 	str	w3, [x2]
 318:	38401c01 	ldrb	w1, [x0, #1]!
 31c:	35fffea1 	cbnz	w1, 2f0 <uart_puts+0x18>
 320:	d65f03c0 	ret
 324:	d503201f 	nop
 328:	b9401841 	ldr	w1, [x2, #24]
 32c:	372fffc1 	tbnz	w1, #5, 324 <uart_puts+0x4c>
 330:	b9000044 	str	w4, [x2]
 334:	17fffff1 	b	2f8 <uart_puts+0x20>

0000000000000338 <uart_nputs>:
 338:	34000281 	cbz	w1, 388 <uart_nputs+0x50>
 33c:	51000424 	sub	w4, w1, #0x1
 340:	d2820002 	mov	x2, #0x1000                	// #4096
 344:	91000484 	add	x4, x4, #0x1
 348:	f2a7e402 	movk	x2, #0x3f20, lsl #16
 34c:	8b040004 	add	x4, x0, x4
 350:	528001a5 	mov	w5, #0xd                   	// #13
 354:	d503201f 	nop
 358:	39400003 	ldrb	w3, [x0]
 35c:	34000163 	cbz	w3, 388 <uart_nputs+0x50>
 360:	7100287f 	cmp	w3, #0xa
 364:	54000061 	b.ne	370 <uart_nputs+0x38>  // b.any
 368:	1400000a 	b	390 <uart_nputs+0x58>
 36c:	d503201f 	nop
 370:	b9401841 	ldr	w1, [x2, #24]
 374:	372fffc1 	tbnz	w1, #5, 36c <uart_nputs+0x34>
 378:	b9000043 	str	w3, [x2]
 37c:	91000400 	add	x0, x0, #0x1
 380:	eb04001f 	cmp	x0, x4
 384:	54fffea1 	b.ne	358 <uart_nputs+0x20>  // b.any
 388:	d65f03c0 	ret
 38c:	d503201f 	nop
 390:	b9401841 	ldr	w1, [x2, #24]
 394:	372fffc1 	tbnz	w1, #5, 38c <uart_nputs+0x54>
 398:	b9000045 	str	w5, [x2]
 39c:	39400003 	ldrb	w3, [x0]
 3a0:	17fffff4 	b	370 <uart_nputs+0x38>
 3a4:	d503201f 	nop

00000000000003a8 <uart_tohex>:
 3a8:	12000c00 	and	w0, w0, #0xf
 3ac:	51000400 	sub	w0, w0, #0x1
 3b0:	12001c00 	and	w0, w0, #0xff
 3b4:	7100381f 	cmp	w0, #0xe
 3b8:	540000c8 	b.hi	3d0 <uart_tohex+0x28>  // b.pmore
 3bc:	92401c00 	and	x0, x0, #0xff
 3c0:	90000001 	adrp	x1, 0 <tasklistitem>
 3c4:	913d8021 	add	x1, x1, #0xf60
 3c8:	38606820 	ldrb	w0, [x1, x0]
 3cc:	d65f03c0 	ret
 3d0:	52800600 	mov	w0, #0x30                  	// #48
 3d4:	d65f03c0 	ret

00000000000003d8 <uart_u64hex>:
 3d8:	aa0003e5 	mov	x5, x0
 3dc:	90000006 	adrp	x6, 0 <tasklistitem>
 3e0:	913d80c6 	add	x6, x6, #0xf60
 3e4:	a9bf7bfd 	stp	x29, x30, [sp, #-16]!
 3e8:	910040c0 	add	x0, x6, #0x10
 3ec:	910003fd 	mov	x29, sp
 3f0:	97ffffba 	bl	2d8 <uart_puts>
 3f4:	aa0603e0 	mov	x0, x6
 3f8:	d2820002 	mov	x2, #0x1000                	// #4096
 3fc:	52800783 	mov	w3, #0x3c                  	// #60
 400:	f2a7e402 	movk	x2, #0x3f20, lsl #16
 404:	d503201f 	nop
 408:	9ac324a1 	lsr	x1, x5, x3
 40c:	12000c21 	and	w1, w1, #0xf
 410:	51000421 	sub	w1, w1, #0x1
 414:	52800604 	mov	w4, #0x30                  	// #48
 418:	12001c21 	and	w1, w1, #0xff
 41c:	7100383f 	cmp	w1, #0xe
 420:	540000a8 	b.hi	434 <uart_u64hex+0x5c>  // b.pmore
 424:	92401c21 	and	x1, x1, #0xff
 428:	38616804 	ldrb	w4, [x0, x1]
 42c:	14000002 	b	434 <uart_u64hex+0x5c>
 430:	d503201f 	nop
 434:	b9401841 	ldr	w1, [x2, #24]
 438:	372fffc1 	tbnz	w1, #5, 430 <uart_u64hex+0x58>
 43c:	b9000044 	str	w4, [x2]
 440:	51001063 	sub	w3, w3, #0x4
 444:	3100107f 	cmn	w3, #0x4
 448:	54fffe01 	b.ne	408 <uart_u64hex+0x30>  // b.any
 44c:	a8c17bfd 	ldp	x29, x30, [sp], #16
 450:	d65f03c0 	ret
 454:	d503201f 	nop

0000000000000458 <uart_u64hex_s>:
 458:	aa0003e6 	mov	x6, x0
 45c:	90000008 	adrp	x8, 0 <tasklistitem>
 460:	913d8107 	add	x7, x8, #0xf60
 464:	a9bf7bfd 	stp	x29, x30, [sp, #-16]!
 468:	910040e0 	add	x0, x7, #0x10
 46c:	910003fd 	mov	x29, sp
 470:	97ffff9a 	bl	2d8 <uart_puts>
 474:	d2820002 	mov	x2, #0x1000                	// #4096
 478:	52800783 	mov	w3, #0x3c                  	// #60
 47c:	52800005 	mov	w5, #0x0                   	// #0
 480:	f2a7e402 	movk	x2, #0x3f20, lsl #16
 484:	d503201f 	nop
 488:	520000a4 	eor	w4, w5, #0x1
 48c:	9ac324c1 	lsr	x1, x6, x3
 490:	72001c21 	ands	w1, w1, #0xff
 494:	52800005 	mov	w5, #0x0                   	// #0
 498:	1a9f0084 	csel	w4, w4, wzr, eq  // eq = none
 49c:	350001e4 	cbnz	w4, 4d8 <uart_u64hex_s+0x80>
 4a0:	12000c21 	and	w1, w1, #0xf
 4a4:	52800600 	mov	w0, #0x30                  	// #48
 4a8:	51000421 	sub	w1, w1, #0x1
 4ac:	12001c21 	and	w1, w1, #0xff
 4b0:	7100383f 	cmp	w1, #0xe
 4b4:	540000a8 	b.hi	4c8 <uart_u64hex_s+0x70>  // b.pmore
 4b8:	92401c21 	and	x1, x1, #0xff
 4bc:	386168e0 	ldrb	w0, [x7, x1]
 4c0:	14000002 	b	4c8 <uart_u64hex_s+0x70>
 4c4:	d503201f 	nop
 4c8:	b9401841 	ldr	w1, [x2, #24]
 4cc:	372fffc1 	tbnz	w1, #5, 4c4 <uart_u64hex_s+0x6c>
 4d0:	52800025 	mov	w5, #0x1                   	// #1
 4d4:	b9000040 	str	w0, [x2]
 4d8:	71001063 	subs	w3, w3, #0x4
 4dc:	54fffd61 	b.ne	488 <uart_u64hex_s+0x30>  // b.any
 4e0:	12000cc0 	and	w0, w6, #0xf
 4e4:	52800602 	mov	w2, #0x30                  	// #48
 4e8:	51000400 	sub	w0, w0, #0x1
 4ec:	12001c00 	and	w0, w0, #0xff
 4f0:	7100381f 	cmp	w0, #0xe
 4f4:	54000088 	b.hi	504 <uart_u64hex_s+0xac>  // b.pmore
 4f8:	913d8108 	add	x8, x8, #0xf60
 4fc:	92401c00 	and	x0, x0, #0xff
 500:	38606902 	ldrb	w2, [x8, x0]
 504:	d2820001 	mov	x1, #0x1000                	// #4096
 508:	f2a7e401 	movk	x1, #0x3f20, lsl #16
 50c:	b9401820 	ldr	w0, [x1, #24]
 510:	362800a0 	tbz	w0, #5, 524 <uart_u64hex_s+0xcc>
 514:	d503201f 	nop
 518:	d503201f 	nop
 51c:	b9401820 	ldr	w0, [x1, #24]
 520:	372fffc0 	tbnz	w0, #5, 518 <uart_u64hex_s+0xc0>
 524:	d2820000 	mov	x0, #0x1000                	// #4096
 528:	f2a7e400 	movk	x0, #0x3f20, lsl #16
 52c:	b9000002 	str	w2, [x0]
 530:	a8c17bfd 	ldp	x29, x30, [sp], #16
 534:	d65f03c0 	ret

0000000000000538 <mmu_print_range>:
 538:	a9bc7bfd 	stp	x29, x30, [sp, #-64]!
 53c:	910003fd 	mov	x29, sp
 540:	a90153f3 	stp	x19, x20, [sp, #16]
 544:	aa0203f4 	mov	x20, x2
 548:	90000013 	adrp	x19, 0 <tasklistitem>
 54c:	913de273 	add	x19, x19, #0xf78
 550:	a9025bf5 	stp	x21, x22, [sp, #32]
 554:	d1000456 	sub	x22, x2, #0x1
 558:	aa0003f5 	mov	x21, x0
 55c:	f9001bf7 	str	x23, [sp, #48]
 560:	aa0103f7 	mov	x23, x1
 564:	97ffff9d 	bl	3d8 <uart_u64hex>
 568:	aa1303e0 	mov	x0, x19
 56c:	97ffff5b 	bl	2d8 <uart_puts>
 570:	aa1703e0 	mov	x0, x23
 574:	97ffff99 	bl	3d8 <uart_u64hex>
 578:	91002260 	add	x0, x19, #0x8
 57c:	97ffff57 	bl	2d8 <uart_puts>
 580:	8b1502c0 	add	x0, x22, x21
 584:	9ad40800 	udiv	x0, x0, x20
 588:	97ffff94 	bl	3d8 <uart_u64hex>
 58c:	aa1303e0 	mov	x0, x19
 590:	97ffff52 	bl	2d8 <uart_puts>
 594:	8b1702c0 	add	x0, x22, x23
 598:	9ad40800 	udiv	x0, x0, x20
 59c:	97ffff8f 	bl	3d8 <uart_u64hex>
 5a0:	91004260 	add	x0, x19, #0x10
 5a4:	a94153f3 	ldp	x19, x20, [sp, #16]
 5a8:	a9425bf5 	ldp	x21, x22, [sp, #32]
 5ac:	f9401bf7 	ldr	x23, [sp, #48]
 5b0:	a8c47bfd 	ldp	x29, x30, [sp], #64
 5b4:	17ffff49 	b	2d8 <uart_puts>

00000000000005b8 <mmu_enable_level_3_table_rw_blks>:
 5b8:	8b020022 	add	x2, x1, x2
 5bc:	eb02003f 	cmp	x1, x2
 5c0:	540001c2 	b.cs	5f8 <mmu_enable_level_3_table_rw_blks+0x40>  // b.hs, b.nlast
 5c4:	d0000004 	adrp	x4, 2000 <task1_header>
 5c8:	8b002423 	add	x3, x1, x0, lsl #9
 5cc:	d280e0e5 	mov	x5, #0x707                 	// #1799
 5d0:	f9402084 	ldr	x4, [x4, #64]
 5d4:	f2e00405 	movk	x5, #0x20, lsl #48
 5d8:	8b0130a0 	add	x0, x5, x1, lsl #12
 5dc:	8b0230a2 	add	x2, x5, x2, lsl #12
 5e0:	8b030c81 	add	x1, x4, x3, lsl #3
 5e4:	d503201f 	nop
 5e8:	f8008420 	str	x0, [x1], #8
 5ec:	91400400 	add	x0, x0, #0x1, lsl #12
 5f0:	eb02001f 	cmp	x0, x2
 5f4:	54ffffa1 	b.ne	5e8 <mmu_enable_level_3_table_rw_blks+0x30>  // b.any
 5f8:	d65f03c0 	ret
 5fc:	d503201f 	nop

0000000000000600 <mmu_enable_level_3_table_rox_blks>:
 600:	8b020022 	add	x2, x1, x2
 604:	eb02003f 	cmp	x1, x2
 608:	540001c2 	b.cs	640 <mmu_enable_level_3_table_rox_blks+0x40>  // b.hs, b.nlast
 60c:	d0000004 	adrp	x4, 2000 <task1_header>
 610:	8b002423 	add	x3, x1, x0, lsl #9
 614:	d374cc20 	lsl	x0, x1, #12
 618:	d374cc42 	lsl	x2, x2, #12
 61c:	f9402081 	ldr	x1, [x4, #64]
 620:	911e1c00 	add	x0, x0, #0x787
 624:	911e1c42 	add	x2, x2, #0x787
 628:	8b030c21 	add	x1, x1, x3, lsl #3
 62c:	d503201f 	nop
 630:	f8008420 	str	x0, [x1], #8
 634:	91400400 	add	x0, x0, #0x1, lsl #12
 638:	eb02001f 	cmp	x0, x2
 63c:	54ffffa1 	b.ne	630 <mmu_enable_level_3_table_rox_blks+0x30>  // b.any
 640:	d65f03c0 	ret
 644:	d503201f 	nop

0000000000000648 <mmu_enable_level_3_table>:
 648:	a9ba7bfd 	stp	x29, x30, [sp, #-96]!
 64c:	910003fd 	mov	x29, sp
 650:	a9046bf9 	stp	x25, x26, [sp, #64]
 654:	913ffc39 	add	x25, x1, #0xfff
 658:	913ffc5a 	add	x26, x2, #0xfff
 65c:	a9025bf5 	stp	x21, x22, [sp, #32]
 660:	aa0003f5 	mov	x21, x0
 664:	aa0103f6 	mov	x22, x1
 668:	a90363f7 	stp	x23, x24, [sp, #48]
 66c:	90000018 	adrp	x24, 0 <tasklistitem>
 670:	aa0203f7 	mov	x23, x2
 674:	f9002bfb 	str	x27, [sp, #80]
 678:	913de31b 	add	x27, x24, #0xf78
 67c:	91006360 	add	x0, x27, #0x18
 680:	a90153f3 	stp	x19, x20, [sp, #16]
 684:	d34cff34 	lsr	x20, x25, #12
 688:	97ffff14 	bl	2d8 <uart_puts>
 68c:	8b5a3293 	add	x19, x20, x26, lsr #12
 690:	f13fff3f 	cmp	x25, #0xfff
 694:	d36aa6b9 	lsl	x25, x21, #22
 698:	540008a8 	b.hi	7ac <mmu_enable_level_3_table+0x164>  // b.pmore
 69c:	f13fff5f 	cmp	x26, #0xfff
 6a0:	54000568 	b.hi	74c <mmu_enable_level_3_table+0x104>  // b.pmore
 6a4:	f108027f 	cmp	x19, #0x200
 6a8:	54000101 	b.ne	6c8 <mmu_enable_level_3_table+0x80>  // b.any
 6ac:	a94153f3 	ldp	x19, x20, [sp, #16]
 6b0:	a9425bf5 	ldp	x21, x22, [sp, #32]
 6b4:	a94363f7 	ldp	x23, x24, [sp, #48]
 6b8:	a9446bf9 	ldp	x25, x26, [sp, #64]
 6bc:	f9402bfb 	ldr	x27, [sp, #80]
 6c0:	a8c67bfd 	ldp	x29, x30, [sp], #96
 6c4:	d65f03c0 	ret
 6c8:	913de318 	add	x24, x24, #0xf78
 6cc:	91014300 	add	x0, x24, #0x50
 6d0:	97ffff02 	bl	2d8 <uart_puts>
 6d4:	91480321 	add	x1, x25, #0x200, lsl #12
 6d8:	d2820002 	mov	x2, #0x1000                	// #4096
 6dc:	8b1702c0 	add	x0, x22, x23
 6e0:	8b190000 	add	x0, x0, x25
 6e4:	97ffff95 	bl	538 <mmu_print_range>
 6e8:	91016300 	add	x0, x24, #0x58
 6ec:	97fffefb 	bl	2d8 <uart_puts>
 6f0:	f107fe7f 	cmp	x19, #0x1ff
 6f4:	54fffdc8 	b.hi	6ac <mmu_enable_level_3_table+0x64>  // b.pmore
 6f8:	d0000001 	adrp	x1, 2000 <task1_header>
 6fc:	8b152675 	add	x21, x19, x21, lsl #9
 700:	d280e0e0 	mov	x0, #0x707                 	// #1799
 704:	b20b03e2 	mov	x2, #0x20000000200000      	// #9007199256838144
 708:	f9402021 	ldr	x1, [x1, #64]
 70c:	f2e00400 	movk	x0, #0x20, lsl #48
 710:	8b133000 	add	x0, x0, x19, lsl #12
 714:	f280e0e2 	movk	x2, #0x707
 718:	8b150c21 	add	x1, x1, x21, lsl #3
 71c:	d503201f 	nop
 720:	f8008420 	str	x0, [x1], #8
 724:	91400400 	add	x0, x0, #0x1, lsl #12
 728:	eb02001f 	cmp	x0, x2
 72c:	54ffffa1 	b.ne	720 <mmu_enable_level_3_table+0xd8>  // b.any
 730:	a94153f3 	ldp	x19, x20, [sp, #16]
 734:	a9425bf5 	ldp	x21, x22, [sp, #32]
 738:	a94363f7 	ldp	x23, x24, [sp, #48]
 73c:	a9446bf9 	ldp	x25, x26, [sp, #64]
 740:	f9402bfb 	ldr	x27, [sp, #80]
 744:	a8c67bfd 	ldp	x29, x30, [sp], #96
 748:	d65f03c0 	ret
 74c:	913de31a 	add	x26, x24, #0xf78
 750:	91018340 	add	x0, x26, #0x60
 754:	97fffee1 	bl	2d8 <uart_puts>
 758:	8b160320 	add	x0, x25, x22
 75c:	d2820002 	mov	x2, #0x1000                	// #4096
 760:	8b170001 	add	x1, x0, x23
 764:	97ffff75 	bl	538 <mmu_print_range>
 768:	91016340 	add	x0, x26, #0x58
 76c:	97fffedb 	bl	2d8 <uart_puts>
 770:	eb14027f 	cmp	x19, x20
 774:	54fff989 	b.ls	6a4 <mmu_enable_level_3_table+0x5c>  // b.plast
 778:	d0000002 	adrp	x2, 2000 <task1_header>
 77c:	8b152680 	add	x0, x20, x21, lsl #9
 780:	d374ce83 	lsl	x3, x20, #12
 784:	d374ce61 	lsl	x1, x19, #12
 788:	f9402042 	ldr	x2, [x2, #64]
 78c:	911e1c63 	add	x3, x3, #0x787
 790:	911e1c21 	add	x1, x1, #0x787
 794:	8b000c40 	add	x0, x2, x0, lsl #3
 798:	f8008403 	str	x3, [x0], #8
 79c:	91400463 	add	x3, x3, #0x1, lsl #12
 7a0:	eb01007f 	cmp	x3, x1
 7a4:	54ffffa1 	b.ne	798 <mmu_enable_level_3_table+0x150>  // b.any
 7a8:	17ffffbf 	b	6a4 <mmu_enable_level_3_table+0x5c>
 7ac:	91014360 	add	x0, x27, #0x50
 7b0:	97fffeca 	bl	2d8 <uart_puts>
 7b4:	8b160321 	add	x1, x25, x22
 7b8:	d2820002 	mov	x2, #0x1000                	// #4096
 7bc:	aa1903e0 	mov	x0, x25
 7c0:	97ffff5e 	bl	538 <mmu_print_range>
 7c4:	91016360 	add	x0, x27, #0x58
 7c8:	97fffec4 	bl	2d8 <uart_puts>
 7cc:	b4fff694 	cbz	x20, 69c <mmu_enable_level_3_table+0x54>
 7d0:	d0000001 	adrp	x1, 2000 <task1_header>
 7d4:	d280e0e0 	mov	x0, #0x707                 	// #1799
 7d8:	f2e00400 	movk	x0, #0x20, lsl #48
 7dc:	f9402021 	ldr	x1, [x1, #64]
 7e0:	8b143002 	add	x2, x0, x20, lsl #12
 7e4:	8b153021 	add	x1, x1, x21, lsl #12
 7e8:	f8008420 	str	x0, [x1], #8
 7ec:	91400400 	add	x0, x0, #0x1, lsl #12
 7f0:	eb02001f 	cmp	x0, x2
 7f4:	54ffffa1 	b.ne	7e8 <mmu_enable_level_3_table+0x1a0>  // b.any
 7f8:	17ffffa9 	b	69c <mmu_enable_level_3_table+0x54>
 7fc:	d503201f 	nop

0000000000000800 <mmu_enable_level_2_table>:
 800:	a9bb7bfd 	stp	x29, x30, [sp, #-80]!
 804:	910003fd 	mov	x29, sp
 808:	a90153f3 	stp	x19, x20, [sp, #16]
 80c:	aa0003f3 	mov	x19, x0
 810:	90000014 	adrp	x20, 0 <tasklistitem>
 814:	913de294 	add	x20, x20, #0xf78
 818:	a9025bf5 	stp	x21, x22, [sp, #32]
 81c:	9101a280 	add	x0, x20, #0x68
 820:	a90363f7 	stp	x23, x24, [sp, #48]
 824:	aa0103f8 	mov	x24, x1
 828:	d280e0b7 	mov	x23, #0x705                 	// #1797
 82c:	f90023f9 	str	x25, [sp, #64]
 830:	97fffeaa 	bl	2d8 <uart_puts>
 834:	d36aa679 	lsl	x25, x19, #22
 838:	91014280 	add	x0, x20, #0x50
 83c:	97fffea7 	bl	2d8 <uart_puts>
 840:	f2e00417 	movk	x23, #0x20, lsl #48
 844:	91480321 	add	x1, x25, #0x200, lsl #12
 848:	d2a00402 	mov	x2, #0x200000              	// #2097152
 84c:	aa1903e0 	mov	x0, x25
 850:	97ffff3a 	bl	538 <mmu_print_range>
 854:	91016280 	add	x0, x20, #0x58
 858:	cb1902f7 	sub	x23, x23, x25
 85c:	97fffe9f 	bl	2d8 <uart_puts>
 860:	91024296 	add	x22, x20, #0x90
 864:	d0000002 	adrp	x2, 2000 <task1_header>
 868:	d0000001 	adrp	x1, 2000 <task1_header>
 86c:	d369a260 	lsl	x0, x19, #23
 870:	d2800015 	mov	x21, #0x0                   	// #0
 874:	f9402042 	ldr	x2, [x2, #64]
 878:	91480019 	add	x25, x0, #0x200, lsl #12
 87c:	f9401c21 	ldr	x1, [x1, #56]
 880:	eb15031f 	cmp	x24, x21
 884:	8b133042 	add	x2, x2, x19, lsl #12
 888:	91000c54 	add	x20, x2, #0x3
 88c:	8b131033 	add	x19, x1, x19, lsl #4
 890:	8b0002e1 	add	x1, x23, x0
 894:	54000200 	b.eq	8d4 <mmu_enable_level_2_table+0xd4>  // b.none
 898:	f9000261 	str	x1, [x19]
 89c:	aa1903e0 	mov	x0, x25
 8a0:	91002273 	add	x19, x19, #0x8
 8a4:	b40000f5 	cbz	x21, 8c0 <mmu_enable_level_2_table+0xc0>
 8a8:	a94153f3 	ldp	x19, x20, [sp, #16]
 8ac:	a9425bf5 	ldp	x21, x22, [sp, #32]
 8b0:	a94363f7 	ldp	x23, x24, [sp, #48]
 8b4:	f94023f9 	ldr	x25, [sp, #64]
 8b8:	a8c57bfd 	ldp	x29, x30, [sp], #80
 8bc:	d65f03c0 	ret
 8c0:	d2800035 	mov	x21, #0x1                   	// #1
 8c4:	91480019 	add	x25, x0, #0x200, lsl #12
 8c8:	8b0002e1 	add	x1, x23, x0
 8cc:	eb15031f 	cmp	x24, x21
 8d0:	54fffe41 	b.ne	898 <mmu_enable_level_2_table+0x98>  // b.any
 8d4:	aa1903e1 	mov	x1, x25
 8d8:	d2a00402 	mov	x2, #0x200000              	// #2097152
 8dc:	97ffff17 	bl	538 <mmu_print_range>
 8e0:	aa1603e0 	mov	x0, x22
 8e4:	97fffe7d 	bl	2d8 <uart_puts>
 8e8:	f9000274 	str	x20, [x19]
 8ec:	17ffffec 	b	89c <mmu_enable_level_2_table+0x9c>

00000000000008f0 <mmu_enable>:
 8f0:	a9bd7bfd 	stp	x29, x30, [sp, #-48]!
 8f4:	910003fd 	mov	x29, sp
 8f8:	a90153f3 	stp	x19, x20, [sp, #16]
 8fc:	f90013f5 	str	x21, [sp, #32]
 900:	aa0103f5 	mov	x21, x1
 904:	d29fe081 	mov	x1, #0xff04                	// #65284
 908:	d518a201 	msr	mair_el1, x1
 90c:	b40001b5 	cbz	x21, 940 <mmu_enable+0x50>
 910:	aa0003f4 	mov	x20, x0
 914:	d2800013 	mov	x19, #0x0                   	// #0
 918:	aa1303e0 	mov	x0, x19
 91c:	d2800021 	mov	x1, #0x1                   	// #1
 920:	97ffffb8 	bl	800 <mmu_enable_level_2_table>
 924:	f9400682 	ldr	x2, [x20, #8]
 928:	aa1303e0 	mov	x0, x19
 92c:	f8410681 	ldr	x1, [x20], #16
 930:	91000673 	add	x19, x19, #0x1
 934:	97ffff45 	bl	648 <mmu_enable_level_3_table>
 938:	eb1302bf 	cmp	x21, x19
 93c:	54fffee1 	b.ne	918 <mmu_enable+0x28>  // b.any
 940:	90000013 	adrp	x19, 0 <tasklistitem>
 944:	913de273 	add	x19, x19, #0xf78
 948:	9102a260 	add	x0, x19, #0xa8
 94c:	97fffe63 	bl	2d8 <uart_puts>
 950:	d2a00402 	mov	x2, #0x200000              	// #2097152
 954:	d2a80001 	mov	x1, #0x40000000            	// #1073741824
 958:	d2a7e000 	mov	x0, #0x3f000000            	// #1056964608
 95c:	97fffef7 	bl	538 <mmu_print_range>
 960:	91016260 	add	x0, x19, #0x58
 964:	97fffe5d 	bl	2d8 <uart_puts>
 968:	d0000000 	adrp	x0, 2000 <task1_header>
 96c:	d280c028 	mov	x8, #0x601                 	// #1537
 970:	d280c027 	mov	x7, #0x601                 	// #1537
 974:	d280c026 	mov	x6, #0x601                 	// #1537
 978:	f9401c00 	ldr	x0, [x0, #56]
 97c:	d280c025 	mov	x5, #0x601                 	// #1537
 980:	d280c024 	mov	x4, #0x601                 	// #1537
 984:	d280c023 	mov	x3, #0x601                 	// #1537
 988:	913f0009 	add	x9, x0, #0xfc0
 98c:	913f800a 	add	x10, x0, #0xfe0
 990:	d280c022 	mov	x2, #0x601                 	// #1537
 994:	d280c021 	mov	x1, #0x601                 	// #1537
 998:	f2a7e008 	movk	x8, #0x3f00, lsl #16
 99c:	f2a7e407 	movk	x7, #0x3f20, lsl #16
 9a0:	f2a7e806 	movk	x6, #0x3f40, lsl #16
 9a4:	f2a7ec05 	movk	x5, #0x3f60, lsl #16
 9a8:	f2a7f004 	movk	x4, #0x3f80, lsl #16
 9ac:	f2a7f403 	movk	x3, #0x3fa0, lsl #16
 9b0:	f2a7f802 	movk	x2, #0x3fc0, lsl #16
 9b4:	f2a7fc01 	movk	x1, #0x3fe0, lsl #16
 9b8:	f2e00408 	movk	x8, #0x20, lsl #48
 9bc:	f2e00407 	movk	x7, #0x20, lsl #48
 9c0:	f2e00406 	movk	x6, #0x20, lsl #48
 9c4:	f2e00405 	movk	x5, #0x20, lsl #48
 9c8:	f2e00404 	movk	x4, #0x20, lsl #48
 9cc:	f2e00403 	movk	x3, #0x20, lsl #48
 9d0:	f2e00402 	movk	x2, #0x20, lsl #48
 9d4:	f2e00401 	movk	x1, #0x20, lsl #48
 9d8:	a94153f3 	ldp	x19, x20, [sp, #16]
 9dc:	f94013f5 	ldr	x21, [sp, #32]
 9e0:	a9001d28 	stp	x8, x7, [x9]
 9e4:	a9000d44 	stp	x4, x3, [x10]
 9e8:	a9011526 	stp	x6, x5, [x9, #16]
 9ec:	a9010542 	stp	x2, x1, [x10, #16]
 9f0:	a8c37bfd 	ldp	x29, x30, [sp], #48
 9f4:	d65f03c0 	ret

00000000000009f8 <timer_init_core0>:
 9f8:	9e630000 	ucvtf	d0, x0
 9fc:	d2c80001 	mov	x1, #0x400000000000        	// #70368744177664
 a00:	f2e811e1 	movk	x1, #0x408f, lsl #48
 a04:	9e670022 	fmov	d2, x1
 a08:	d2c9f001 	mov	x1, #0x4f8000000000        	// #87411174408192
 a0c:	d2800685 	mov	x5, #0x34                  	// #52
 a10:	f2e83041 	movk	x1, #0x4182, lsl #48
 a14:	9e670021 	fmov	d1, x1
 a18:	1e621800 	fdiv	d0, d0, d2
 a1c:	d2800481 	mov	x1, #0x24                  	// #36
 a20:	f2a80001 	movk	x1, #0x4000, lsl #16
 a24:	f2a80005 	movk	x5, #0x4000, lsl #16
 a28:	d2800803 	mov	x3, #0x40                  	// #64
 a2c:	52a60006 	mov	w6, #0x30000000            	// #805306368
 a30:	f2a80003 	movk	x3, #0x4000, lsl #16
 a34:	b900003f 	str	wzr, [x1]
 a38:	52800044 	mov	w4, #0x2                   	// #2
 a3c:	52b80002 	mov	w2, #0xc0000000            	// #-1073741824
 a40:	1e610800 	fmul	d0, d0, d1
 a44:	9e790000 	fcvtzu	x0, d0
 a48:	0b060000 	add	w0, w0, w6
 a4c:	b90000a0 	str	w0, [x5]
 a50:	b9000064 	str	w4, [x3]
 a54:	b9001422 	str	w2, [x1, #20]
 a58:	d65f03c0 	ret
 a5c:	d503201f 	nop

0000000000000a60 <timer_one_shot_sys>:
 a60:	d2860002 	mov	x2, #0x3000                	// #12288
 a64:	f100041f 	cmp	x0, #0x1
 a68:	f2a7e002 	movk	x2, #0x3f00, lsl #16
 a6c:	b9400440 	ldr	w0, [x2, #4]
 a70:	0b010000 	add	w0, w0, w1
 a74:	540000a0 	b.eq	a88 <timer_one_shot_sys+0x28>  // b.none
 a78:	b9001840 	str	w0, [x2, #24]
 a7c:	52800100 	mov	w0, #0x8                   	// #8
 a80:	b9000040 	str	w0, [x2]
 a84:	d65f03c0 	ret
 a88:	b9001040 	str	w0, [x2, #16]
 a8c:	52800040 	mov	w0, #0x2                   	// #2
 a90:	b9000040 	str	w0, [x2]
 a94:	d65f03c0 	ret

0000000000000a98 <timer_delay_sys>:
 a98:	d2860003 	mov	x3, #0x3000                	// #12288
 a9c:	f100041f 	cmp	x0, #0x1
 aa0:	f2a7e003 	movk	x3, #0x3f00, lsl #16
 aa4:	b9400460 	ldr	w0, [x3, #4]
 aa8:	0b010000 	add	w0, w0, w1
 aac:	54000100 	b.eq	acc <timer_delay_sys+0x34>  // b.none
 ab0:	aa0303e2 	mov	x2, x3
 ab4:	b9001860 	str	w0, [x3, #24]
 ab8:	52800100 	mov	w0, #0x8                   	// #8
 abc:	b9000060 	str	w0, [x3]
 ac0:	b9400040 	ldr	w0, [x2]
 ac4:	361fffe0 	tbz	w0, #3, ac0 <timer_delay_sys+0x28>
 ac8:	d65f03c0 	ret
 acc:	aa0303e1 	mov	x1, x3
 ad0:	b9001060 	str	w0, [x3, #16]
 ad4:	52800040 	mov	w0, #0x2                   	// #2
 ad8:	b9000060 	str	w0, [x3]
 adc:	d503201f 	nop
 ae0:	b9400020 	ldr	w0, [x1]
 ae4:	360fffe0 	tbz	w0, #1, ae0 <timer_delay_sys+0x48>
 ae8:	d65f03c0 	ret
 aec:	00000000 	.inst	0x00000000 ; undefined

0000000000000af0 <irq_enable_system_timer>:
 af0:	d2964001 	mov	x1, #0xb200                	// #45568
 af4:	f100041f 	cmp	x0, #0x1
 af8:	f2a7e001 	movk	x1, #0x3f00, lsl #16
 afc:	52800082 	mov	w2, #0x4                   	// #4
 b00:	52800040 	mov	w0, #0x2                   	// #2
 b04:	1a820000 	csel	w0, w0, w2, eq  // eq = none
 b08:	b9001020 	str	w0, [x1, #16]
 b0c:	d65f03c0 	ret

0000000000000b10 <mbox_call>:
 b10:	d2971003 	mov	x3, #0xb880                	// #47232
 b14:	f2a7e003 	movk	x3, #0x3f00, lsl #16
 b18:	b9401862 	ldr	w2, [x3, #24]
 b1c:	36f80082 	tbz	w2, #31, b2c <mbox_call+0x1c>
 b20:	d503201f 	nop
 b24:	b9401862 	ldr	w2, [x3, #24]
 b28:	37ffffc2 	tbnz	w2, #31, b20 <mbox_call+0x10>
 b2c:	d2971003 	mov	x3, #0xb880                	// #47232
 b30:	2a0003e2 	mov	w2, w0
 b34:	f2a7e003 	movk	x3, #0x3f00, lsl #16
 b38:	52b00005 	mov	w5, #0x80000000            	// #-2147483648
 b3c:	33000c22 	bfxil	w2, w1, #0, #4
 b40:	aa0303e1 	mov	x1, x3
 b44:	b9002062 	str	w2, [x3, #32]
 b48:	320107e4 	mov	w4, #0x80000001            	// #-2147483647
 b4c:	b9400403 	ldr	w3, [x0, #4]
 b50:	b9401820 	ldr	w0, [x1, #24]
 b54:	37f00140 	tbnz	w0, #30, b7c <mbox_call+0x6c>
 b58:	b9400020 	ldr	w0, [x1]
 b5c:	6b00005f 	cmp	w2, w0
 b60:	54ffff81 	b.ne	b50 <mbox_call+0x40>  // b.any
 b64:	6b05007f 	cmp	w3, w5
 b68:	540000e0 	b.eq	b84 <mbox_call+0x74>  // b.none
 b6c:	6b04007f 	cmp	w3, w4
 b70:	54ffff01 	b.ne	b50 <mbox_call+0x40>  // b.any
 b74:	12800000 	mov	w0, #0xffffffff            	// #-1
 b78:	d65f03c0 	ret
 b7c:	d503201f 	nop
 b80:	17fffff4 	b	b50 <mbox_call+0x40>
 b84:	52800000 	mov	w0, #0x0                   	// #0
 b88:	d65f03c0 	ret
 b8c:	00000000 	.inst	0x00000000 ; undefined

0000000000000b90 <task_get_list_item>:
 b90:	d36aa400 	lsl	x0, x0, #22
 b94:	d28a8921 	mov	x1, #0x5449                	// #21577
 b98:	91480000 	add	x0, x0, #0x200, lsl #12
 b9c:	f2a9a8a1 	movk	x1, #0x4d45, lsl #16
 ba0:	f9400002 	ldr	x2, [x0]
 ba4:	eb01005f 	cmp	x2, x1
 ba8:	54000041 	b.ne	bb0 <task_get_list_item+0x20>  // b.any
 bac:	d65f03c0 	ret
 bb0:	a9bf7bfd 	stp	x29, x30, [sp, #-16]!
 bb4:	b0000000 	adrp	x0, 1000 <CSWTCH.6+0xa0>
 bb8:	91016000 	add	x0, x0, #0x58
 bbc:	910003fd 	mov	x29, sp
 bc0:	97fffdc6 	bl	2d8 <uart_puts>
 bc4:	d2800000 	mov	x0, #0x0                   	// #0
 bc8:	a8c17bfd 	ldp	x29, x30, [sp], #16
 bcc:	d65f03c0 	ret

0000000000000bd0 <task_get_header>:
 bd0:	d36aa401 	lsl	x1, x0, #22
 bd4:	a9bf7bfd 	stp	x29, x30, [sp, #-16]!
 bd8:	91480021 	add	x1, x1, #0x200, lsl #12
 bdc:	910003fd 	mov	x29, sp
 be0:	d28a8922 	mov	x2, #0x5449                	// #21577
 be4:	f9400020 	ldr	x0, [x1]
 be8:	f2a9a8a2 	movk	x2, #0x4d45, lsl #16
 bec:	eb02001f 	cmp	x0, x2
 bf0:	540001e1 	b.ne	c2c <task_get_header+0x5c>  // b.any
 bf4:	f9400822 	ldr	x2, [x1, #16]
 bf8:	d2882a83 	mov	x3, #0x4154                	// #16724
 bfc:	f2a96a63 	movk	x3, #0x4b53, lsl #16
 c00:	8b020020 	add	x0, x1, x2
 c04:	f8626821 	ldr	x1, [x1, x2]
 c08:	eb03003f 	cmp	x1, x3
 c0c:	540000c0 	b.eq	c24 <task_get_header+0x54>  // b.none
 c10:	b0000000 	adrp	x0, 1000 <CSWTCH.6+0xa0>
 c14:	91016000 	add	x0, x0, #0x58
 c18:	9100c000 	add	x0, x0, #0x30
 c1c:	97fffdaf 	bl	2d8 <uart_puts>
 c20:	d2800000 	mov	x0, #0x0                   	// #0
 c24:	a8c17bfd 	ldp	x29, x30, [sp], #16
 c28:	d65f03c0 	ret
 c2c:	b0000000 	adrp	x0, 1000 <CSWTCH.6+0xa0>
 c30:	91016000 	add	x0, x0, #0x58
 c34:	97fffda9 	bl	2d8 <uart_puts>
 c38:	d2800000 	mov	x0, #0x0                   	// #0
 c3c:	f9400800 	ldr	x0, [x0, #16]
 c40:	d4207d00 	brk	#0x3e8
 c44:	d503201f 	nop

0000000000000c48 <task_header_rebase>:
 c48:	a9bc7bfd 	stp	x29, x30, [sp, #-64]!
 c4c:	d28a8921 	mov	x1, #0x5449                	// #21577
 c50:	f2a9a8a1 	movk	x1, #0x4d45, lsl #16
 c54:	910003fd 	mov	x29, sp
 c58:	a90153f3 	stp	x19, x20, [sp, #16]
 c5c:	d36aa413 	lsl	x19, x0, #22
 c60:	91480273 	add	x19, x19, #0x200, lsl #12
 c64:	a9025bf5 	stp	x21, x22, [sp, #32]
 c68:	aa0003f6 	mov	x22, x0
 c6c:	f9400260 	ldr	x0, [x19]
 c70:	f9001bf7 	str	x23, [sp, #48]
 c74:	eb01001f 	cmp	x0, x1
 c78:	540006a1 	b.ne	d4c <task_header_rebase+0x104>  // b.any
 c7c:	f9400a60 	ldr	x0, [x19, #16]
 c80:	d2882a81 	mov	x1, #0x4154                	// #16724
 c84:	f2a96a61 	movk	x1, #0x4b53, lsl #16
 c88:	8b000274 	add	x20, x19, x0
 c8c:	f8606a60 	ldr	x0, [x19, x0]
 c90:	eb01001f 	cmp	x0, x1
 c94:	54000681 	b.ne	d64 <task_header_rebase+0x11c>  // b.any
 c98:	b0000015 	adrp	x21, 1000 <CSWTCH.6+0xa0>
 c9c:	910162b5 	add	x21, x21, #0x58
 ca0:	910182a0 	add	x0, x21, #0x60
 ca4:	97fffd8d 	bl	2d8 <uart_puts>
 ca8:	aa1603e0 	mov	x0, x22
 cac:	97fffdeb 	bl	458 <uart_u64hex_s>
 cb0:	910242a0 	add	x0, x21, #0x90
 cb4:	97fffd89 	bl	2d8 <uart_puts>
 cb8:	910282b6 	add	x22, x21, #0xa0
 cbc:	aa1303e0 	mov	x0, x19
 cc0:	97fffde6 	bl	458 <uart_u64hex_s>
 cc4:	910342b7 	add	x23, x21, #0xd0
 cc8:	aa1603e0 	mov	x0, x22
 ccc:	97fffd83 	bl	2d8 <uart_puts>
 cd0:	9102a2a0 	add	x0, x21, #0xa8
 cd4:	97fffd81 	bl	2d8 <uart_puts>
 cd8:	f9401280 	ldr	x0, [x20, #32]
 cdc:	97fffddf 	bl	458 <uart_u64hex_s>
 ce0:	aa1703e0 	mov	x0, x23
 ce4:	97fffd7d 	bl	2d8 <uart_puts>
 ce8:	f9401280 	ldr	x0, [x20, #32]
 cec:	8b130000 	add	x0, x0, x19
 cf0:	97fffdda 	bl	458 <uart_u64hex_s>
 cf4:	aa1603e0 	mov	x0, x22
 cf8:	97fffd78 	bl	2d8 <uart_puts>
 cfc:	910362a0 	add	x0, x21, #0xd8
 d00:	97fffd76 	bl	2d8 <uart_puts>
 d04:	f9401680 	ldr	x0, [x20, #40]
 d08:	97fffdd4 	bl	458 <uart_u64hex_s>
 d0c:	aa1703e0 	mov	x0, x23
 d10:	97fffd72 	bl	2d8 <uart_puts>
 d14:	f9401680 	ldr	x0, [x20, #40]
 d18:	8b130000 	add	x0, x0, x19
 d1c:	97fffdcf 	bl	458 <uart_u64hex_s>
 d20:	aa1603e0 	mov	x0, x22
 d24:	97fffd6d 	bl	2d8 <uart_puts>
 d28:	a9420281 	ldp	x1, x0, [x20, #32]
 d2c:	a9425bf5 	ldp	x21, x22, [sp, #32]
 d30:	f9401bf7 	ldr	x23, [sp, #48]
 d34:	8b130021 	add	x1, x1, x19
 d38:	8b130013 	add	x19, x0, x19
 d3c:	a9024e81 	stp	x1, x19, [x20, #32]
 d40:	a94153f3 	ldp	x19, x20, [sp, #16]
 d44:	a8c47bfd 	ldp	x29, x30, [sp], #64
 d48:	d65f03c0 	ret
 d4c:	b0000000 	adrp	x0, 1000 <CSWTCH.6+0xa0>
 d50:	91016000 	add	x0, x0, #0x58
 d54:	97fffd61 	bl	2d8 <uart_puts>
 d58:	d2800000 	mov	x0, #0x0                   	// #0
 d5c:	f9400800 	ldr	x0, [x0, #16]
 d60:	d4207d00 	brk	#0x3e8
 d64:	b0000014 	adrp	x20, 1000 <CSWTCH.6+0xa0>
 d68:	91016294 	add	x20, x20, #0x58
 d6c:	9100c280 	add	x0, x20, #0x30
 d70:	97fffd5a 	bl	2d8 <uart_puts>
 d74:	91018280 	add	x0, x20, #0x60
 d78:	97fffd58 	bl	2d8 <uart_puts>
 d7c:	aa1603e0 	mov	x0, x22
 d80:	97fffdb6 	bl	458 <uart_u64hex_s>
 d84:	91024280 	add	x0, x20, #0x90
 d88:	97fffd54 	bl	2d8 <uart_puts>
 d8c:	aa1303e0 	mov	x0, x19
 d90:	97fffdb2 	bl	458 <uart_u64hex_s>
 d94:	91028280 	add	x0, x20, #0xa0
 d98:	97fffd50 	bl	2d8 <uart_puts>
 d9c:	9102a280 	add	x0, x20, #0xa8
 da0:	97fffd4e 	bl	2d8 <uart_puts>
 da4:	d2800000 	mov	x0, #0x0                   	// #0
 da8:	f9401000 	ldr	x0, [x0, #32]
 dac:	d4207d00 	brk	#0x3e8

0000000000000db0 <task_bss_zero>:
 db0:	a9bd7bfd 	stp	x29, x30, [sp, #-48]!
 db4:	910003fd 	mov	x29, sp
 db8:	a90153f3 	stp	x19, x20, [sp, #16]
 dbc:	d36aa413 	lsl	x19, x0, #22
 dc0:	91480273 	add	x19, x19, #0x200, lsl #12
 dc4:	f9401274 	ldr	x20, [x19, #32]
 dc8:	f90013f5 	str	x21, [sp, #32]
 dcc:	b0000015 	adrp	x21, 1000 <CSWTCH.6+0xa0>
 dd0:	910162b5 	add	x21, x21, #0x58
 dd4:	910422a0 	add	x0, x21, #0x108
 dd8:	97fffd40 	bl	2d8 <uart_puts>
 ddc:	f9401260 	ldr	x0, [x19, #32]
 de0:	8b140274 	add	x20, x19, x20
 de4:	8b000260 	add	x0, x19, x0
 de8:	97fffd9c 	bl	458 <uart_u64hex_s>
 dec:	9104a2a0 	add	x0, x21, #0x128
 df0:	97fffd3a 	bl	2d8 <uart_puts>
 df4:	f9401660 	ldr	x0, [x19, #40]
 df8:	8b000260 	add	x0, x19, x0
 dfc:	97fffd97 	bl	458 <uart_u64hex_s>
 e00:	910282a0 	add	x0, x21, #0xa0
 e04:	97fffd35 	bl	2d8 <uart_puts>
 e08:	a9420660 	ldp	x0, x1, [x19, #32]
 e0c:	eb00003f 	cmp	x1, x0
 e10:	54000100 	b.eq	e30 <task_bss_zero+0x80>  // b.none
 e14:	d2800000 	mov	x0, #0x0                   	// #0
 e18:	38206a9f 	strb	wzr, [x20, x0]
 e1c:	91000400 	add	x0, x0, #0x1
 e20:	a9420662 	ldp	x2, x1, [x19, #32]
 e24:	cb020021 	sub	x1, x1, x2
 e28:	eb00003f 	cmp	x1, x0
 e2c:	54ffff68 	b.hi	e18 <task_bss_zero+0x68>  // b.pmore
 e30:	a94153f3 	ldp	x19, x20, [sp, #16]
 e34:	f94013f5 	ldr	x21, [sp, #32]
 e38:	a8c37bfd 	ldp	x29, x30, [sp], #48
 e3c:	d65f03c0 	ret

0000000000000e40 <task_suspend>:
 e40:	aa0003e0 	mov	x0, x0
 e44:	d4000021 	svc	#0x1
 e48:	d65f03c0 	ret
 e4c:	d503201f 	nop

0000000000000e50 <task_sleep>:
 e50:	aa0003e0 	mov	x0, x0
 e54:	d4000041 	svc	#0x2
 e58:	d65f03c0 	ret
 e5c:	d503201f 	nop

0000000000000e60 <task_priority_set>:
 e60:	8b018001 	add	x1, x0, x1, lsl #32
 e64:	aa0103e0 	mov	x0, x1
 e68:	d4000061 	svc	#0x3
 e6c:	d65f03c0 	ret
