
task3.elf:     file format elf64-littleaarch64
architecture: aarch64, flags 0x00000112:
EXEC_P, HAS_SYMS, D_PAGED
start address 0x0000000000000030

Sections:
Idx Name          Size      VMA               LMA               File off  Algn
  0 .task_list_item 00000030  0000000000000000  0000000000000000  00001000  2**3
                  CONTENTS, ALLOC, LOAD, DATA
  1 .text         00000dd8  0000000000000030  0000000000000030  00001030  2**3
                  CONTENTS, ALLOC, LOAD, READONLY, CODE
  2 .rodata       000002b2  0000000000000e08  0000000000000e08  00001e08  2**3
                  CONTENTS, ALLOC, LOAD, READONLY, DATA
  3 .task_header  00000030  0000000000002000  0000000000002000  00003000  2**3
                  CONTENTS, ALLOC, LOAD, DATA
  4 .got          00000030  0000000000002030  0000000000002030  00003030  2**3
                  CONTENTS, ALLOC, LOAD, DATA
  5 .bss          00009fa0  0000000000002060  0000000000002060  00003060  2**12
                  ALLOC

Disassembly of section .text:

0000000000000030 <test_g_counter_ptr_get>:
  30:	d0000000 	adrp	x0, 2000 <task3_header>
  34:	91018000 	add	x0, x0, #0x60
  38:	d65f03c0 	ret
  3c:	d503201f 	nop

0000000000000040 <test_g_pointer_ref_get>:
  40:	d0000000 	adrp	x0, 2000 <task3_header>
  44:	91018000 	add	x0, x0, #0x60
  48:	91002000 	add	x0, x0, #0x8
  4c:	d65f03c0 	ret

0000000000000050 <task3_reset>:
  50:	d2800100 	mov	x0, #0x8                   	// #8
  54:	14000361 	b	dd8 <task_suspend>

0000000000000058 <task3_main>:
  58:	a9bd7bfd 	stp	x29, x30, [sp, #-48]!
  5c:	910003fd 	mov	x29, sp
  60:	a90153f3 	stp	x19, x20, [sp, #16]
  64:	90000013 	adrp	x19, 0 <tasklistitem>
  68:	91382273 	add	x19, x19, #0xe08
  6c:	aa1303e0 	mov	x0, x19
  70:	f90013f5 	str	x21, [sp, #32]
  74:	9400007f 	bl	270 <uart_puts>
  78:	91014275 	add	x21, x19, #0x50
  7c:	91008260 	add	x0, x19, #0x20
  80:	9400007c 	bl	270 <uart_puts>
  84:	91022274 	add	x20, x19, #0x88
  88:	97ffffea 	bl	30 <test_g_counter_ptr_get>
  8c:	940000d9 	bl	3f0 <uart_u64hex_s>
  90:	aa1503e0 	mov	x0, x21
  94:	94000077 	bl	270 <uart_puts>
  98:	91016260 	add	x0, x19, #0x58
  9c:	94000075 	bl	270 <uart_puts>
  a0:	97ffffe8 	bl	40 <test_g_pointer_ref_get>
  a4:	940000d3 	bl	3f0 <uart_u64hex_s>
  a8:	aa1503e0 	mov	x0, x21
  ac:	94000071 	bl	270 <uart_puts>
  b0:	d290d413 	mov	x19, #0x86a0                	// #34464
  b4:	f2a00033 	movk	x19, #0x1, lsl #16
  b8:	97ffffde 	bl	30 <test_g_counter_ptr_get>
  bc:	b9400001 	ldr	w1, [x0]
  c0:	f1000673 	subs	x19, x19, #0x1
  c4:	11000421 	add	w1, w1, #0x1
  c8:	b9000001 	str	w1, [x0]
  cc:	54ffff61 	b.ne	b8 <task3_main+0x60>  // b.any
  d0:	aa1403e0 	mov	x0, x20
  d4:	94000067 	bl	270 <uart_puts>
  d8:	17fffff6 	b	b0 <task3_main+0x58>
  dc:	d503201f 	nop

00000000000000e0 <task3_init>:
  e0:	a9bf7bfd 	stp	x29, x30, [sp, #-16]!
  e4:	d2800080 	mov	x0, #0x4                   	// #4
  e8:	910003fd 	mov	x29, sp
  ec:	9400033b 	bl	dd8 <task_suspend>
  f0:	97ffffda 	bl	58 <task3_main>
  f4:	00000000 	.inst	0x00000000 ; undefined

00000000000000f8 <uart_init>:
  f8:	a9b67bfd 	stp	x29, x30, [sp, #-160]!
  fc:	d2900042 	mov	x2, #0x8002                	// #32770
 100:	f2a00062 	movk	x2, #0x3, lsl #16
 104:	910003fd 	mov	x29, sp
 108:	d2800101 	mov	x1, #0x8                   	// #8
 10c:	d2812000 	mov	x0, #0x900                 	// #2304
 110:	d2800483 	mov	x3, #0x24                  	// #36
 114:	f2c00182 	movk	x2, #0xc, lsl #32
 118:	f2c00041 	movk	x1, #0x2, lsl #32
 11c:	f2a007a0 	movk	x0, #0x3d, lsl #16
 120:	a9010be3 	stp	x3, x2, [sp, #16]
 124:	a90203e1 	stp	x1, x0, [sp, #32]
 128:	b90033ff 	str	wzr, [sp, #48]
 12c:	d5033fbf 	dmb	sy
 130:	d2800101 	mov	x1, #0x8                   	// #8
 134:	910043e0 	add	x0, sp, #0x10
 138:	9400025c 	bl	aa8 <mbox_call>
 13c:	3100041f 	cmn	w0, #0x1
 140:	54000780 	b.eq	230 <uart_init+0x138>  // b.none
 144:	d2800081 	mov	x1, #0x4                   	// #4
 148:	d2801283 	mov	x3, #0x94                  	// #148
 14c:	f2a7e401 	movk	x1, #0x3f20, lsl #16
 150:	f2a7e403 	movk	x3, #0x3f20, lsl #16
 154:	528012c0 	mov	w0, #0x96                  	// #150
 158:	b9400022 	ldr	w2, [x1]
 15c:	12117042 	and	w2, w2, #0xffff8fff
 160:	b9000022 	str	w2, [x1]
 164:	b9400022 	ldr	w2, [x1]
 168:	120e7042 	and	w2, w2, #0xfffc7fff
 16c:	b9000022 	str	w2, [x1]
 170:	b9400022 	ldr	w2, [x1]
 174:	32120042 	orr	w2, w2, #0x4000
 178:	b9000022 	str	w2, [x1]
 17c:	b9400022 	ldr	w2, [x1]
 180:	320f0042 	orr	w2, w2, #0x20000
 184:	b9000022 	str	w2, [x1]
 188:	b9400061 	ldr	w1, [x3]
 18c:	121e7421 	and	w1, w1, #0xfffffffc
 190:	b9000061 	str	w1, [x3]
 194:	d503201f 	nop
 198:	d503201f 	nop
 19c:	71000400 	subs	w0, w0, #0x1
 1a0:	54ffffc1 	b.ne	198 <uart_init+0xa0>  // b.any
 1a4:	d2801302 	mov	x2, #0x98                  	// #152
 1a8:	528012c0 	mov	w0, #0x96                  	// #150
 1ac:	f2a7e402 	movk	x2, #0x3f20, lsl #16
 1b0:	b9400041 	ldr	w1, [x2]
 1b4:	32120421 	orr	w1, w1, #0xc000
 1b8:	b9000041 	str	w1, [x2]
 1bc:	d503201f 	nop
 1c0:	d503201f 	nop
 1c4:	71000400 	subs	w0, w0, #0x1
 1c8:	54ffffc1 	b.ne	1c0 <uart_init+0xc8>  // b.any
 1cc:	d2801300 	mov	x0, #0x98                  	// #152
 1d0:	d2820001 	mov	x1, #0x1000                	// #4096
 1d4:	f2a7e400 	movk	x0, #0x3f20, lsl #16
 1d8:	f2a7e401 	movk	x1, #0x3f20, lsl #16
 1dc:	52800164 	mov	w4, #0xb                   	// #11
 1e0:	52806023 	mov	w3, #0x301                 	// #769
 1e4:	b900001f 	str	wzr, [x0]
 1e8:	52800000 	mov	w0, #0x0                   	// #0
 1ec:	b9404422 	ldr	w2, [x1, #68]
 1f0:	12155042 	and	w2, w2, #0xfffff800
 1f4:	b9004422 	str	w2, [x1, #68]
 1f8:	b9402422 	ldr	w2, [x1, #36]
 1fc:	12103c42 	and	w2, w2, #0xffff0000
 200:	321f0042 	orr	w2, w2, #0x2
 204:	b9002422 	str	w2, [x1, #36]
 208:	b9402822 	ldr	w2, [x1, #40]
 20c:	121b6842 	and	w2, w2, #0xffffffe0
 210:	2a040042 	orr	w2, w2, w4
 214:	b9002822 	str	w2, [x1, #40]
 218:	b9402c22 	ldr	w2, [x1, #44]
 21c:	321b0442 	orr	w2, w2, #0x60
 220:	b9002c22 	str	w2, [x1, #44]
 224:	b9403022 	ldr	w2, [x1, #48]
 228:	2a030042 	orr	w2, w2, w3
 22c:	b9003022 	str	w2, [x1, #48]
 230:	a8ca7bfd 	ldp	x29, x30, [sp], #160
 234:	d65f03c0 	ret

0000000000000238 <uart_send>:
 238:	d2820002 	mov	x2, #0x1000                	// #4096
 23c:	12001c00 	and	w0, w0, #0xff
 240:	f2a7e402 	movk	x2, #0x3f20, lsl #16
 244:	b9401841 	ldr	w1, [x2, #24]
 248:	362800a1 	tbz	w1, #5, 25c <uart_send+0x24>
 24c:	d503201f 	nop
 250:	d503201f 	nop
 254:	b9401841 	ldr	w1, [x2, #24]
 258:	372fffc1 	tbnz	w1, #5, 250 <uart_send+0x18>
 25c:	d2820001 	mov	x1, #0x1000                	// #4096
 260:	f2a7e401 	movk	x1, #0x3f20, lsl #16
 264:	b9000020 	str	w0, [x1]
 268:	d65f03c0 	ret
 26c:	d503201f 	nop

0000000000000270 <uart_puts>:
 270:	39400001 	ldrb	w1, [x0]
 274:	34000221 	cbz	w1, 2b8 <uart_puts+0x48>
 278:	d2820002 	mov	x2, #0x1000                	// #4096
 27c:	528001a4 	mov	w4, #0xd                   	// #13
 280:	f2a7e402 	movk	x2, #0x3f20, lsl #16
 284:	d503201f 	nop
 288:	7100283f 	cmp	w1, #0xa
 28c:	540001a0 	b.eq	2c0 <uart_puts+0x50>  // b.none
 290:	b9401841 	ldr	w1, [x2, #24]
 294:	39400003 	ldrb	w3, [x0]
 298:	362800a1 	tbz	w1, #5, 2ac <uart_puts+0x3c>
 29c:	d503201f 	nop
 2a0:	d503201f 	nop
 2a4:	b9401841 	ldr	w1, [x2, #24]
 2a8:	372fffc1 	tbnz	w1, #5, 2a0 <uart_puts+0x30>
 2ac:	b9000043 	str	w3, [x2]
 2b0:	38401c01 	ldrb	w1, [x0, #1]!
 2b4:	35fffea1 	cbnz	w1, 288 <uart_puts+0x18>
 2b8:	d65f03c0 	ret
 2bc:	d503201f 	nop
 2c0:	b9401841 	ldr	w1, [x2, #24]
 2c4:	372fffc1 	tbnz	w1, #5, 2bc <uart_puts+0x4c>
 2c8:	b9000044 	str	w4, [x2]
 2cc:	17fffff1 	b	290 <uart_puts+0x20>

00000000000002d0 <uart_nputs>:
 2d0:	34000281 	cbz	w1, 320 <uart_nputs+0x50>
 2d4:	51000424 	sub	w4, w1, #0x1
 2d8:	d2820002 	mov	x2, #0x1000                	// #4096
 2dc:	91000484 	add	x4, x4, #0x1
 2e0:	f2a7e402 	movk	x2, #0x3f20, lsl #16
 2e4:	8b040004 	add	x4, x0, x4
 2e8:	528001a5 	mov	w5, #0xd                   	// #13
 2ec:	d503201f 	nop
 2f0:	39400003 	ldrb	w3, [x0]
 2f4:	34000163 	cbz	w3, 320 <uart_nputs+0x50>
 2f8:	7100287f 	cmp	w3, #0xa
 2fc:	54000061 	b.ne	308 <uart_nputs+0x38>  // b.any
 300:	1400000a 	b	328 <uart_nputs+0x58>
 304:	d503201f 	nop
 308:	b9401841 	ldr	w1, [x2, #24]
 30c:	372fffc1 	tbnz	w1, #5, 304 <uart_nputs+0x34>
 310:	b9000043 	str	w3, [x2]
 314:	91000400 	add	x0, x0, #0x1
 318:	eb04001f 	cmp	x0, x4
 31c:	54fffea1 	b.ne	2f0 <uart_nputs+0x20>  // b.any
 320:	d65f03c0 	ret
 324:	d503201f 	nop
 328:	b9401841 	ldr	w1, [x2, #24]
 32c:	372fffc1 	tbnz	w1, #5, 324 <uart_nputs+0x54>
 330:	b9000045 	str	w5, [x2]
 334:	39400003 	ldrb	w3, [x0]
 338:	17fffff4 	b	308 <uart_nputs+0x38>
 33c:	d503201f 	nop

0000000000000340 <uart_tohex>:
 340:	12000c00 	and	w0, w0, #0xf
 344:	51000400 	sub	w0, w0, #0x1
 348:	12001c00 	and	w0, w0, #0xff
 34c:	7100381f 	cmp	w0, #0xe
 350:	540000c8 	b.hi	368 <uart_tohex+0x28>  // b.pmore
 354:	92401c00 	and	x0, x0, #0xff
 358:	90000001 	adrp	x1, 0 <tasklistitem>
 35c:	913a6021 	add	x1, x1, #0xe98
 360:	38606820 	ldrb	w0, [x1, x0]
 364:	d65f03c0 	ret
 368:	52800600 	mov	w0, #0x30                  	// #48
 36c:	d65f03c0 	ret

0000000000000370 <uart_u64hex>:
 370:	aa0003e5 	mov	x5, x0
 374:	90000006 	adrp	x6, 0 <tasklistitem>
 378:	913a60c6 	add	x6, x6, #0xe98
 37c:	a9bf7bfd 	stp	x29, x30, [sp, #-16]!
 380:	910040c0 	add	x0, x6, #0x10
 384:	910003fd 	mov	x29, sp
 388:	97ffffba 	bl	270 <uart_puts>
 38c:	aa0603e0 	mov	x0, x6
 390:	d2820002 	mov	x2, #0x1000                	// #4096
 394:	52800783 	mov	w3, #0x3c                  	// #60
 398:	f2a7e402 	movk	x2, #0x3f20, lsl #16
 39c:	d503201f 	nop
 3a0:	9ac324a1 	lsr	x1, x5, x3
 3a4:	12000c21 	and	w1, w1, #0xf
 3a8:	51000421 	sub	w1, w1, #0x1
 3ac:	52800604 	mov	w4, #0x30                  	// #48
 3b0:	12001c21 	and	w1, w1, #0xff
 3b4:	7100383f 	cmp	w1, #0xe
 3b8:	540000a8 	b.hi	3cc <uart_u64hex+0x5c>  // b.pmore
 3bc:	92401c21 	and	x1, x1, #0xff
 3c0:	38616804 	ldrb	w4, [x0, x1]
 3c4:	14000002 	b	3cc <uart_u64hex+0x5c>
 3c8:	d503201f 	nop
 3cc:	b9401841 	ldr	w1, [x2, #24]
 3d0:	372fffc1 	tbnz	w1, #5, 3c8 <uart_u64hex+0x58>
 3d4:	b9000044 	str	w4, [x2]
 3d8:	51001063 	sub	w3, w3, #0x4
 3dc:	3100107f 	cmn	w3, #0x4
 3e0:	54fffe01 	b.ne	3a0 <uart_u64hex+0x30>  // b.any
 3e4:	a8c17bfd 	ldp	x29, x30, [sp], #16
 3e8:	d65f03c0 	ret
 3ec:	d503201f 	nop

00000000000003f0 <uart_u64hex_s>:
 3f0:	aa0003e6 	mov	x6, x0
 3f4:	90000008 	adrp	x8, 0 <tasklistitem>
 3f8:	913a6107 	add	x7, x8, #0xe98
 3fc:	a9bf7bfd 	stp	x29, x30, [sp, #-16]!
 400:	910040e0 	add	x0, x7, #0x10
 404:	910003fd 	mov	x29, sp
 408:	97ffff9a 	bl	270 <uart_puts>
 40c:	d2820002 	mov	x2, #0x1000                	// #4096
 410:	52800783 	mov	w3, #0x3c                  	// #60
 414:	52800005 	mov	w5, #0x0                   	// #0
 418:	f2a7e402 	movk	x2, #0x3f20, lsl #16
 41c:	d503201f 	nop
 420:	520000a4 	eor	w4, w5, #0x1
 424:	9ac324c1 	lsr	x1, x6, x3
 428:	72001c21 	ands	w1, w1, #0xff
 42c:	52800005 	mov	w5, #0x0                   	// #0
 430:	1a9f0084 	csel	w4, w4, wzr, eq  // eq = none
 434:	350001e4 	cbnz	w4, 470 <uart_u64hex_s+0x80>
 438:	12000c21 	and	w1, w1, #0xf
 43c:	52800600 	mov	w0, #0x30                  	// #48
 440:	51000421 	sub	w1, w1, #0x1
 444:	12001c21 	and	w1, w1, #0xff
 448:	7100383f 	cmp	w1, #0xe
 44c:	540000a8 	b.hi	460 <uart_u64hex_s+0x70>  // b.pmore
 450:	92401c21 	and	x1, x1, #0xff
 454:	386168e0 	ldrb	w0, [x7, x1]
 458:	14000002 	b	460 <uart_u64hex_s+0x70>
 45c:	d503201f 	nop
 460:	b9401841 	ldr	w1, [x2, #24]
 464:	372fffc1 	tbnz	w1, #5, 45c <uart_u64hex_s+0x6c>
 468:	52800025 	mov	w5, #0x1                   	// #1
 46c:	b9000040 	str	w0, [x2]
 470:	71001063 	subs	w3, w3, #0x4
 474:	54fffd61 	b.ne	420 <uart_u64hex_s+0x30>  // b.any
 478:	12000cc0 	and	w0, w6, #0xf
 47c:	52800602 	mov	w2, #0x30                  	// #48
 480:	51000400 	sub	w0, w0, #0x1
 484:	12001c00 	and	w0, w0, #0xff
 488:	7100381f 	cmp	w0, #0xe
 48c:	54000088 	b.hi	49c <uart_u64hex_s+0xac>  // b.pmore
 490:	913a6108 	add	x8, x8, #0xe98
 494:	92401c00 	and	x0, x0, #0xff
 498:	38606902 	ldrb	w2, [x8, x0]
 49c:	d2820001 	mov	x1, #0x1000                	// #4096
 4a0:	f2a7e401 	movk	x1, #0x3f20, lsl #16
 4a4:	b9401820 	ldr	w0, [x1, #24]
 4a8:	362800a0 	tbz	w0, #5, 4bc <uart_u64hex_s+0xcc>
 4ac:	d503201f 	nop
 4b0:	d503201f 	nop
 4b4:	b9401820 	ldr	w0, [x1, #24]
 4b8:	372fffc0 	tbnz	w0, #5, 4b0 <uart_u64hex_s+0xc0>
 4bc:	d2820000 	mov	x0, #0x1000                	// #4096
 4c0:	f2a7e400 	movk	x0, #0x3f20, lsl #16
 4c4:	b9000002 	str	w2, [x0]
 4c8:	a8c17bfd 	ldp	x29, x30, [sp], #16
 4cc:	d65f03c0 	ret

00000000000004d0 <mmu_print_range>:
 4d0:	a9bc7bfd 	stp	x29, x30, [sp, #-64]!
 4d4:	910003fd 	mov	x29, sp
 4d8:	a90153f3 	stp	x19, x20, [sp, #16]
 4dc:	aa0203f4 	mov	x20, x2
 4e0:	90000013 	adrp	x19, 0 <tasklistitem>
 4e4:	913ac273 	add	x19, x19, #0xeb0
 4e8:	a9025bf5 	stp	x21, x22, [sp, #32]
 4ec:	d1000456 	sub	x22, x2, #0x1
 4f0:	aa0003f5 	mov	x21, x0
 4f4:	f9001bf7 	str	x23, [sp, #48]
 4f8:	aa0103f7 	mov	x23, x1
 4fc:	97ffff9d 	bl	370 <uart_u64hex>
 500:	aa1303e0 	mov	x0, x19
 504:	97ffff5b 	bl	270 <uart_puts>
 508:	aa1703e0 	mov	x0, x23
 50c:	97ffff99 	bl	370 <uart_u64hex>
 510:	91002260 	add	x0, x19, #0x8
 514:	97ffff57 	bl	270 <uart_puts>
 518:	8b1502c0 	add	x0, x22, x21
 51c:	9ad40800 	udiv	x0, x0, x20
 520:	97ffff94 	bl	370 <uart_u64hex>
 524:	aa1303e0 	mov	x0, x19
 528:	97ffff52 	bl	270 <uart_puts>
 52c:	8b1702c0 	add	x0, x22, x23
 530:	9ad40800 	udiv	x0, x0, x20
 534:	97ffff8f 	bl	370 <uart_u64hex>
 538:	91004260 	add	x0, x19, #0x10
 53c:	a94153f3 	ldp	x19, x20, [sp, #16]
 540:	a9425bf5 	ldp	x21, x22, [sp, #32]
 544:	f9401bf7 	ldr	x23, [sp, #48]
 548:	a8c47bfd 	ldp	x29, x30, [sp], #64
 54c:	17ffff49 	b	270 <uart_puts>

0000000000000550 <mmu_enable_level_3_table_rw_blks>:
 550:	8b020022 	add	x2, x1, x2
 554:	eb02003f 	cmp	x1, x2
 558:	540001c2 	b.cs	590 <mmu_enable_level_3_table_rw_blks+0x40>  // b.hs, b.nlast
 55c:	d0000004 	adrp	x4, 2000 <task3_header>
 560:	8b002423 	add	x3, x1, x0, lsl #9
 564:	d280e0e5 	mov	x5, #0x707                 	// #1799
 568:	f9402084 	ldr	x4, [x4, #64]
 56c:	f2e00405 	movk	x5, #0x20, lsl #48
 570:	8b0130a0 	add	x0, x5, x1, lsl #12
 574:	8b0230a2 	add	x2, x5, x2, lsl #12
 578:	8b030c81 	add	x1, x4, x3, lsl #3
 57c:	d503201f 	nop
 580:	f8008420 	str	x0, [x1], #8
 584:	91400400 	add	x0, x0, #0x1, lsl #12
 588:	eb02001f 	cmp	x0, x2
 58c:	54ffffa1 	b.ne	580 <mmu_enable_level_3_table_rw_blks+0x30>  // b.any
 590:	d65f03c0 	ret
 594:	d503201f 	nop

0000000000000598 <mmu_enable_level_3_table_rox_blks>:
 598:	8b020022 	add	x2, x1, x2
 59c:	eb02003f 	cmp	x1, x2
 5a0:	540001c2 	b.cs	5d8 <mmu_enable_level_3_table_rox_blks+0x40>  // b.hs, b.nlast
 5a4:	d0000004 	adrp	x4, 2000 <task3_header>
 5a8:	8b002423 	add	x3, x1, x0, lsl #9
 5ac:	d374cc20 	lsl	x0, x1, #12
 5b0:	d374cc42 	lsl	x2, x2, #12
 5b4:	f9402081 	ldr	x1, [x4, #64]
 5b8:	911e1c00 	add	x0, x0, #0x787
 5bc:	911e1c42 	add	x2, x2, #0x787
 5c0:	8b030c21 	add	x1, x1, x3, lsl #3
 5c4:	d503201f 	nop
 5c8:	f8008420 	str	x0, [x1], #8
 5cc:	91400400 	add	x0, x0, #0x1, lsl #12
 5d0:	eb02001f 	cmp	x0, x2
 5d4:	54ffffa1 	b.ne	5c8 <mmu_enable_level_3_table_rox_blks+0x30>  // b.any
 5d8:	d65f03c0 	ret
 5dc:	d503201f 	nop

00000000000005e0 <mmu_enable_level_3_table>:
 5e0:	a9ba7bfd 	stp	x29, x30, [sp, #-96]!
 5e4:	910003fd 	mov	x29, sp
 5e8:	a9046bf9 	stp	x25, x26, [sp, #64]
 5ec:	913ffc39 	add	x25, x1, #0xfff
 5f0:	913ffc5a 	add	x26, x2, #0xfff
 5f4:	a9025bf5 	stp	x21, x22, [sp, #32]
 5f8:	aa0003f5 	mov	x21, x0
 5fc:	aa0103f6 	mov	x22, x1
 600:	a90363f7 	stp	x23, x24, [sp, #48]
 604:	90000018 	adrp	x24, 0 <tasklistitem>
 608:	aa0203f7 	mov	x23, x2
 60c:	f9002bfb 	str	x27, [sp, #80]
 610:	913ac31b 	add	x27, x24, #0xeb0
 614:	91006360 	add	x0, x27, #0x18
 618:	a90153f3 	stp	x19, x20, [sp, #16]
 61c:	d34cff34 	lsr	x20, x25, #12
 620:	97ffff14 	bl	270 <uart_puts>
 624:	8b5a3293 	add	x19, x20, x26, lsr #12
 628:	f13fff3f 	cmp	x25, #0xfff
 62c:	d36aa6b9 	lsl	x25, x21, #22
 630:	540008a8 	b.hi	744 <mmu_enable_level_3_table+0x164>  // b.pmore
 634:	f13fff5f 	cmp	x26, #0xfff
 638:	54000568 	b.hi	6e4 <mmu_enable_level_3_table+0x104>  // b.pmore
 63c:	f108027f 	cmp	x19, #0x200
 640:	54000101 	b.ne	660 <mmu_enable_level_3_table+0x80>  // b.any
 644:	a94153f3 	ldp	x19, x20, [sp, #16]
 648:	a9425bf5 	ldp	x21, x22, [sp, #32]
 64c:	a94363f7 	ldp	x23, x24, [sp, #48]
 650:	a9446bf9 	ldp	x25, x26, [sp, #64]
 654:	f9402bfb 	ldr	x27, [sp, #80]
 658:	a8c67bfd 	ldp	x29, x30, [sp], #96
 65c:	d65f03c0 	ret
 660:	913ac318 	add	x24, x24, #0xeb0
 664:	91014300 	add	x0, x24, #0x50
 668:	97ffff02 	bl	270 <uart_puts>
 66c:	91480321 	add	x1, x25, #0x200, lsl #12
 670:	d2820002 	mov	x2, #0x1000                	// #4096
 674:	8b1702c0 	add	x0, x22, x23
 678:	8b190000 	add	x0, x0, x25
 67c:	97ffff95 	bl	4d0 <mmu_print_range>
 680:	91016300 	add	x0, x24, #0x58
 684:	97fffefb 	bl	270 <uart_puts>
 688:	f107fe7f 	cmp	x19, #0x1ff
 68c:	54fffdc8 	b.hi	644 <mmu_enable_level_3_table+0x64>  // b.pmore
 690:	d0000001 	adrp	x1, 2000 <task3_header>
 694:	8b152675 	add	x21, x19, x21, lsl #9
 698:	d280e0e0 	mov	x0, #0x707                 	// #1799
 69c:	b20b03e2 	mov	x2, #0x20000000200000      	// #9007199256838144
 6a0:	f9402021 	ldr	x1, [x1, #64]
 6a4:	f2e00400 	movk	x0, #0x20, lsl #48
 6a8:	8b133000 	add	x0, x0, x19, lsl #12
 6ac:	f280e0e2 	movk	x2, #0x707
 6b0:	8b150c21 	add	x1, x1, x21, lsl #3
 6b4:	d503201f 	nop
 6b8:	f8008420 	str	x0, [x1], #8
 6bc:	91400400 	add	x0, x0, #0x1, lsl #12
 6c0:	eb02001f 	cmp	x0, x2
 6c4:	54ffffa1 	b.ne	6b8 <mmu_enable_level_3_table+0xd8>  // b.any
 6c8:	a94153f3 	ldp	x19, x20, [sp, #16]
 6cc:	a9425bf5 	ldp	x21, x22, [sp, #32]
 6d0:	a94363f7 	ldp	x23, x24, [sp, #48]
 6d4:	a9446bf9 	ldp	x25, x26, [sp, #64]
 6d8:	f9402bfb 	ldr	x27, [sp, #80]
 6dc:	a8c67bfd 	ldp	x29, x30, [sp], #96
 6e0:	d65f03c0 	ret
 6e4:	913ac31a 	add	x26, x24, #0xeb0
 6e8:	91018340 	add	x0, x26, #0x60
 6ec:	97fffee1 	bl	270 <uart_puts>
 6f0:	8b160320 	add	x0, x25, x22
 6f4:	d2820002 	mov	x2, #0x1000                	// #4096
 6f8:	8b170001 	add	x1, x0, x23
 6fc:	97ffff75 	bl	4d0 <mmu_print_range>
 700:	91016340 	add	x0, x26, #0x58
 704:	97fffedb 	bl	270 <uart_puts>
 708:	eb14027f 	cmp	x19, x20
 70c:	54fff989 	b.ls	63c <mmu_enable_level_3_table+0x5c>  // b.plast
 710:	d0000002 	adrp	x2, 2000 <task3_header>
 714:	8b152680 	add	x0, x20, x21, lsl #9
 718:	d374ce83 	lsl	x3, x20, #12
 71c:	d374ce61 	lsl	x1, x19, #12
 720:	f9402042 	ldr	x2, [x2, #64]
 724:	911e1c63 	add	x3, x3, #0x787
 728:	911e1c21 	add	x1, x1, #0x787
 72c:	8b000c40 	add	x0, x2, x0, lsl #3
 730:	f8008403 	str	x3, [x0], #8
 734:	91400463 	add	x3, x3, #0x1, lsl #12
 738:	eb01007f 	cmp	x3, x1
 73c:	54ffffa1 	b.ne	730 <mmu_enable_level_3_table+0x150>  // b.any
 740:	17ffffbf 	b	63c <mmu_enable_level_3_table+0x5c>
 744:	91014360 	add	x0, x27, #0x50
 748:	97fffeca 	bl	270 <uart_puts>
 74c:	8b160321 	add	x1, x25, x22
 750:	d2820002 	mov	x2, #0x1000                	// #4096
 754:	aa1903e0 	mov	x0, x25
 758:	97ffff5e 	bl	4d0 <mmu_print_range>
 75c:	91016360 	add	x0, x27, #0x58
 760:	97fffec4 	bl	270 <uart_puts>
 764:	b4fff694 	cbz	x20, 634 <mmu_enable_level_3_table+0x54>
 768:	d0000001 	adrp	x1, 2000 <task3_header>
 76c:	d280e0e0 	mov	x0, #0x707                 	// #1799
 770:	f2e00400 	movk	x0, #0x20, lsl #48
 774:	f9402021 	ldr	x1, [x1, #64]
 778:	8b143002 	add	x2, x0, x20, lsl #12
 77c:	8b153021 	add	x1, x1, x21, lsl #12
 780:	f8008420 	str	x0, [x1], #8
 784:	91400400 	add	x0, x0, #0x1, lsl #12
 788:	eb02001f 	cmp	x0, x2
 78c:	54ffffa1 	b.ne	780 <mmu_enable_level_3_table+0x1a0>  // b.any
 790:	17ffffa9 	b	634 <mmu_enable_level_3_table+0x54>
 794:	d503201f 	nop

0000000000000798 <mmu_enable_level_2_table>:
 798:	a9bb7bfd 	stp	x29, x30, [sp, #-80]!
 79c:	910003fd 	mov	x29, sp
 7a0:	a90153f3 	stp	x19, x20, [sp, #16]
 7a4:	aa0003f3 	mov	x19, x0
 7a8:	90000014 	adrp	x20, 0 <tasklistitem>
 7ac:	913ac294 	add	x20, x20, #0xeb0
 7b0:	a9025bf5 	stp	x21, x22, [sp, #32]
 7b4:	9101a280 	add	x0, x20, #0x68
 7b8:	a90363f7 	stp	x23, x24, [sp, #48]
 7bc:	aa0103f8 	mov	x24, x1
 7c0:	d280e0b7 	mov	x23, #0x705                 	// #1797
 7c4:	f90023f9 	str	x25, [sp, #64]
 7c8:	97fffeaa 	bl	270 <uart_puts>
 7cc:	d36aa679 	lsl	x25, x19, #22
 7d0:	91014280 	add	x0, x20, #0x50
 7d4:	97fffea7 	bl	270 <uart_puts>
 7d8:	f2e00417 	movk	x23, #0x20, lsl #48
 7dc:	91480321 	add	x1, x25, #0x200, lsl #12
 7e0:	d2a00402 	mov	x2, #0x200000              	// #2097152
 7e4:	aa1903e0 	mov	x0, x25
 7e8:	97ffff3a 	bl	4d0 <mmu_print_range>
 7ec:	91016280 	add	x0, x20, #0x58
 7f0:	cb1902f7 	sub	x23, x23, x25
 7f4:	97fffe9f 	bl	270 <uart_puts>
 7f8:	91024296 	add	x22, x20, #0x90
 7fc:	d0000002 	adrp	x2, 2000 <task3_header>
 800:	d0000001 	adrp	x1, 2000 <task3_header>
 804:	d369a260 	lsl	x0, x19, #23
 808:	d2800015 	mov	x21, #0x0                   	// #0
 80c:	f9402042 	ldr	x2, [x2, #64]
 810:	91480019 	add	x25, x0, #0x200, lsl #12
 814:	f9401c21 	ldr	x1, [x1, #56]
 818:	eb15031f 	cmp	x24, x21
 81c:	8b133042 	add	x2, x2, x19, lsl #12
 820:	91000c54 	add	x20, x2, #0x3
 824:	8b131033 	add	x19, x1, x19, lsl #4
 828:	8b0002e1 	add	x1, x23, x0
 82c:	54000200 	b.eq	86c <mmu_enable_level_2_table+0xd4>  // b.none
 830:	f9000261 	str	x1, [x19]
 834:	aa1903e0 	mov	x0, x25
 838:	91002273 	add	x19, x19, #0x8
 83c:	b40000f5 	cbz	x21, 858 <mmu_enable_level_2_table+0xc0>
 840:	a94153f3 	ldp	x19, x20, [sp, #16]
 844:	a9425bf5 	ldp	x21, x22, [sp, #32]
 848:	a94363f7 	ldp	x23, x24, [sp, #48]
 84c:	f94023f9 	ldr	x25, [sp, #64]
 850:	a8c57bfd 	ldp	x29, x30, [sp], #80
 854:	d65f03c0 	ret
 858:	d2800035 	mov	x21, #0x1                   	// #1
 85c:	91480019 	add	x25, x0, #0x200, lsl #12
 860:	8b0002e1 	add	x1, x23, x0
 864:	eb15031f 	cmp	x24, x21
 868:	54fffe41 	b.ne	830 <mmu_enable_level_2_table+0x98>  // b.any
 86c:	aa1903e1 	mov	x1, x25
 870:	d2a00402 	mov	x2, #0x200000              	// #2097152
 874:	97ffff17 	bl	4d0 <mmu_print_range>
 878:	aa1603e0 	mov	x0, x22
 87c:	97fffe7d 	bl	270 <uart_puts>
 880:	f9000274 	str	x20, [x19]
 884:	17ffffec 	b	834 <mmu_enable_level_2_table+0x9c>

0000000000000888 <mmu_enable>:
 888:	a9bd7bfd 	stp	x29, x30, [sp, #-48]!
 88c:	910003fd 	mov	x29, sp
 890:	a90153f3 	stp	x19, x20, [sp, #16]
 894:	f90013f5 	str	x21, [sp, #32]
 898:	aa0103f5 	mov	x21, x1
 89c:	d29fe081 	mov	x1, #0xff04                	// #65284
 8a0:	d518a201 	msr	mair_el1, x1
 8a4:	b40001b5 	cbz	x21, 8d8 <mmu_enable+0x50>
 8a8:	aa0003f4 	mov	x20, x0
 8ac:	d2800013 	mov	x19, #0x0                   	// #0
 8b0:	aa1303e0 	mov	x0, x19
 8b4:	d2800021 	mov	x1, #0x1                   	// #1
 8b8:	97ffffb8 	bl	798 <mmu_enable_level_2_table>
 8bc:	f9400682 	ldr	x2, [x20, #8]
 8c0:	aa1303e0 	mov	x0, x19
 8c4:	f8410681 	ldr	x1, [x20], #16
 8c8:	91000673 	add	x19, x19, #0x1
 8cc:	97ffff45 	bl	5e0 <mmu_enable_level_3_table>
 8d0:	eb1302bf 	cmp	x21, x19
 8d4:	54fffee1 	b.ne	8b0 <mmu_enable+0x28>  // b.any
 8d8:	90000013 	adrp	x19, 0 <tasklistitem>
 8dc:	913ac273 	add	x19, x19, #0xeb0
 8e0:	9102a260 	add	x0, x19, #0xa8
 8e4:	97fffe63 	bl	270 <uart_puts>
 8e8:	d2a00402 	mov	x2, #0x200000              	// #2097152
 8ec:	d2a80001 	mov	x1, #0x40000000            	// #1073741824
 8f0:	d2a7e000 	mov	x0, #0x3f000000            	// #1056964608
 8f4:	97fffef7 	bl	4d0 <mmu_print_range>
 8f8:	91016260 	add	x0, x19, #0x58
 8fc:	97fffe5d 	bl	270 <uart_puts>
 900:	d0000000 	adrp	x0, 2000 <task3_header>
 904:	d280c028 	mov	x8, #0x601                 	// #1537
 908:	d280c027 	mov	x7, #0x601                 	// #1537
 90c:	d280c026 	mov	x6, #0x601                 	// #1537
 910:	f9401c00 	ldr	x0, [x0, #56]
 914:	d280c025 	mov	x5, #0x601                 	// #1537
 918:	d280c024 	mov	x4, #0x601                 	// #1537
 91c:	d280c023 	mov	x3, #0x601                 	// #1537
 920:	913f0009 	add	x9, x0, #0xfc0
 924:	913f800a 	add	x10, x0, #0xfe0
 928:	d280c022 	mov	x2, #0x601                 	// #1537
 92c:	d280c021 	mov	x1, #0x601                 	// #1537
 930:	f2a7e008 	movk	x8, #0x3f00, lsl #16
 934:	f2a7e407 	movk	x7, #0x3f20, lsl #16
 938:	f2a7e806 	movk	x6, #0x3f40, lsl #16
 93c:	f2a7ec05 	movk	x5, #0x3f60, lsl #16
 940:	f2a7f004 	movk	x4, #0x3f80, lsl #16
 944:	f2a7f403 	movk	x3, #0x3fa0, lsl #16
 948:	f2a7f802 	movk	x2, #0x3fc0, lsl #16
 94c:	f2a7fc01 	movk	x1, #0x3fe0, lsl #16
 950:	f2e00408 	movk	x8, #0x20, lsl #48
 954:	f2e00407 	movk	x7, #0x20, lsl #48
 958:	f2e00406 	movk	x6, #0x20, lsl #48
 95c:	f2e00405 	movk	x5, #0x20, lsl #48
 960:	f2e00404 	movk	x4, #0x20, lsl #48
 964:	f2e00403 	movk	x3, #0x20, lsl #48
 968:	f2e00402 	movk	x2, #0x20, lsl #48
 96c:	f2e00401 	movk	x1, #0x20, lsl #48
 970:	a94153f3 	ldp	x19, x20, [sp, #16]
 974:	f94013f5 	ldr	x21, [sp, #32]
 978:	a9001d28 	stp	x8, x7, [x9]
 97c:	a9000d44 	stp	x4, x3, [x10]
 980:	a9011526 	stp	x6, x5, [x9, #16]
 984:	a9010542 	stp	x2, x1, [x10, #16]
 988:	a8c37bfd 	ldp	x29, x30, [sp], #48
 98c:	d65f03c0 	ret

0000000000000990 <timer_init_core0>:
 990:	9e630000 	ucvtf	d0, x0
 994:	d2c80001 	mov	x1, #0x400000000000        	// #70368744177664
 998:	f2e811e1 	movk	x1, #0x408f, lsl #48
 99c:	9e670022 	fmov	d2, x1
 9a0:	d2c9f001 	mov	x1, #0x4f8000000000        	// #87411174408192
 9a4:	d2800685 	mov	x5, #0x34                  	// #52
 9a8:	f2e83041 	movk	x1, #0x4182, lsl #48
 9ac:	9e670021 	fmov	d1, x1
 9b0:	1e621800 	fdiv	d0, d0, d2
 9b4:	d2800481 	mov	x1, #0x24                  	// #36
 9b8:	f2a80001 	movk	x1, #0x4000, lsl #16
 9bc:	f2a80005 	movk	x5, #0x4000, lsl #16
 9c0:	d2800803 	mov	x3, #0x40                  	// #64
 9c4:	52a60006 	mov	w6, #0x30000000            	// #805306368
 9c8:	f2a80003 	movk	x3, #0x4000, lsl #16
 9cc:	b900003f 	str	wzr, [x1]
 9d0:	52800044 	mov	w4, #0x2                   	// #2
 9d4:	52b80002 	mov	w2, #0xc0000000            	// #-1073741824
 9d8:	1e610800 	fmul	d0, d0, d1
 9dc:	9e790000 	fcvtzu	x0, d0
 9e0:	0b060000 	add	w0, w0, w6
 9e4:	b90000a0 	str	w0, [x5]
 9e8:	b9000064 	str	w4, [x3]
 9ec:	b9001422 	str	w2, [x1, #20]
 9f0:	d65f03c0 	ret
 9f4:	d503201f 	nop

00000000000009f8 <timer_one_shot_sys>:
 9f8:	d2860002 	mov	x2, #0x3000                	// #12288
 9fc:	f100041f 	cmp	x0, #0x1
 a00:	f2a7e002 	movk	x2, #0x3f00, lsl #16
 a04:	b9400440 	ldr	w0, [x2, #4]
 a08:	0b010000 	add	w0, w0, w1
 a0c:	540000a0 	b.eq	a20 <timer_one_shot_sys+0x28>  // b.none
 a10:	b9001840 	str	w0, [x2, #24]
 a14:	52800100 	mov	w0, #0x8                   	// #8
 a18:	b9000040 	str	w0, [x2]
 a1c:	d65f03c0 	ret
 a20:	b9001040 	str	w0, [x2, #16]
 a24:	52800040 	mov	w0, #0x2                   	// #2
 a28:	b9000040 	str	w0, [x2]
 a2c:	d65f03c0 	ret

0000000000000a30 <timer_delay_sys>:
 a30:	d2860003 	mov	x3, #0x3000                	// #12288
 a34:	f100041f 	cmp	x0, #0x1
 a38:	f2a7e003 	movk	x3, #0x3f00, lsl #16
 a3c:	b9400460 	ldr	w0, [x3, #4]
 a40:	0b010000 	add	w0, w0, w1
 a44:	54000100 	b.eq	a64 <timer_delay_sys+0x34>  // b.none
 a48:	aa0303e2 	mov	x2, x3
 a4c:	b9001860 	str	w0, [x3, #24]
 a50:	52800100 	mov	w0, #0x8                   	// #8
 a54:	b9000060 	str	w0, [x3]
 a58:	b9400040 	ldr	w0, [x2]
 a5c:	361fffe0 	tbz	w0, #3, a58 <timer_delay_sys+0x28>
 a60:	d65f03c0 	ret
 a64:	aa0303e1 	mov	x1, x3
 a68:	b9001060 	str	w0, [x3, #16]
 a6c:	52800040 	mov	w0, #0x2                   	// #2
 a70:	b9000060 	str	w0, [x3]
 a74:	d503201f 	nop
 a78:	b9400020 	ldr	w0, [x1]
 a7c:	360fffe0 	tbz	w0, #1, a78 <timer_delay_sys+0x48>
 a80:	d65f03c0 	ret
 a84:	00000000 	.inst	0x00000000 ; undefined

0000000000000a88 <irq_enable_system_timer>:
 a88:	d2964001 	mov	x1, #0xb200                	// #45568
 a8c:	f100041f 	cmp	x0, #0x1
 a90:	f2a7e001 	movk	x1, #0x3f00, lsl #16
 a94:	52800082 	mov	w2, #0x4                   	// #4
 a98:	52800040 	mov	w0, #0x2                   	// #2
 a9c:	1a820000 	csel	w0, w0, w2, eq  // eq = none
 aa0:	b9001020 	str	w0, [x1, #16]
 aa4:	d65f03c0 	ret

0000000000000aa8 <mbox_call>:
 aa8:	d2971003 	mov	x3, #0xb880                	// #47232
 aac:	f2a7e003 	movk	x3, #0x3f00, lsl #16
 ab0:	b9401862 	ldr	w2, [x3, #24]
 ab4:	36f80082 	tbz	w2, #31, ac4 <mbox_call+0x1c>
 ab8:	d503201f 	nop
 abc:	b9401862 	ldr	w2, [x3, #24]
 ac0:	37ffffc2 	tbnz	w2, #31, ab8 <mbox_call+0x10>
 ac4:	d2971003 	mov	x3, #0xb880                	// #47232
 ac8:	2a0003e2 	mov	w2, w0
 acc:	f2a7e003 	movk	x3, #0x3f00, lsl #16
 ad0:	52b00005 	mov	w5, #0x80000000            	// #-2147483648
 ad4:	33000c22 	bfxil	w2, w1, #0, #4
 ad8:	aa0303e1 	mov	x1, x3
 adc:	b9002062 	str	w2, [x3, #32]
 ae0:	320107e4 	mov	w4, #0x80000001            	// #-2147483647
 ae4:	b9400403 	ldr	w3, [x0, #4]
 ae8:	b9401820 	ldr	w0, [x1, #24]
 aec:	37f00140 	tbnz	w0, #30, b14 <mbox_call+0x6c>
 af0:	b9400020 	ldr	w0, [x1]
 af4:	6b00005f 	cmp	w2, w0
 af8:	54ffff81 	b.ne	ae8 <mbox_call+0x40>  // b.any
 afc:	6b05007f 	cmp	w3, w5
 b00:	540000e0 	b.eq	b1c <mbox_call+0x74>  // b.none
 b04:	6b04007f 	cmp	w3, w4
 b08:	54ffff01 	b.ne	ae8 <mbox_call+0x40>  // b.any
 b0c:	12800000 	mov	w0, #0xffffffff            	// #-1
 b10:	d65f03c0 	ret
 b14:	d503201f 	nop
 b18:	17fffff4 	b	ae8 <mbox_call+0x40>
 b1c:	52800000 	mov	w0, #0x0                   	// #0
 b20:	d65f03c0 	ret
 b24:	00000000 	.inst	0x00000000 ; undefined

0000000000000b28 <task_get_list_item>:
 b28:	d36aa400 	lsl	x0, x0, #22
 b2c:	d28a8921 	mov	x1, #0x5449                	// #21577
 b30:	91480000 	add	x0, x0, #0x200, lsl #12
 b34:	f2a9a8a1 	movk	x1, #0x4d45, lsl #16
 b38:	f9400002 	ldr	x2, [x0]
 b3c:	eb01005f 	cmp	x2, x1
 b40:	54000041 	b.ne	b48 <task_get_list_item+0x20>  // b.any
 b44:	d65f03c0 	ret
 b48:	a9bf7bfd 	stp	x29, x30, [sp, #-16]!
 b4c:	90000000 	adrp	x0, 0 <tasklistitem>
 b50:	913e4000 	add	x0, x0, #0xf90
 b54:	910003fd 	mov	x29, sp
 b58:	97fffdc6 	bl	270 <uart_puts>
 b5c:	d2800000 	mov	x0, #0x0                   	// #0
 b60:	a8c17bfd 	ldp	x29, x30, [sp], #16
 b64:	d65f03c0 	ret

0000000000000b68 <task_get_header>:
 b68:	d36aa401 	lsl	x1, x0, #22
 b6c:	a9bf7bfd 	stp	x29, x30, [sp, #-16]!
 b70:	91480021 	add	x1, x1, #0x200, lsl #12
 b74:	910003fd 	mov	x29, sp
 b78:	d28a8922 	mov	x2, #0x5449                	// #21577
 b7c:	f9400020 	ldr	x0, [x1]
 b80:	f2a9a8a2 	movk	x2, #0x4d45, lsl #16
 b84:	eb02001f 	cmp	x0, x2
 b88:	540001e1 	b.ne	bc4 <task_get_header+0x5c>  // b.any
 b8c:	f9400822 	ldr	x2, [x1, #16]
 b90:	d2882a83 	mov	x3, #0x4154                	// #16724
 b94:	f2a96a63 	movk	x3, #0x4b53, lsl #16
 b98:	8b020020 	add	x0, x1, x2
 b9c:	f8626821 	ldr	x1, [x1, x2]
 ba0:	eb03003f 	cmp	x1, x3
 ba4:	540000c0 	b.eq	bbc <task_get_header+0x54>  // b.none
 ba8:	90000000 	adrp	x0, 0 <tasklistitem>
 bac:	913e4000 	add	x0, x0, #0xf90
 bb0:	9100c000 	add	x0, x0, #0x30
 bb4:	97fffdaf 	bl	270 <uart_puts>
 bb8:	d2800000 	mov	x0, #0x0                   	// #0
 bbc:	a8c17bfd 	ldp	x29, x30, [sp], #16
 bc0:	d65f03c0 	ret
 bc4:	90000000 	adrp	x0, 0 <tasklistitem>
 bc8:	913e4000 	add	x0, x0, #0xf90
 bcc:	97fffda9 	bl	270 <uart_puts>
 bd0:	d2800000 	mov	x0, #0x0                   	// #0
 bd4:	f9400800 	ldr	x0, [x0, #16]
 bd8:	d4207d00 	brk	#0x3e8
 bdc:	d503201f 	nop

0000000000000be0 <task_header_rebase>:
 be0:	a9bc7bfd 	stp	x29, x30, [sp, #-64]!
 be4:	d28a8921 	mov	x1, #0x5449                	// #21577
 be8:	f2a9a8a1 	movk	x1, #0x4d45, lsl #16
 bec:	910003fd 	mov	x29, sp
 bf0:	a90153f3 	stp	x19, x20, [sp, #16]
 bf4:	d36aa413 	lsl	x19, x0, #22
 bf8:	91480273 	add	x19, x19, #0x200, lsl #12
 bfc:	a9025bf5 	stp	x21, x22, [sp, #32]
 c00:	aa0003f6 	mov	x22, x0
 c04:	f9400260 	ldr	x0, [x19]
 c08:	f9001bf7 	str	x23, [sp, #48]
 c0c:	eb01001f 	cmp	x0, x1
 c10:	540006a1 	b.ne	ce4 <task_header_rebase+0x104>  // b.any
 c14:	f9400a60 	ldr	x0, [x19, #16]
 c18:	d2882a81 	mov	x1, #0x4154                	// #16724
 c1c:	f2a96a61 	movk	x1, #0x4b53, lsl #16
 c20:	8b000274 	add	x20, x19, x0
 c24:	f8606a60 	ldr	x0, [x19, x0]
 c28:	eb01001f 	cmp	x0, x1
 c2c:	54000681 	b.ne	cfc <task_header_rebase+0x11c>  // b.any
 c30:	90000015 	adrp	x21, 0 <tasklistitem>
 c34:	913e42b5 	add	x21, x21, #0xf90
 c38:	910182a0 	add	x0, x21, #0x60
 c3c:	97fffd8d 	bl	270 <uart_puts>
 c40:	aa1603e0 	mov	x0, x22
 c44:	97fffdeb 	bl	3f0 <uart_u64hex_s>
 c48:	910242a0 	add	x0, x21, #0x90
 c4c:	97fffd89 	bl	270 <uart_puts>
 c50:	910282b6 	add	x22, x21, #0xa0
 c54:	aa1303e0 	mov	x0, x19
 c58:	97fffde6 	bl	3f0 <uart_u64hex_s>
 c5c:	910342b7 	add	x23, x21, #0xd0
 c60:	aa1603e0 	mov	x0, x22
 c64:	97fffd83 	bl	270 <uart_puts>
 c68:	9102a2a0 	add	x0, x21, #0xa8
 c6c:	97fffd81 	bl	270 <uart_puts>
 c70:	f9401280 	ldr	x0, [x20, #32]
 c74:	97fffddf 	bl	3f0 <uart_u64hex_s>
 c78:	aa1703e0 	mov	x0, x23
 c7c:	97fffd7d 	bl	270 <uart_puts>
 c80:	f9401280 	ldr	x0, [x20, #32]
 c84:	8b130000 	add	x0, x0, x19
 c88:	97fffdda 	bl	3f0 <uart_u64hex_s>
 c8c:	aa1603e0 	mov	x0, x22
 c90:	97fffd78 	bl	270 <uart_puts>
 c94:	910362a0 	add	x0, x21, #0xd8
 c98:	97fffd76 	bl	270 <uart_puts>
 c9c:	f9401680 	ldr	x0, [x20, #40]
 ca0:	97fffdd4 	bl	3f0 <uart_u64hex_s>
 ca4:	aa1703e0 	mov	x0, x23
 ca8:	97fffd72 	bl	270 <uart_puts>
 cac:	f9401680 	ldr	x0, [x20, #40]
 cb0:	8b130000 	add	x0, x0, x19
 cb4:	97fffdcf 	bl	3f0 <uart_u64hex_s>
 cb8:	aa1603e0 	mov	x0, x22
 cbc:	97fffd6d 	bl	270 <uart_puts>
 cc0:	a9420281 	ldp	x1, x0, [x20, #32]
 cc4:	a9425bf5 	ldp	x21, x22, [sp, #32]
 cc8:	f9401bf7 	ldr	x23, [sp, #48]
 ccc:	8b130021 	add	x1, x1, x19
 cd0:	8b130013 	add	x19, x0, x19
 cd4:	a9024e81 	stp	x1, x19, [x20, #32]
 cd8:	a94153f3 	ldp	x19, x20, [sp, #16]
 cdc:	a8c47bfd 	ldp	x29, x30, [sp], #64
 ce0:	d65f03c0 	ret
 ce4:	90000000 	adrp	x0, 0 <tasklistitem>
 ce8:	913e4000 	add	x0, x0, #0xf90
 cec:	97fffd61 	bl	270 <uart_puts>
 cf0:	d2800000 	mov	x0, #0x0                   	// #0
 cf4:	f9400800 	ldr	x0, [x0, #16]
 cf8:	d4207d00 	brk	#0x3e8
 cfc:	90000014 	adrp	x20, 0 <tasklistitem>
 d00:	913e4294 	add	x20, x20, #0xf90
 d04:	9100c280 	add	x0, x20, #0x30
 d08:	97fffd5a 	bl	270 <uart_puts>
 d0c:	91018280 	add	x0, x20, #0x60
 d10:	97fffd58 	bl	270 <uart_puts>
 d14:	aa1603e0 	mov	x0, x22
 d18:	97fffdb6 	bl	3f0 <uart_u64hex_s>
 d1c:	91024280 	add	x0, x20, #0x90
 d20:	97fffd54 	bl	270 <uart_puts>
 d24:	aa1303e0 	mov	x0, x19
 d28:	97fffdb2 	bl	3f0 <uart_u64hex_s>
 d2c:	91028280 	add	x0, x20, #0xa0
 d30:	97fffd50 	bl	270 <uart_puts>
 d34:	9102a280 	add	x0, x20, #0xa8
 d38:	97fffd4e 	bl	270 <uart_puts>
 d3c:	d2800000 	mov	x0, #0x0                   	// #0
 d40:	f9401000 	ldr	x0, [x0, #32]
 d44:	d4207d00 	brk	#0x3e8

0000000000000d48 <task_bss_zero>:
 d48:	a9bd7bfd 	stp	x29, x30, [sp, #-48]!
 d4c:	910003fd 	mov	x29, sp
 d50:	a90153f3 	stp	x19, x20, [sp, #16]
 d54:	d36aa413 	lsl	x19, x0, #22
 d58:	91480273 	add	x19, x19, #0x200, lsl #12
 d5c:	f9401274 	ldr	x20, [x19, #32]
 d60:	f90013f5 	str	x21, [sp, #32]
 d64:	90000015 	adrp	x21, 0 <tasklistitem>
 d68:	913e42b5 	add	x21, x21, #0xf90
 d6c:	910422a0 	add	x0, x21, #0x108
 d70:	97fffd40 	bl	270 <uart_puts>
 d74:	f9401260 	ldr	x0, [x19, #32]
 d78:	8b140274 	add	x20, x19, x20
 d7c:	8b000260 	add	x0, x19, x0
 d80:	97fffd9c 	bl	3f0 <uart_u64hex_s>
 d84:	9104a2a0 	add	x0, x21, #0x128
 d88:	97fffd3a 	bl	270 <uart_puts>
 d8c:	f9401660 	ldr	x0, [x19, #40]
 d90:	8b000260 	add	x0, x19, x0
 d94:	97fffd97 	bl	3f0 <uart_u64hex_s>
 d98:	910282a0 	add	x0, x21, #0xa0
 d9c:	97fffd35 	bl	270 <uart_puts>
 da0:	a9420660 	ldp	x0, x1, [x19, #32]
 da4:	eb00003f 	cmp	x1, x0
 da8:	54000100 	b.eq	dc8 <task_bss_zero+0x80>  // b.none
 dac:	d2800000 	mov	x0, #0x0                   	// #0
 db0:	38206a9f 	strb	wzr, [x20, x0]
 db4:	91000400 	add	x0, x0, #0x1
 db8:	a9420662 	ldp	x2, x1, [x19, #32]
 dbc:	cb020021 	sub	x1, x1, x2
 dc0:	eb00003f 	cmp	x1, x0
 dc4:	54ffff68 	b.hi	db0 <task_bss_zero+0x68>  // b.pmore
 dc8:	a94153f3 	ldp	x19, x20, [sp, #16]
 dcc:	f94013f5 	ldr	x21, [sp, #32]
 dd0:	a8c37bfd 	ldp	x29, x30, [sp], #48
 dd4:	d65f03c0 	ret

0000000000000dd8 <task_suspend>:
 dd8:	aa0003e0 	mov	x0, x0
 ddc:	d4000021 	svc	#0x1
 de0:	d65f03c0 	ret
 de4:	d503201f 	nop

0000000000000de8 <task_sleep>:
 de8:	aa0003e0 	mov	x0, x0
 dec:	d4000041 	svc	#0x2
 df0:	d65f03c0 	ret
 df4:	d503201f 	nop

0000000000000df8 <task_priority_set>:
 df8:	8b018001 	add	x1, x0, x1, lsl #32
 dfc:	aa0103e0 	mov	x0, x1
 e00:	d4000061 	svc	#0x3
 e04:	d65f03c0 	ret
