
task2.elf:     file format elf64-littleaarch64
architecture: aarch64, flags 0x00000112:
EXEC_P, HAS_SYMS, D_PAGED
start address 0x0000000000000030

Sections:
Idx Name          Size      VMA               LMA               File off  Algn
  0 .task_list_item 00000030  0000000000000000  0000000000000000  00001000  2**3
                  CONTENTS, ALLOC, LOAD, DATA
  1 .text         00000ed8  0000000000000030  0000000000000030  00001030  2**3
                  CONTENTS, ALLOC, LOAD, READONLY, CODE
  2 .rodata       000003ca  0000000000000f08  0000000000000f08  00001f08  2**3
                  CONTENTS, ALLOC, LOAD, READONLY, DATA
  3 .task_header  00000030  0000000000002000  0000000000002000  00003000  2**3
                  CONTENTS, ALLOC, LOAD, DATA
  4 .got          00000040  0000000000002030  0000000000002030  00003030  2**3
                  CONTENTS, ALLOC, LOAD, DATA
  5 .bss          00009f90  0000000000002070  0000000000002070  00003070  2**12
                  ALLOC

Disassembly of section .text:

0000000000000030 <task2_reset>:
  30:	d2800100 	mov	x0, #0x8                   	// #8
  34:	140003a9 	b	ed8 <task_suspend>

0000000000000038 <task2_main>:
  38:	a9bc7bfd 	stp	x29, x30, [sp, #-64]!
  3c:	910003fd 	mov	x29, sp
  40:	a90363f7 	stp	x23, x24, [sp, #48]
  44:	d0000017 	adrp	x23, 2000 <task2_header>
  48:	f94026f7 	ldr	x23, [x23, #72]
  4c:	a9025bf5 	stp	x21, x22, [sp, #32]
  50:	d0000015 	adrp	x21, 2000 <task2_header>
  54:	a90153f3 	stp	x19, x20, [sp, #16]
  58:	90000014 	adrp	x20, 0 <tasklistitem>
  5c:	913c2294 	add	x20, x20, #0xf08
  60:	f9401eb5 	ldr	x21, [x21, #56]
  64:	aa1403e0 	mov	x0, x20
  68:	f90002f5 	str	x21, [x23]
  6c:	940000c1 	bl	370 <uart_puts>
  70:	91008280 	add	x0, x20, #0x20
  74:	940000bf 	bl	370 <uart_puts>
  78:	91010298 	add	x24, x20, #0x40
  7c:	aa1503e0 	mov	x0, x21
  80:	9400011c 	bl	4f0 <uart_u64hex_s>
  84:	91022296 	add	x22, x20, #0x88
  88:	aa1803e0 	mov	x0, x24
  8c:	940000b9 	bl	370 <uart_puts>
  90:	91012280 	add	x0, x20, #0x48
  94:	940000b7 	bl	370 <uart_puts>
  98:	aa1503e0 	mov	x0, x21
  9c:	94000115 	bl	4f0 <uart_u64hex_s>
  a0:	aa1803e0 	mov	x0, x24
  a4:	940000b3 	bl	370 <uart_puts>
  a8:	9101a280 	add	x0, x20, #0x68
  ac:	940000b1 	bl	370 <uart_puts>
  b0:	aa1703e0 	mov	x0, x23
  b4:	9400010f 	bl	4f0 <uart_u64hex_s>
  b8:	aa1803e0 	mov	x0, x24
  bc:	5290d414 	mov	w20, #0x86a0                	// #34464
  c0:	aa1503f3 	mov	x19, x21
  c4:	72a00034 	movk	w20, #0x1, lsl #16
  c8:	940000aa 	bl	370 <uart_puts>
  cc:	94000013 	bl	118 <test_print_local>
  d0:	b9400261 	ldr	w1, [x19]
  d4:	d290d400 	mov	x0, #0x86a0                	// #34464
  d8:	f2a00020 	movk	x0, #0x1, lsl #16
  dc:	d503201f 	nop
  e0:	f1000400 	subs	x0, x0, #0x1
  e4:	54ffffe1 	b.ne	e0 <task2_main+0xa8>  // b.any
  e8:	0b140021 	add	w1, w1, w20
  ec:	aa1603e0 	mov	x0, x22
  f0:	b90002a1 	str	w1, [x21]
  f4:	9400009f 	bl	370 <uart_puts>
  f8:	17fffff6 	b	d0 <task2_main+0x98>
  fc:	d503201f 	nop

0000000000000100 <task2_init>:
 100:	a9bf7bfd 	stp	x29, x30, [sp, #-16]!
 104:	d2800080 	mov	x0, #0x4                   	// #4
 108:	910003fd 	mov	x29, sp
 10c:	94000373 	bl	ed8 <task_suspend>
 110:	97ffffca 	bl	38 <task2_main>
 114:	00000000 	.inst	0x00000000 ; undefined

0000000000000118 <test_print_local>:
 118:	a9bc7bfd 	stp	x29, x30, [sp, #-64]!
 11c:	d0000001 	adrp	x1, 2000 <task2_header>
 120:	910003fd 	mov	x29, sp
 124:	a90153f3 	stp	x19, x20, [sp, #16]
 128:	90000013 	adrp	x19, 0 <tasklistitem>
 12c:	913e6273 	add	x19, x19, #0xf98
 130:	a9025bf5 	stp	x21, x22, [sp, #32]
 134:	9101c035 	add	x21, x1, #0x70
 138:	910022b6 	add	x22, x21, #0x8
 13c:	aa1303e0 	mov	x0, x19
 140:	f9003836 	str	x22, [x1, #112]
 144:	f9001bf7 	str	x23, [sp, #48]
 148:	9400008a 	bl	370 <uart_puts>
 14c:	910032b7 	add	x23, x21, #0xc
 150:	91008260 	add	x0, x19, #0x20
 154:	94000087 	bl	370 <uart_puts>
 158:	91012274 	add	x20, x19, #0x48
 15c:	aa1703e0 	mov	x0, x23
 160:	940000e4 	bl	4f0 <uart_u64hex_s>
 164:	aa1403e0 	mov	x0, x20
 168:	94000082 	bl	370 <uart_puts>
 16c:	91014260 	add	x0, x19, #0x50
 170:	94000080 	bl	370 <uart_puts>
 174:	aa1703e0 	mov	x0, x23
 178:	940000de 	bl	4f0 <uart_u64hex_s>
 17c:	aa1403e0 	mov	x0, x20
 180:	9400007c 	bl	370 <uart_puts>
 184:	9101e260 	add	x0, x19, #0x78
 188:	9400007a 	bl	370 <uart_puts>
 18c:	910042a0 	add	x0, x21, #0x10
 190:	940000d8 	bl	4f0 <uart_u64hex_s>
 194:	aa1403e0 	mov	x0, x20
 198:	94000076 	bl	370 <uart_puts>
 19c:	91028260 	add	x0, x19, #0xa0
 1a0:	94000074 	bl	370 <uart_puts>
 1a4:	aa1603e0 	mov	x0, x22
 1a8:	940000d2 	bl	4f0 <uart_u64hex_s>
 1ac:	aa1403e0 	mov	x0, x20
 1b0:	94000070 	bl	370 <uart_puts>
 1b4:	91032260 	add	x0, x19, #0xc8
 1b8:	9400006e 	bl	370 <uart_puts>
 1bc:	aa1603e0 	mov	x0, x22
 1c0:	940000cc 	bl	4f0 <uart_u64hex_s>
 1c4:	aa1403e0 	mov	x0, x20
 1c8:	9400006a 	bl	370 <uart_puts>
 1cc:	9103c260 	add	x0, x19, #0xf0
 1d0:	94000068 	bl	370 <uart_puts>
 1d4:	aa1503e0 	mov	x0, x21
 1d8:	940000c6 	bl	4f0 <uart_u64hex_s>
 1dc:	aa1403e0 	mov	x0, x20
 1e0:	a94153f3 	ldp	x19, x20, [sp, #16]
 1e4:	a9425bf5 	ldp	x21, x22, [sp, #32]
 1e8:	f9401bf7 	ldr	x23, [sp, #48]
 1ec:	a8c47bfd 	ldp	x29, x30, [sp], #64
 1f0:	14000060 	b	370 <uart_puts>
 1f4:	00000000 	.inst	0x00000000 ; undefined

00000000000001f8 <uart_init>:
 1f8:	a9b67bfd 	stp	x29, x30, [sp, #-160]!
 1fc:	d2900042 	mov	x2, #0x8002                	// #32770
 200:	f2a00062 	movk	x2, #0x3, lsl #16
 204:	910003fd 	mov	x29, sp
 208:	d2800101 	mov	x1, #0x8                   	// #8
 20c:	d2812000 	mov	x0, #0x900                 	// #2304
 210:	d2800483 	mov	x3, #0x24                  	// #36
 214:	f2c00182 	movk	x2, #0xc, lsl #32
 218:	f2c00041 	movk	x1, #0x2, lsl #32
 21c:	f2a007a0 	movk	x0, #0x3d, lsl #16
 220:	a9010be3 	stp	x3, x2, [sp, #16]
 224:	a90203e1 	stp	x1, x0, [sp, #32]
 228:	b90033ff 	str	wzr, [sp, #48]
 22c:	d5033fbf 	dmb	sy
 230:	d2800101 	mov	x1, #0x8                   	// #8
 234:	910043e0 	add	x0, sp, #0x10
 238:	9400025c 	bl	ba8 <mbox_call>
 23c:	3100041f 	cmn	w0, #0x1
 240:	54000780 	b.eq	330 <uart_init+0x138>  // b.none
 244:	d2800081 	mov	x1, #0x4                   	// #4
 248:	d2801283 	mov	x3, #0x94                  	// #148
 24c:	f2a7e401 	movk	x1, #0x3f20, lsl #16
 250:	f2a7e403 	movk	x3, #0x3f20, lsl #16
 254:	528012c0 	mov	w0, #0x96                  	// #150
 258:	b9400022 	ldr	w2, [x1]
 25c:	12117042 	and	w2, w2, #0xffff8fff
 260:	b9000022 	str	w2, [x1]
 264:	b9400022 	ldr	w2, [x1]
 268:	120e7042 	and	w2, w2, #0xfffc7fff
 26c:	b9000022 	str	w2, [x1]
 270:	b9400022 	ldr	w2, [x1]
 274:	32120042 	orr	w2, w2, #0x4000
 278:	b9000022 	str	w2, [x1]
 27c:	b9400022 	ldr	w2, [x1]
 280:	320f0042 	orr	w2, w2, #0x20000
 284:	b9000022 	str	w2, [x1]
 288:	b9400061 	ldr	w1, [x3]
 28c:	121e7421 	and	w1, w1, #0xfffffffc
 290:	b9000061 	str	w1, [x3]
 294:	d503201f 	nop
 298:	d503201f 	nop
 29c:	71000400 	subs	w0, w0, #0x1
 2a0:	54ffffc1 	b.ne	298 <uart_init+0xa0>  // b.any
 2a4:	d2801302 	mov	x2, #0x98                  	// #152
 2a8:	528012c0 	mov	w0, #0x96                  	// #150
 2ac:	f2a7e402 	movk	x2, #0x3f20, lsl #16
 2b0:	b9400041 	ldr	w1, [x2]
 2b4:	32120421 	orr	w1, w1, #0xc000
 2b8:	b9000041 	str	w1, [x2]
 2bc:	d503201f 	nop
 2c0:	d503201f 	nop
 2c4:	71000400 	subs	w0, w0, #0x1
 2c8:	54ffffc1 	b.ne	2c0 <uart_init+0xc8>  // b.any
 2cc:	d2801300 	mov	x0, #0x98                  	// #152
 2d0:	d2820001 	mov	x1, #0x1000                	// #4096
 2d4:	f2a7e400 	movk	x0, #0x3f20, lsl #16
 2d8:	f2a7e401 	movk	x1, #0x3f20, lsl #16
 2dc:	52800164 	mov	w4, #0xb                   	// #11
 2e0:	52806023 	mov	w3, #0x301                 	// #769
 2e4:	b900001f 	str	wzr, [x0]
 2e8:	52800000 	mov	w0, #0x0                   	// #0
 2ec:	b9404422 	ldr	w2, [x1, #68]
 2f0:	12155042 	and	w2, w2, #0xfffff800
 2f4:	b9004422 	str	w2, [x1, #68]
 2f8:	b9402422 	ldr	w2, [x1, #36]
 2fc:	12103c42 	and	w2, w2, #0xffff0000
 300:	321f0042 	orr	w2, w2, #0x2
 304:	b9002422 	str	w2, [x1, #36]
 308:	b9402822 	ldr	w2, [x1, #40]
 30c:	121b6842 	and	w2, w2, #0xffffffe0
 310:	2a040042 	orr	w2, w2, w4
 314:	b9002822 	str	w2, [x1, #40]
 318:	b9402c22 	ldr	w2, [x1, #44]
 31c:	321b0442 	orr	w2, w2, #0x60
 320:	b9002c22 	str	w2, [x1, #44]
 324:	b9403022 	ldr	w2, [x1, #48]
 328:	2a030042 	orr	w2, w2, w3
 32c:	b9003022 	str	w2, [x1, #48]
 330:	a8ca7bfd 	ldp	x29, x30, [sp], #160
 334:	d65f03c0 	ret

0000000000000338 <uart_send>:
 338:	d2820002 	mov	x2, #0x1000                	// #4096
 33c:	12001c00 	and	w0, w0, #0xff
 340:	f2a7e402 	movk	x2, #0x3f20, lsl #16
 344:	b9401841 	ldr	w1, [x2, #24]
 348:	362800a1 	tbz	w1, #5, 35c <uart_send+0x24>
 34c:	d503201f 	nop
 350:	d503201f 	nop
 354:	b9401841 	ldr	w1, [x2, #24]
 358:	372fffc1 	tbnz	w1, #5, 350 <uart_send+0x18>
 35c:	d2820001 	mov	x1, #0x1000                	// #4096
 360:	f2a7e401 	movk	x1, #0x3f20, lsl #16
 364:	b9000020 	str	w0, [x1]
 368:	d65f03c0 	ret
 36c:	d503201f 	nop

0000000000000370 <uart_puts>:
 370:	39400001 	ldrb	w1, [x0]
 374:	34000221 	cbz	w1, 3b8 <uart_puts+0x48>
 378:	d2820002 	mov	x2, #0x1000                	// #4096
 37c:	528001a4 	mov	w4, #0xd                   	// #13
 380:	f2a7e402 	movk	x2, #0x3f20, lsl #16
 384:	d503201f 	nop
 388:	7100283f 	cmp	w1, #0xa
 38c:	540001a0 	b.eq	3c0 <uart_puts+0x50>  // b.none
 390:	b9401841 	ldr	w1, [x2, #24]
 394:	39400003 	ldrb	w3, [x0]
 398:	362800a1 	tbz	w1, #5, 3ac <uart_puts+0x3c>
 39c:	d503201f 	nop
 3a0:	d503201f 	nop
 3a4:	b9401841 	ldr	w1, [x2, #24]
 3a8:	372fffc1 	tbnz	w1, #5, 3a0 <uart_puts+0x30>
 3ac:	b9000043 	str	w3, [x2]
 3b0:	38401c01 	ldrb	w1, [x0, #1]!
 3b4:	35fffea1 	cbnz	w1, 388 <uart_puts+0x18>
 3b8:	d65f03c0 	ret
 3bc:	d503201f 	nop
 3c0:	b9401841 	ldr	w1, [x2, #24]
 3c4:	372fffc1 	tbnz	w1, #5, 3bc <uart_puts+0x4c>
 3c8:	b9000044 	str	w4, [x2]
 3cc:	17fffff1 	b	390 <uart_puts+0x20>

00000000000003d0 <uart_nputs>:
 3d0:	34000281 	cbz	w1, 420 <uart_nputs+0x50>
 3d4:	51000424 	sub	w4, w1, #0x1
 3d8:	d2820002 	mov	x2, #0x1000                	// #4096
 3dc:	91000484 	add	x4, x4, #0x1
 3e0:	f2a7e402 	movk	x2, #0x3f20, lsl #16
 3e4:	8b040004 	add	x4, x0, x4
 3e8:	528001a5 	mov	w5, #0xd                   	// #13
 3ec:	d503201f 	nop
 3f0:	39400003 	ldrb	w3, [x0]
 3f4:	34000163 	cbz	w3, 420 <uart_nputs+0x50>
 3f8:	7100287f 	cmp	w3, #0xa
 3fc:	54000061 	b.ne	408 <uart_nputs+0x38>  // b.any
 400:	1400000a 	b	428 <uart_nputs+0x58>
 404:	d503201f 	nop
 408:	b9401841 	ldr	w1, [x2, #24]
 40c:	372fffc1 	tbnz	w1, #5, 404 <uart_nputs+0x34>
 410:	b9000043 	str	w3, [x2]
 414:	91000400 	add	x0, x0, #0x1
 418:	eb04001f 	cmp	x0, x4
 41c:	54fffea1 	b.ne	3f0 <uart_nputs+0x20>  // b.any
 420:	d65f03c0 	ret
 424:	d503201f 	nop
 428:	b9401841 	ldr	w1, [x2, #24]
 42c:	372fffc1 	tbnz	w1, #5, 424 <uart_nputs+0x54>
 430:	b9000045 	str	w5, [x2]
 434:	39400003 	ldrb	w3, [x0]
 438:	17fffff4 	b	408 <uart_nputs+0x38>
 43c:	d503201f 	nop

0000000000000440 <uart_tohex>:
 440:	12000c00 	and	w0, w0, #0xf
 444:	51000400 	sub	w0, w0, #0x1
 448:	12001c00 	and	w0, w0, #0xff
 44c:	7100381f 	cmp	w0, #0xe
 450:	540000c8 	b.hi	468 <uart_tohex+0x28>  // b.pmore
 454:	92401c00 	and	x0, x0, #0xff
 458:	b0000001 	adrp	x1, 1000 <__task_ro_beg+0xf8>
 45c:	9102c021 	add	x1, x1, #0xb0
 460:	38606820 	ldrb	w0, [x1, x0]
 464:	d65f03c0 	ret
 468:	52800600 	mov	w0, #0x30                  	// #48
 46c:	d65f03c0 	ret

0000000000000470 <uart_u64hex>:
 470:	aa0003e5 	mov	x5, x0
 474:	b0000006 	adrp	x6, 1000 <__task_ro_beg+0xf8>
 478:	9102c0c6 	add	x6, x6, #0xb0
 47c:	a9bf7bfd 	stp	x29, x30, [sp, #-16]!
 480:	910040c0 	add	x0, x6, #0x10
 484:	910003fd 	mov	x29, sp
 488:	97ffffba 	bl	370 <uart_puts>
 48c:	aa0603e0 	mov	x0, x6
 490:	d2820002 	mov	x2, #0x1000                	// #4096
 494:	52800783 	mov	w3, #0x3c                  	// #60
 498:	f2a7e402 	movk	x2, #0x3f20, lsl #16
 49c:	d503201f 	nop
 4a0:	9ac324a1 	lsr	x1, x5, x3
 4a4:	12000c21 	and	w1, w1, #0xf
 4a8:	51000421 	sub	w1, w1, #0x1
 4ac:	52800604 	mov	w4, #0x30                  	// #48
 4b0:	12001c21 	and	w1, w1, #0xff
 4b4:	7100383f 	cmp	w1, #0xe
 4b8:	540000a8 	b.hi	4cc <uart_u64hex+0x5c>  // b.pmore
 4bc:	92401c21 	and	x1, x1, #0xff
 4c0:	38616804 	ldrb	w4, [x0, x1]
 4c4:	14000002 	b	4cc <uart_u64hex+0x5c>
 4c8:	d503201f 	nop
 4cc:	b9401841 	ldr	w1, [x2, #24]
 4d0:	372fffc1 	tbnz	w1, #5, 4c8 <uart_u64hex+0x58>
 4d4:	b9000044 	str	w4, [x2]
 4d8:	51001063 	sub	w3, w3, #0x4
 4dc:	3100107f 	cmn	w3, #0x4
 4e0:	54fffe01 	b.ne	4a0 <uart_u64hex+0x30>  // b.any
 4e4:	a8c17bfd 	ldp	x29, x30, [sp], #16
 4e8:	d65f03c0 	ret
 4ec:	d503201f 	nop

00000000000004f0 <uart_u64hex_s>:
 4f0:	aa0003e6 	mov	x6, x0
 4f4:	b0000008 	adrp	x8, 1000 <__task_ro_beg+0xf8>
 4f8:	9102c107 	add	x7, x8, #0xb0
 4fc:	a9bf7bfd 	stp	x29, x30, [sp, #-16]!
 500:	910040e0 	add	x0, x7, #0x10
 504:	910003fd 	mov	x29, sp
 508:	97ffff9a 	bl	370 <uart_puts>
 50c:	d2820002 	mov	x2, #0x1000                	// #4096
 510:	52800783 	mov	w3, #0x3c                  	// #60
 514:	52800005 	mov	w5, #0x0                   	// #0
 518:	f2a7e402 	movk	x2, #0x3f20, lsl #16
 51c:	d503201f 	nop
 520:	520000a4 	eor	w4, w5, #0x1
 524:	9ac324c1 	lsr	x1, x6, x3
 528:	72001c21 	ands	w1, w1, #0xff
 52c:	52800005 	mov	w5, #0x0                   	// #0
 530:	1a9f0084 	csel	w4, w4, wzr, eq  // eq = none
 534:	350001e4 	cbnz	w4, 570 <uart_u64hex_s+0x80>
 538:	12000c21 	and	w1, w1, #0xf
 53c:	52800600 	mov	w0, #0x30                  	// #48
 540:	51000421 	sub	w1, w1, #0x1
 544:	12001c21 	and	w1, w1, #0xff
 548:	7100383f 	cmp	w1, #0xe
 54c:	540000a8 	b.hi	560 <uart_u64hex_s+0x70>  // b.pmore
 550:	92401c21 	and	x1, x1, #0xff
 554:	386168e0 	ldrb	w0, [x7, x1]
 558:	14000002 	b	560 <uart_u64hex_s+0x70>
 55c:	d503201f 	nop
 560:	b9401841 	ldr	w1, [x2, #24]
 564:	372fffc1 	tbnz	w1, #5, 55c <uart_u64hex_s+0x6c>
 568:	52800025 	mov	w5, #0x1                   	// #1
 56c:	b9000040 	str	w0, [x2]
 570:	71001063 	subs	w3, w3, #0x4
 574:	54fffd61 	b.ne	520 <uart_u64hex_s+0x30>  // b.any
 578:	12000cc0 	and	w0, w6, #0xf
 57c:	52800602 	mov	w2, #0x30                  	// #48
 580:	51000400 	sub	w0, w0, #0x1
 584:	12001c00 	and	w0, w0, #0xff
 588:	7100381f 	cmp	w0, #0xe
 58c:	54000088 	b.hi	59c <uart_u64hex_s+0xac>  // b.pmore
 590:	9102c108 	add	x8, x8, #0xb0
 594:	92401c00 	and	x0, x0, #0xff
 598:	38606902 	ldrb	w2, [x8, x0]
 59c:	d2820001 	mov	x1, #0x1000                	// #4096
 5a0:	f2a7e401 	movk	x1, #0x3f20, lsl #16
 5a4:	b9401820 	ldr	w0, [x1, #24]
 5a8:	362800a0 	tbz	w0, #5, 5bc <uart_u64hex_s+0xcc>
 5ac:	d503201f 	nop
 5b0:	d503201f 	nop
 5b4:	b9401820 	ldr	w0, [x1, #24]
 5b8:	372fffc0 	tbnz	w0, #5, 5b0 <uart_u64hex_s+0xc0>
 5bc:	d2820000 	mov	x0, #0x1000                	// #4096
 5c0:	f2a7e400 	movk	x0, #0x3f20, lsl #16
 5c4:	b9000002 	str	w2, [x0]
 5c8:	a8c17bfd 	ldp	x29, x30, [sp], #16
 5cc:	d65f03c0 	ret

00000000000005d0 <mmu_print_range>:
 5d0:	a9bc7bfd 	stp	x29, x30, [sp, #-64]!
 5d4:	910003fd 	mov	x29, sp
 5d8:	a90153f3 	stp	x19, x20, [sp, #16]
 5dc:	aa0203f4 	mov	x20, x2
 5e0:	b0000013 	adrp	x19, 1000 <__task_ro_beg+0xf8>
 5e4:	91032273 	add	x19, x19, #0xc8
 5e8:	a9025bf5 	stp	x21, x22, [sp, #32]
 5ec:	d1000456 	sub	x22, x2, #0x1
 5f0:	aa0003f5 	mov	x21, x0
 5f4:	f9001bf7 	str	x23, [sp, #48]
 5f8:	aa0103f7 	mov	x23, x1
 5fc:	97ffff9d 	bl	470 <uart_u64hex>
 600:	aa1303e0 	mov	x0, x19
 604:	97ffff5b 	bl	370 <uart_puts>
 608:	aa1703e0 	mov	x0, x23
 60c:	97ffff99 	bl	470 <uart_u64hex>
 610:	91002260 	add	x0, x19, #0x8
 614:	97ffff57 	bl	370 <uart_puts>
 618:	8b1502c0 	add	x0, x22, x21
 61c:	9ad40800 	udiv	x0, x0, x20
 620:	97ffff94 	bl	470 <uart_u64hex>
 624:	aa1303e0 	mov	x0, x19
 628:	97ffff52 	bl	370 <uart_puts>
 62c:	8b1702c0 	add	x0, x22, x23
 630:	9ad40800 	udiv	x0, x0, x20
 634:	97ffff8f 	bl	470 <uart_u64hex>
 638:	91004260 	add	x0, x19, #0x10
 63c:	a94153f3 	ldp	x19, x20, [sp, #16]
 640:	a9425bf5 	ldp	x21, x22, [sp, #32]
 644:	f9401bf7 	ldr	x23, [sp, #48]
 648:	a8c47bfd 	ldp	x29, x30, [sp], #64
 64c:	17ffff49 	b	370 <uart_puts>

0000000000000650 <mmu_enable_level_3_table_rw_blks>:
 650:	8b020022 	add	x2, x1, x2
 654:	eb02003f 	cmp	x1, x2
 658:	540001c2 	b.cs	690 <mmu_enable_level_3_table_rw_blks+0x40>  // b.hs, b.nlast
 65c:	d0000004 	adrp	x4, 2000 <task2_header>
 660:	8b002423 	add	x3, x1, x0, lsl #9
 664:	d280e0e5 	mov	x5, #0x707                 	// #1799
 668:	f9402884 	ldr	x4, [x4, #80]
 66c:	f2e00405 	movk	x5, #0x20, lsl #48
 670:	8b0130a0 	add	x0, x5, x1, lsl #12
 674:	8b0230a2 	add	x2, x5, x2, lsl #12
 678:	8b030c81 	add	x1, x4, x3, lsl #3
 67c:	d503201f 	nop
 680:	f8008420 	str	x0, [x1], #8
 684:	91400400 	add	x0, x0, #0x1, lsl #12
 688:	eb02001f 	cmp	x0, x2
 68c:	54ffffa1 	b.ne	680 <mmu_enable_level_3_table_rw_blks+0x30>  // b.any
 690:	d65f03c0 	ret
 694:	d503201f 	nop

0000000000000698 <mmu_enable_level_3_table_rox_blks>:
 698:	8b020022 	add	x2, x1, x2
 69c:	eb02003f 	cmp	x1, x2
 6a0:	540001c2 	b.cs	6d8 <mmu_enable_level_3_table_rox_blks+0x40>  // b.hs, b.nlast
 6a4:	d0000004 	adrp	x4, 2000 <task2_header>
 6a8:	8b002423 	add	x3, x1, x0, lsl #9
 6ac:	d374cc20 	lsl	x0, x1, #12
 6b0:	d374cc42 	lsl	x2, x2, #12
 6b4:	f9402881 	ldr	x1, [x4, #80]
 6b8:	911e1c00 	add	x0, x0, #0x787
 6bc:	911e1c42 	add	x2, x2, #0x787
 6c0:	8b030c21 	add	x1, x1, x3, lsl #3
 6c4:	d503201f 	nop
 6c8:	f8008420 	str	x0, [x1], #8
 6cc:	91400400 	add	x0, x0, #0x1, lsl #12
 6d0:	eb02001f 	cmp	x0, x2
 6d4:	54ffffa1 	b.ne	6c8 <mmu_enable_level_3_table_rox_blks+0x30>  // b.any
 6d8:	d65f03c0 	ret
 6dc:	d503201f 	nop

00000000000006e0 <mmu_enable_level_3_table>:
 6e0:	a9ba7bfd 	stp	x29, x30, [sp, #-96]!
 6e4:	910003fd 	mov	x29, sp
 6e8:	a9046bf9 	stp	x25, x26, [sp, #64]
 6ec:	913ffc39 	add	x25, x1, #0xfff
 6f0:	913ffc5a 	add	x26, x2, #0xfff
 6f4:	a9025bf5 	stp	x21, x22, [sp, #32]
 6f8:	aa0003f5 	mov	x21, x0
 6fc:	aa0103f6 	mov	x22, x1
 700:	a90363f7 	stp	x23, x24, [sp, #48]
 704:	b0000018 	adrp	x24, 1000 <__task_ro_beg+0xf8>
 708:	aa0203f7 	mov	x23, x2
 70c:	f9002bfb 	str	x27, [sp, #80]
 710:	9103231b 	add	x27, x24, #0xc8
 714:	91006360 	add	x0, x27, #0x18
 718:	a90153f3 	stp	x19, x20, [sp, #16]
 71c:	d34cff34 	lsr	x20, x25, #12
 720:	97ffff14 	bl	370 <uart_puts>
 724:	8b5a3293 	add	x19, x20, x26, lsr #12
 728:	f13fff3f 	cmp	x25, #0xfff
 72c:	d36aa6b9 	lsl	x25, x21, #22
 730:	540008a8 	b.hi	844 <mmu_enable_level_3_table+0x164>  // b.pmore
 734:	f13fff5f 	cmp	x26, #0xfff
 738:	54000568 	b.hi	7e4 <mmu_enable_level_3_table+0x104>  // b.pmore
 73c:	f108027f 	cmp	x19, #0x200
 740:	54000101 	b.ne	760 <mmu_enable_level_3_table+0x80>  // b.any
 744:	a94153f3 	ldp	x19, x20, [sp, #16]
 748:	a9425bf5 	ldp	x21, x22, [sp, #32]
 74c:	a94363f7 	ldp	x23, x24, [sp, #48]
 750:	a9446bf9 	ldp	x25, x26, [sp, #64]
 754:	f9402bfb 	ldr	x27, [sp, #80]
 758:	a8c67bfd 	ldp	x29, x30, [sp], #96
 75c:	d65f03c0 	ret
 760:	91032318 	add	x24, x24, #0xc8
 764:	91014300 	add	x0, x24, #0x50
 768:	97ffff02 	bl	370 <uart_puts>
 76c:	91480321 	add	x1, x25, #0x200, lsl #12
 770:	d2820002 	mov	x2, #0x1000                	// #4096
 774:	8b1702c0 	add	x0, x22, x23
 778:	8b190000 	add	x0, x0, x25
 77c:	97ffff95 	bl	5d0 <mmu_print_range>
 780:	91016300 	add	x0, x24, #0x58
 784:	97fffefb 	bl	370 <uart_puts>
 788:	f107fe7f 	cmp	x19, #0x1ff
 78c:	54fffdc8 	b.hi	744 <mmu_enable_level_3_table+0x64>  // b.pmore
 790:	d0000001 	adrp	x1, 2000 <task2_header>
 794:	8b152675 	add	x21, x19, x21, lsl #9
 798:	d280e0e0 	mov	x0, #0x707                 	// #1799
 79c:	b20b03e2 	mov	x2, #0x20000000200000      	// #9007199256838144
 7a0:	f9402821 	ldr	x1, [x1, #80]
 7a4:	f2e00400 	movk	x0, #0x20, lsl #48
 7a8:	8b133000 	add	x0, x0, x19, lsl #12
 7ac:	f280e0e2 	movk	x2, #0x707
 7b0:	8b150c21 	add	x1, x1, x21, lsl #3
 7b4:	d503201f 	nop
 7b8:	f8008420 	str	x0, [x1], #8
 7bc:	91400400 	add	x0, x0, #0x1, lsl #12
 7c0:	eb02001f 	cmp	x0, x2
 7c4:	54ffffa1 	b.ne	7b8 <mmu_enable_level_3_table+0xd8>  // b.any
 7c8:	a94153f3 	ldp	x19, x20, [sp, #16]
 7cc:	a9425bf5 	ldp	x21, x22, [sp, #32]
 7d0:	a94363f7 	ldp	x23, x24, [sp, #48]
 7d4:	a9446bf9 	ldp	x25, x26, [sp, #64]
 7d8:	f9402bfb 	ldr	x27, [sp, #80]
 7dc:	a8c67bfd 	ldp	x29, x30, [sp], #96
 7e0:	d65f03c0 	ret
 7e4:	9103231a 	add	x26, x24, #0xc8
 7e8:	91018340 	add	x0, x26, #0x60
 7ec:	97fffee1 	bl	370 <uart_puts>
 7f0:	8b160320 	add	x0, x25, x22
 7f4:	d2820002 	mov	x2, #0x1000                	// #4096
 7f8:	8b170001 	add	x1, x0, x23
 7fc:	97ffff75 	bl	5d0 <mmu_print_range>
 800:	91016340 	add	x0, x26, #0x58
 804:	97fffedb 	bl	370 <uart_puts>
 808:	eb14027f 	cmp	x19, x20
 80c:	54fff989 	b.ls	73c <mmu_enable_level_3_table+0x5c>  // b.plast
 810:	d0000002 	adrp	x2, 2000 <task2_header>
 814:	8b152680 	add	x0, x20, x21, lsl #9
 818:	d374ce83 	lsl	x3, x20, #12
 81c:	d374ce61 	lsl	x1, x19, #12
 820:	f9402842 	ldr	x2, [x2, #80]
 824:	911e1c63 	add	x3, x3, #0x787
 828:	911e1c21 	add	x1, x1, #0x787
 82c:	8b000c40 	add	x0, x2, x0, lsl #3
 830:	f8008403 	str	x3, [x0], #8
 834:	91400463 	add	x3, x3, #0x1, lsl #12
 838:	eb01007f 	cmp	x3, x1
 83c:	54ffffa1 	b.ne	830 <mmu_enable_level_3_table+0x150>  // b.any
 840:	17ffffbf 	b	73c <mmu_enable_level_3_table+0x5c>
 844:	91014360 	add	x0, x27, #0x50
 848:	97fffeca 	bl	370 <uart_puts>
 84c:	8b160321 	add	x1, x25, x22
 850:	d2820002 	mov	x2, #0x1000                	// #4096
 854:	aa1903e0 	mov	x0, x25
 858:	97ffff5e 	bl	5d0 <mmu_print_range>
 85c:	91016360 	add	x0, x27, #0x58
 860:	97fffec4 	bl	370 <uart_puts>
 864:	b4fff694 	cbz	x20, 734 <mmu_enable_level_3_table+0x54>
 868:	d0000001 	adrp	x1, 2000 <task2_header>
 86c:	d280e0e0 	mov	x0, #0x707                 	// #1799
 870:	f2e00400 	movk	x0, #0x20, lsl #48
 874:	f9402821 	ldr	x1, [x1, #80]
 878:	8b143002 	add	x2, x0, x20, lsl #12
 87c:	8b153021 	add	x1, x1, x21, lsl #12
 880:	f8008420 	str	x0, [x1], #8
 884:	91400400 	add	x0, x0, #0x1, lsl #12
 888:	eb02001f 	cmp	x0, x2
 88c:	54ffffa1 	b.ne	880 <mmu_enable_level_3_table+0x1a0>  // b.any
 890:	17ffffa9 	b	734 <mmu_enable_level_3_table+0x54>
 894:	d503201f 	nop

0000000000000898 <mmu_enable_level_2_table>:
 898:	a9bb7bfd 	stp	x29, x30, [sp, #-80]!
 89c:	910003fd 	mov	x29, sp
 8a0:	a90153f3 	stp	x19, x20, [sp, #16]
 8a4:	aa0003f3 	mov	x19, x0
 8a8:	b0000014 	adrp	x20, 1000 <__task_ro_beg+0xf8>
 8ac:	91032294 	add	x20, x20, #0xc8
 8b0:	a9025bf5 	stp	x21, x22, [sp, #32]
 8b4:	9101a280 	add	x0, x20, #0x68
 8b8:	a90363f7 	stp	x23, x24, [sp, #48]
 8bc:	aa0103f8 	mov	x24, x1
 8c0:	d280e0b7 	mov	x23, #0x705                 	// #1797
 8c4:	f90023f9 	str	x25, [sp, #64]
 8c8:	97fffeaa 	bl	370 <uart_puts>
 8cc:	d36aa679 	lsl	x25, x19, #22
 8d0:	91014280 	add	x0, x20, #0x50
 8d4:	97fffea7 	bl	370 <uart_puts>
 8d8:	f2e00417 	movk	x23, #0x20, lsl #48
 8dc:	91480321 	add	x1, x25, #0x200, lsl #12
 8e0:	d2a00402 	mov	x2, #0x200000              	// #2097152
 8e4:	aa1903e0 	mov	x0, x25
 8e8:	97ffff3a 	bl	5d0 <mmu_print_range>
 8ec:	91016280 	add	x0, x20, #0x58
 8f0:	cb1902f7 	sub	x23, x23, x25
 8f4:	97fffe9f 	bl	370 <uart_puts>
 8f8:	91024296 	add	x22, x20, #0x90
 8fc:	d0000002 	adrp	x2, 2000 <task2_header>
 900:	d0000001 	adrp	x1, 2000 <task2_header>
 904:	d369a260 	lsl	x0, x19, #23
 908:	d2800015 	mov	x21, #0x0                   	// #0
 90c:	f9402842 	ldr	x2, [x2, #80]
 910:	91480019 	add	x25, x0, #0x200, lsl #12
 914:	f9402021 	ldr	x1, [x1, #64]
 918:	eb15031f 	cmp	x24, x21
 91c:	8b133042 	add	x2, x2, x19, lsl #12
 920:	91000c54 	add	x20, x2, #0x3
 924:	8b131033 	add	x19, x1, x19, lsl #4
 928:	8b0002e1 	add	x1, x23, x0
 92c:	54000200 	b.eq	96c <mmu_enable_level_2_table+0xd4>  // b.none
 930:	f9000261 	str	x1, [x19]
 934:	aa1903e0 	mov	x0, x25
 938:	91002273 	add	x19, x19, #0x8
 93c:	b40000f5 	cbz	x21, 958 <mmu_enable_level_2_table+0xc0>
 940:	a94153f3 	ldp	x19, x20, [sp, #16]
 944:	a9425bf5 	ldp	x21, x22, [sp, #32]
 948:	a94363f7 	ldp	x23, x24, [sp, #48]
 94c:	f94023f9 	ldr	x25, [sp, #64]
 950:	a8c57bfd 	ldp	x29, x30, [sp], #80
 954:	d65f03c0 	ret
 958:	d2800035 	mov	x21, #0x1                   	// #1
 95c:	91480019 	add	x25, x0, #0x200, lsl #12
 960:	8b0002e1 	add	x1, x23, x0
 964:	eb15031f 	cmp	x24, x21
 968:	54fffe41 	b.ne	930 <mmu_enable_level_2_table+0x98>  // b.any
 96c:	aa1903e1 	mov	x1, x25
 970:	d2a00402 	mov	x2, #0x200000              	// #2097152
 974:	97ffff17 	bl	5d0 <mmu_print_range>
 978:	aa1603e0 	mov	x0, x22
 97c:	97fffe7d 	bl	370 <uart_puts>
 980:	f9000274 	str	x20, [x19]
 984:	17ffffec 	b	934 <mmu_enable_level_2_table+0x9c>

0000000000000988 <mmu_enable>:
 988:	a9bd7bfd 	stp	x29, x30, [sp, #-48]!
 98c:	910003fd 	mov	x29, sp
 990:	a90153f3 	stp	x19, x20, [sp, #16]
 994:	f90013f5 	str	x21, [sp, #32]
 998:	aa0103f5 	mov	x21, x1
 99c:	d29fe081 	mov	x1, #0xff04                	// #65284
 9a0:	d518a201 	msr	mair_el1, x1
 9a4:	b40001b5 	cbz	x21, 9d8 <mmu_enable+0x50>
 9a8:	aa0003f4 	mov	x20, x0
 9ac:	d2800013 	mov	x19, #0x0                   	// #0
 9b0:	aa1303e0 	mov	x0, x19
 9b4:	d2800021 	mov	x1, #0x1                   	// #1
 9b8:	97ffffb8 	bl	898 <mmu_enable_level_2_table>
 9bc:	f9400682 	ldr	x2, [x20, #8]
 9c0:	aa1303e0 	mov	x0, x19
 9c4:	f8410681 	ldr	x1, [x20], #16
 9c8:	91000673 	add	x19, x19, #0x1
 9cc:	97ffff45 	bl	6e0 <mmu_enable_level_3_table>
 9d0:	eb1302bf 	cmp	x21, x19
 9d4:	54fffee1 	b.ne	9b0 <mmu_enable+0x28>  // b.any
 9d8:	b0000013 	adrp	x19, 1000 <__task_ro_beg+0xf8>
 9dc:	91032273 	add	x19, x19, #0xc8
 9e0:	9102a260 	add	x0, x19, #0xa8
 9e4:	97fffe63 	bl	370 <uart_puts>
 9e8:	d2a00402 	mov	x2, #0x200000              	// #2097152
 9ec:	d2a80001 	mov	x1, #0x40000000            	// #1073741824
 9f0:	d2a7e000 	mov	x0, #0x3f000000            	// #1056964608
 9f4:	97fffef7 	bl	5d0 <mmu_print_range>
 9f8:	91016260 	add	x0, x19, #0x58
 9fc:	97fffe5d 	bl	370 <uart_puts>
 a00:	d0000000 	adrp	x0, 2000 <task2_header>
 a04:	d280c028 	mov	x8, #0x601                 	// #1537
 a08:	d280c027 	mov	x7, #0x601                 	// #1537
 a0c:	d280c026 	mov	x6, #0x601                 	// #1537
 a10:	f9402000 	ldr	x0, [x0, #64]
 a14:	d280c025 	mov	x5, #0x601                 	// #1537
 a18:	d280c024 	mov	x4, #0x601                 	// #1537
 a1c:	d280c023 	mov	x3, #0x601                 	// #1537
 a20:	913f0009 	add	x9, x0, #0xfc0
 a24:	913f800a 	add	x10, x0, #0xfe0
 a28:	d280c022 	mov	x2, #0x601                 	// #1537
 a2c:	d280c021 	mov	x1, #0x601                 	// #1537
 a30:	f2a7e008 	movk	x8, #0x3f00, lsl #16
 a34:	f2a7e407 	movk	x7, #0x3f20, lsl #16
 a38:	f2a7e806 	movk	x6, #0x3f40, lsl #16
 a3c:	f2a7ec05 	movk	x5, #0x3f60, lsl #16
 a40:	f2a7f004 	movk	x4, #0x3f80, lsl #16
 a44:	f2a7f403 	movk	x3, #0x3fa0, lsl #16
 a48:	f2a7f802 	movk	x2, #0x3fc0, lsl #16
 a4c:	f2a7fc01 	movk	x1, #0x3fe0, lsl #16
 a50:	f2e00408 	movk	x8, #0x20, lsl #48
 a54:	f2e00407 	movk	x7, #0x20, lsl #48
 a58:	f2e00406 	movk	x6, #0x20, lsl #48
 a5c:	f2e00405 	movk	x5, #0x20, lsl #48
 a60:	f2e00404 	movk	x4, #0x20, lsl #48
 a64:	f2e00403 	movk	x3, #0x20, lsl #48
 a68:	f2e00402 	movk	x2, #0x20, lsl #48
 a6c:	f2e00401 	movk	x1, #0x20, lsl #48
 a70:	a94153f3 	ldp	x19, x20, [sp, #16]
 a74:	f94013f5 	ldr	x21, [sp, #32]
 a78:	a9001d28 	stp	x8, x7, [x9]
 a7c:	a9000d44 	stp	x4, x3, [x10]
 a80:	a9011526 	stp	x6, x5, [x9, #16]
 a84:	a9010542 	stp	x2, x1, [x10, #16]
 a88:	a8c37bfd 	ldp	x29, x30, [sp], #48
 a8c:	d65f03c0 	ret

0000000000000a90 <timer_init_core0>:
 a90:	9e630000 	ucvtf	d0, x0
 a94:	d2c80001 	mov	x1, #0x400000000000        	// #70368744177664
 a98:	f2e811e1 	movk	x1, #0x408f, lsl #48
 a9c:	9e670022 	fmov	d2, x1
 aa0:	d2c9f001 	mov	x1, #0x4f8000000000        	// #87411174408192
 aa4:	d2800685 	mov	x5, #0x34                  	// #52
 aa8:	f2e83041 	movk	x1, #0x4182, lsl #48
 aac:	9e670021 	fmov	d1, x1
 ab0:	1e621800 	fdiv	d0, d0, d2
 ab4:	d2800481 	mov	x1, #0x24                  	// #36
 ab8:	f2a80001 	movk	x1, #0x4000, lsl #16
 abc:	f2a80005 	movk	x5, #0x4000, lsl #16
 ac0:	d2800803 	mov	x3, #0x40                  	// #64
 ac4:	52a60006 	mov	w6, #0x30000000            	// #805306368
 ac8:	f2a80003 	movk	x3, #0x4000, lsl #16
 acc:	b900003f 	str	wzr, [x1]
 ad0:	52800044 	mov	w4, #0x2                   	// #2
 ad4:	52b80002 	mov	w2, #0xc0000000            	// #-1073741824
 ad8:	1e610800 	fmul	d0, d0, d1
 adc:	9e790000 	fcvtzu	x0, d0
 ae0:	0b060000 	add	w0, w0, w6
 ae4:	b90000a0 	str	w0, [x5]
 ae8:	b9000064 	str	w4, [x3]
 aec:	b9001422 	str	w2, [x1, #20]
 af0:	d65f03c0 	ret
 af4:	d503201f 	nop

0000000000000af8 <timer_one_shot_sys>:
 af8:	d2860002 	mov	x2, #0x3000                	// #12288
 afc:	f100041f 	cmp	x0, #0x1
 b00:	f2a7e002 	movk	x2, #0x3f00, lsl #16
 b04:	b9400440 	ldr	w0, [x2, #4]
 b08:	0b010000 	add	w0, w0, w1
 b0c:	540000a0 	b.eq	b20 <timer_one_shot_sys+0x28>  // b.none
 b10:	b9001840 	str	w0, [x2, #24]
 b14:	52800100 	mov	w0, #0x8                   	// #8
 b18:	b9000040 	str	w0, [x2]
 b1c:	d65f03c0 	ret
 b20:	b9001040 	str	w0, [x2, #16]
 b24:	52800040 	mov	w0, #0x2                   	// #2
 b28:	b9000040 	str	w0, [x2]
 b2c:	d65f03c0 	ret

0000000000000b30 <timer_delay_sys>:
 b30:	d2860003 	mov	x3, #0x3000                	// #12288
 b34:	f100041f 	cmp	x0, #0x1
 b38:	f2a7e003 	movk	x3, #0x3f00, lsl #16
 b3c:	b9400460 	ldr	w0, [x3, #4]
 b40:	0b010000 	add	w0, w0, w1
 b44:	54000100 	b.eq	b64 <timer_delay_sys+0x34>  // b.none
 b48:	aa0303e2 	mov	x2, x3
 b4c:	b9001860 	str	w0, [x3, #24]
 b50:	52800100 	mov	w0, #0x8                   	// #8
 b54:	b9000060 	str	w0, [x3]
 b58:	b9400040 	ldr	w0, [x2]
 b5c:	361fffe0 	tbz	w0, #3, b58 <timer_delay_sys+0x28>
 b60:	d65f03c0 	ret
 b64:	aa0303e1 	mov	x1, x3
 b68:	b9001060 	str	w0, [x3, #16]
 b6c:	52800040 	mov	w0, #0x2                   	// #2
 b70:	b9000060 	str	w0, [x3]
 b74:	d503201f 	nop
 b78:	b9400020 	ldr	w0, [x1]
 b7c:	360fffe0 	tbz	w0, #1, b78 <timer_delay_sys+0x48>
 b80:	d65f03c0 	ret
 b84:	00000000 	.inst	0x00000000 ; undefined

0000000000000b88 <irq_enable_system_timer>:
 b88:	d2964001 	mov	x1, #0xb200                	// #45568
 b8c:	f100041f 	cmp	x0, #0x1
 b90:	f2a7e001 	movk	x1, #0x3f00, lsl #16
 b94:	52800082 	mov	w2, #0x4                   	// #4
 b98:	52800040 	mov	w0, #0x2                   	// #2
 b9c:	1a820000 	csel	w0, w0, w2, eq  // eq = none
 ba0:	b9001020 	str	w0, [x1, #16]
 ba4:	d65f03c0 	ret

0000000000000ba8 <mbox_call>:
 ba8:	d2971003 	mov	x3, #0xb880                	// #47232
 bac:	f2a7e003 	movk	x3, #0x3f00, lsl #16
 bb0:	b9401862 	ldr	w2, [x3, #24]
 bb4:	36f80082 	tbz	w2, #31, bc4 <mbox_call+0x1c>
 bb8:	d503201f 	nop
 bbc:	b9401862 	ldr	w2, [x3, #24]
 bc0:	37ffffc2 	tbnz	w2, #31, bb8 <mbox_call+0x10>
 bc4:	d2971003 	mov	x3, #0xb880                	// #47232
 bc8:	2a0003e2 	mov	w2, w0
 bcc:	f2a7e003 	movk	x3, #0x3f00, lsl #16
 bd0:	52b00005 	mov	w5, #0x80000000            	// #-2147483648
 bd4:	33000c22 	bfxil	w2, w1, #0, #4
 bd8:	aa0303e1 	mov	x1, x3
 bdc:	b9002062 	str	w2, [x3, #32]
 be0:	320107e4 	mov	w4, #0x80000001            	// #-2147483647
 be4:	b9400403 	ldr	w3, [x0, #4]
 be8:	b9401820 	ldr	w0, [x1, #24]
 bec:	37f00140 	tbnz	w0, #30, c14 <mbox_call+0x6c>
 bf0:	b9400020 	ldr	w0, [x1]
 bf4:	6b00005f 	cmp	w2, w0
 bf8:	54ffff81 	b.ne	be8 <mbox_call+0x40>  // b.any
 bfc:	6b05007f 	cmp	w3, w5
 c00:	540000e0 	b.eq	c1c <mbox_call+0x74>  // b.none
 c04:	6b04007f 	cmp	w3, w4
 c08:	54ffff01 	b.ne	be8 <mbox_call+0x40>  // b.any
 c0c:	12800000 	mov	w0, #0xffffffff            	// #-1
 c10:	d65f03c0 	ret
 c14:	d503201f 	nop
 c18:	17fffff4 	b	be8 <mbox_call+0x40>
 c1c:	52800000 	mov	w0, #0x0                   	// #0
 c20:	d65f03c0 	ret
 c24:	00000000 	.inst	0x00000000 ; undefined

0000000000000c28 <task_get_list_item>:
 c28:	d36aa400 	lsl	x0, x0, #22
 c2c:	d28a8921 	mov	x1, #0x5449                	// #21577
 c30:	91480000 	add	x0, x0, #0x200, lsl #12
 c34:	f2a9a8a1 	movk	x1, #0x4d45, lsl #16
 c38:	f9400002 	ldr	x2, [x0]
 c3c:	eb01005f 	cmp	x2, x1
 c40:	54000041 	b.ne	c48 <task_get_list_item+0x20>  // b.any
 c44:	d65f03c0 	ret
 c48:	a9bf7bfd 	stp	x29, x30, [sp, #-16]!
 c4c:	b0000000 	adrp	x0, 1000 <__task_ro_beg+0xf8>
 c50:	9106a000 	add	x0, x0, #0x1a8
 c54:	910003fd 	mov	x29, sp
 c58:	97fffdc6 	bl	370 <uart_puts>
 c5c:	d2800000 	mov	x0, #0x0                   	// #0
 c60:	a8c17bfd 	ldp	x29, x30, [sp], #16
 c64:	d65f03c0 	ret

0000000000000c68 <task_get_header>:
 c68:	d36aa401 	lsl	x1, x0, #22
 c6c:	a9bf7bfd 	stp	x29, x30, [sp, #-16]!
 c70:	91480021 	add	x1, x1, #0x200, lsl #12
 c74:	910003fd 	mov	x29, sp
 c78:	d28a8922 	mov	x2, #0x5449                	// #21577
 c7c:	f9400020 	ldr	x0, [x1]
 c80:	f2a9a8a2 	movk	x2, #0x4d45, lsl #16
 c84:	eb02001f 	cmp	x0, x2
 c88:	540001e1 	b.ne	cc4 <task_get_header+0x5c>  // b.any
 c8c:	f9400822 	ldr	x2, [x1, #16]
 c90:	d2882a83 	mov	x3, #0x4154                	// #16724
 c94:	f2a96a63 	movk	x3, #0x4b53, lsl #16
 c98:	8b020020 	add	x0, x1, x2
 c9c:	f8626821 	ldr	x1, [x1, x2]
 ca0:	eb03003f 	cmp	x1, x3
 ca4:	540000c0 	b.eq	cbc <task_get_header+0x54>  // b.none
 ca8:	b0000000 	adrp	x0, 1000 <__task_ro_beg+0xf8>
 cac:	9106a000 	add	x0, x0, #0x1a8
 cb0:	9100c000 	add	x0, x0, #0x30
 cb4:	97fffdaf 	bl	370 <uart_puts>
 cb8:	d2800000 	mov	x0, #0x0                   	// #0
 cbc:	a8c17bfd 	ldp	x29, x30, [sp], #16
 cc0:	d65f03c0 	ret
 cc4:	b0000000 	adrp	x0, 1000 <__task_ro_beg+0xf8>
 cc8:	9106a000 	add	x0, x0, #0x1a8
 ccc:	97fffda9 	bl	370 <uart_puts>
 cd0:	d2800000 	mov	x0, #0x0                   	// #0
 cd4:	f9400800 	ldr	x0, [x0, #16]
 cd8:	d4207d00 	brk	#0x3e8
 cdc:	d503201f 	nop

0000000000000ce0 <task_header_rebase>:
 ce0:	a9bc7bfd 	stp	x29, x30, [sp, #-64]!
 ce4:	d28a8921 	mov	x1, #0x5449                	// #21577
 ce8:	f2a9a8a1 	movk	x1, #0x4d45, lsl #16
 cec:	910003fd 	mov	x29, sp
 cf0:	a90153f3 	stp	x19, x20, [sp, #16]
 cf4:	d36aa413 	lsl	x19, x0, #22
 cf8:	91480273 	add	x19, x19, #0x200, lsl #12
 cfc:	a9025bf5 	stp	x21, x22, [sp, #32]
 d00:	aa0003f6 	mov	x22, x0
 d04:	f9400260 	ldr	x0, [x19]
 d08:	f9001bf7 	str	x23, [sp, #48]
 d0c:	eb01001f 	cmp	x0, x1
 d10:	540006a1 	b.ne	de4 <task_header_rebase+0x104>  // b.any
 d14:	f9400a60 	ldr	x0, [x19, #16]
 d18:	d2882a81 	mov	x1, #0x4154                	// #16724
 d1c:	f2a96a61 	movk	x1, #0x4b53, lsl #16
 d20:	8b000274 	add	x20, x19, x0
 d24:	f8606a60 	ldr	x0, [x19, x0]
 d28:	eb01001f 	cmp	x0, x1
 d2c:	54000681 	b.ne	dfc <task_header_rebase+0x11c>  // b.any
 d30:	b0000015 	adrp	x21, 1000 <__task_ro_beg+0xf8>
 d34:	9106a2b5 	add	x21, x21, #0x1a8
 d38:	910182a0 	add	x0, x21, #0x60
 d3c:	97fffd8d 	bl	370 <uart_puts>
 d40:	aa1603e0 	mov	x0, x22
 d44:	97fffdeb 	bl	4f0 <uart_u64hex_s>
 d48:	910242a0 	add	x0, x21, #0x90
 d4c:	97fffd89 	bl	370 <uart_puts>
 d50:	910282b6 	add	x22, x21, #0xa0
 d54:	aa1303e0 	mov	x0, x19
 d58:	97fffde6 	bl	4f0 <uart_u64hex_s>
 d5c:	910342b7 	add	x23, x21, #0xd0
 d60:	aa1603e0 	mov	x0, x22
 d64:	97fffd83 	bl	370 <uart_puts>
 d68:	9102a2a0 	add	x0, x21, #0xa8
 d6c:	97fffd81 	bl	370 <uart_puts>
 d70:	f9401280 	ldr	x0, [x20, #32]
 d74:	97fffddf 	bl	4f0 <uart_u64hex_s>
 d78:	aa1703e0 	mov	x0, x23
 d7c:	97fffd7d 	bl	370 <uart_puts>
 d80:	f9401280 	ldr	x0, [x20, #32]
 d84:	8b130000 	add	x0, x0, x19
 d88:	97fffdda 	bl	4f0 <uart_u64hex_s>
 d8c:	aa1603e0 	mov	x0, x22
 d90:	97fffd78 	bl	370 <uart_puts>
 d94:	910362a0 	add	x0, x21, #0xd8
 d98:	97fffd76 	bl	370 <uart_puts>
 d9c:	f9401680 	ldr	x0, [x20, #40]
 da0:	97fffdd4 	bl	4f0 <uart_u64hex_s>
 da4:	aa1703e0 	mov	x0, x23
 da8:	97fffd72 	bl	370 <uart_puts>
 dac:	f9401680 	ldr	x0, [x20, #40]
 db0:	8b130000 	add	x0, x0, x19
 db4:	97fffdcf 	bl	4f0 <uart_u64hex_s>
 db8:	aa1603e0 	mov	x0, x22
 dbc:	97fffd6d 	bl	370 <uart_puts>
 dc0:	a9420281 	ldp	x1, x0, [x20, #32]
 dc4:	a9425bf5 	ldp	x21, x22, [sp, #32]
 dc8:	f9401bf7 	ldr	x23, [sp, #48]
 dcc:	8b130021 	add	x1, x1, x19
 dd0:	8b130013 	add	x19, x0, x19
 dd4:	a9024e81 	stp	x1, x19, [x20, #32]
 dd8:	a94153f3 	ldp	x19, x20, [sp, #16]
 ddc:	a8c47bfd 	ldp	x29, x30, [sp], #64
 de0:	d65f03c0 	ret
 de4:	b0000000 	adrp	x0, 1000 <__task_ro_beg+0xf8>
 de8:	9106a000 	add	x0, x0, #0x1a8
 dec:	97fffd61 	bl	370 <uart_puts>
 df0:	d2800000 	mov	x0, #0x0                   	// #0
 df4:	f9400800 	ldr	x0, [x0, #16]
 df8:	d4207d00 	brk	#0x3e8
 dfc:	b0000014 	adrp	x20, 1000 <__task_ro_beg+0xf8>
 e00:	9106a294 	add	x20, x20, #0x1a8
 e04:	9100c280 	add	x0, x20, #0x30
 e08:	97fffd5a 	bl	370 <uart_puts>
 e0c:	91018280 	add	x0, x20, #0x60
 e10:	97fffd58 	bl	370 <uart_puts>
 e14:	aa1603e0 	mov	x0, x22
 e18:	97fffdb6 	bl	4f0 <uart_u64hex_s>
 e1c:	91024280 	add	x0, x20, #0x90
 e20:	97fffd54 	bl	370 <uart_puts>
 e24:	aa1303e0 	mov	x0, x19
 e28:	97fffdb2 	bl	4f0 <uart_u64hex_s>
 e2c:	91028280 	add	x0, x20, #0xa0
 e30:	97fffd50 	bl	370 <uart_puts>
 e34:	9102a280 	add	x0, x20, #0xa8
 e38:	97fffd4e 	bl	370 <uart_puts>
 e3c:	d2800000 	mov	x0, #0x0                   	// #0
 e40:	f9401000 	ldr	x0, [x0, #32]
 e44:	d4207d00 	brk	#0x3e8

0000000000000e48 <task_bss_zero>:
 e48:	a9bd7bfd 	stp	x29, x30, [sp, #-48]!
 e4c:	910003fd 	mov	x29, sp
 e50:	a90153f3 	stp	x19, x20, [sp, #16]
 e54:	d36aa413 	lsl	x19, x0, #22
 e58:	91480273 	add	x19, x19, #0x200, lsl #12
 e5c:	f9401274 	ldr	x20, [x19, #32]
 e60:	f90013f5 	str	x21, [sp, #32]
 e64:	b0000015 	adrp	x21, 1000 <__task_ro_beg+0xf8>
 e68:	9106a2b5 	add	x21, x21, #0x1a8
 e6c:	910422a0 	add	x0, x21, #0x108
 e70:	97fffd40 	bl	370 <uart_puts>
 e74:	f9401260 	ldr	x0, [x19, #32]
 e78:	8b140274 	add	x20, x19, x20
 e7c:	8b000260 	add	x0, x19, x0
 e80:	97fffd9c 	bl	4f0 <uart_u64hex_s>
 e84:	9104a2a0 	add	x0, x21, #0x128
 e88:	97fffd3a 	bl	370 <uart_puts>
 e8c:	f9401660 	ldr	x0, [x19, #40]
 e90:	8b000260 	add	x0, x19, x0
 e94:	97fffd97 	bl	4f0 <uart_u64hex_s>
 e98:	910282a0 	add	x0, x21, #0xa0
 e9c:	97fffd35 	bl	370 <uart_puts>
 ea0:	a9420660 	ldp	x0, x1, [x19, #32]
 ea4:	eb00003f 	cmp	x1, x0
 ea8:	54000100 	b.eq	ec8 <task_bss_zero+0x80>  // b.none
 eac:	d2800000 	mov	x0, #0x0                   	// #0
 eb0:	38206a9f 	strb	wzr, [x20, x0]
 eb4:	91000400 	add	x0, x0, #0x1
 eb8:	a9420662 	ldp	x2, x1, [x19, #32]
 ebc:	cb020021 	sub	x1, x1, x2
 ec0:	eb00003f 	cmp	x1, x0
 ec4:	54ffff68 	b.hi	eb0 <task_bss_zero+0x68>  // b.pmore
 ec8:	a94153f3 	ldp	x19, x20, [sp, #16]
 ecc:	f94013f5 	ldr	x21, [sp, #32]
 ed0:	a8c37bfd 	ldp	x29, x30, [sp], #48
 ed4:	d65f03c0 	ret

0000000000000ed8 <task_suspend>:
 ed8:	aa0003e0 	mov	x0, x0
 edc:	d4000021 	svc	#0x1
 ee0:	d65f03c0 	ret
 ee4:	d503201f 	nop

0000000000000ee8 <task_sleep>:
 ee8:	aa0003e0 	mov	x0, x0
 eec:	d4000041 	svc	#0x2
 ef0:	d65f03c0 	ret
 ef4:	d503201f 	nop

0000000000000ef8 <task_priority_set>:
 ef8:	8b018001 	add	x1, x0, x1, lsl #32
 efc:	aa0103e0 	mov	x0, x1
 f00:	d4000061 	svc	#0x3
 f04:	d65f03c0 	ret
